;  LST file generated by mikroListExporter - v.2.0 
; Date/Time: 31/08/2020 18:21:20
;----------------------------------------------

;Address Opcode 	ASM
0x0000	0xF002EFFB  	GOTO        1526
0x0004	0x0000      	NOP
0x0006	0x0000      	NOP
0x0008	0xF002EFED  	GOTO        1498
0x000C	0x0000      	NOP
0x000E	0x0000      	NOP
0x0010	0x0000      	NOP
0x0012	0x0000      	NOP
0x0014	0x0000      	NOP
0x0016	0x0000      	NOP
0x0018	0xF002EFC8  	GOTO        1424
_Delay_1us:
;__Lib_Delays.c,7 :: 		void Delay_1us() {
;__Lib_Delays.c,8 :: 		Delay_us(1);
0x001C	0x0000      	NOP
0x001E	0x0000      	NOP
0x0020	0x0000      	NOP
0x0022	0x0000      	NOP
0x0024	0x0000      	NOP
;__Lib_Delays.c,9 :: 		}
L_end_Delay_1us:
0x0026	0x0012      	RETURN      0
; end of _Delay_1us
_Delay_5500us:
;__Lib_Delays.c,31 :: 		void Delay_5500us() {
;__Lib_Delays.c,32 :: 		Delay_us(5500);
0x0028	0x0E24      	MOVLW       36
0x002A	0x6E0C      	MOVWF       R12, 0
0x002C	0x0EB5      	MOVLW       181
0x002E	0x6E0D      	MOVWF       R13, 0
L_Delay_5500us5:
0x0030	0x2E0D      	DECFSZ      R13, 1, 0
0x0032	0xD7FE      	BRA         L_Delay_5500us5
0x0034	0x2E0C      	DECFSZ      R12, 1, 0
0x0036	0xD7FC      	BRA         L_Delay_5500us5
0x0038	0x0000      	NOP
0x003A	0x0000      	NOP
;__Lib_Delays.c,33 :: 		}
L_end_Delay_5500us:
0x003C	0x0012      	RETURN      0
; end of _Delay_5500us
_Delay_50us:
;__Lib_Delays.c,19 :: 		void Delay_50us() {
;__Lib_Delays.c,20 :: 		Delay_us(50);
0x003E	0x0E53      	MOVLW       83
0x0040	0x6E0D      	MOVWF       R13, 0
L_Delay_50us2:
0x0042	0x2E0D      	DECFSZ      R13, 1, 0
0x0044	0xD7FE      	BRA         L_Delay_50us2
;__Lib_Delays.c,21 :: 		}
L_end_Delay_50us:
0x0046	0x0012      	RETURN      0
; end of _Delay_50us
_Lcd_Cmd:
;__Lib_Lcd.c,18 :: 		
;__Lib_Lcd.c,20 :: 		
0x0048	0xBE5B      	BTFSC       FARG_Lcd_Cmd_out_char, 7 
0x004A	0xD002      	BRA         L__Lcd_Cmd21
0x004C	0x9681      	BCF         LCD_D7, BitPos(LCD_D7+0) 
0x004E	0xD001      	BRA         L__Lcd_Cmd22
L__Lcd_Cmd21:
0x0050	0x8681      	BSF         LCD_D7, BitPos(LCD_D7+0) 
L__Lcd_Cmd22:
;__Lib_Lcd.c,21 :: 		
0x0052	0xBC5B      	BTFSC       FARG_Lcd_Cmd_out_char, 6 
0x0054	0xD002      	BRA         L__Lcd_Cmd23
0x0056	0x9481      	BCF         LCD_D6, BitPos(LCD_D6+0) 
0x0058	0xD001      	BRA         L__Lcd_Cmd24
L__Lcd_Cmd23:
0x005A	0x8481      	BSF         LCD_D6, BitPos(LCD_D6+0) 
L__Lcd_Cmd24:
;__Lib_Lcd.c,22 :: 		
0x005C	0xBA5B      	BTFSC       FARG_Lcd_Cmd_out_char, 5 
0x005E	0xD002      	BRA         L__Lcd_Cmd25
0x0060	0x9281      	BCF         LCD_D5, BitPos(LCD_D5+0) 
0x0062	0xD001      	BRA         L__Lcd_Cmd26
L__Lcd_Cmd25:
0x0064	0x8281      	BSF         LCD_D5, BitPos(LCD_D5+0) 
L__Lcd_Cmd26:
;__Lib_Lcd.c,23 :: 		
0x0066	0xB85B      	BTFSC       FARG_Lcd_Cmd_out_char, 4 
0x0068	0xD002      	BRA         L__Lcd_Cmd27
0x006A	0x9081      	BCF         LCD_D4, BitPos(LCD_D4+0) 
0x006C	0xD001      	BRA         L__Lcd_Cmd28
L__Lcd_Cmd27:
0x006E	0x8081      	BSF         LCD_D4, BitPos(LCD_D4+0) 
L__Lcd_Cmd28:
;__Lib_Lcd.c,25 :: 		
0x0070	0xB64A      	BTFSC       __Lib_Lcd_cmd_status, BitPos(__Lib_Lcd_cmd_status+0) 
0x0072	0xD002      	BRA         L__Lcd_Cmd29
0x0074	0x8C83      	BSF         LCD_RS, BitPos(LCD_RS+0) 
0x0076	0xD001      	BRA         L__Lcd_Cmd30
L__Lcd_Cmd29:
0x0078	0x9C83      	BCF         LCD_RS, BitPos(LCD_RS+0) 
L__Lcd_Cmd30:
;__Lib_Lcd.c,28 :: 		
0x007A	0x8E83      	BSF         LCD_EN, BitPos(LCD_EN+0) 
;__Lib_Lcd.c,29 :: 		
0x007C	0xDFCF      	RCALL       _Delay_1us
;__Lib_Lcd.c,30 :: 		
0x007E	0x9E83      	BCF         LCD_EN, BitPos(LCD_EN+0) 
;__Lib_Lcd.c,33 :: 		
0x0080	0xB65B      	BTFSC       FARG_Lcd_Cmd_out_char, 3 
0x0082	0xD002      	BRA         L__Lcd_Cmd31
0x0084	0x9681      	BCF         LCD_D7, BitPos(LCD_D7+0) 
0x0086	0xD001      	BRA         L__Lcd_Cmd32
L__Lcd_Cmd31:
0x0088	0x8681      	BSF         LCD_D7, BitPos(LCD_D7+0) 
L__Lcd_Cmd32:
;__Lib_Lcd.c,34 :: 		
0x008A	0xB45B      	BTFSC       FARG_Lcd_Cmd_out_char, 2 
0x008C	0xD002      	BRA         L__Lcd_Cmd33
0x008E	0x9481      	BCF         LCD_D6, BitPos(LCD_D6+0) 
0x0090	0xD001      	BRA         L__Lcd_Cmd34
L__Lcd_Cmd33:
0x0092	0x8481      	BSF         LCD_D6, BitPos(LCD_D6+0) 
L__Lcd_Cmd34:
;__Lib_Lcd.c,35 :: 		
0x0094	0xB25B      	BTFSC       FARG_Lcd_Cmd_out_char, 1 
0x0096	0xD002      	BRA         L__Lcd_Cmd35
0x0098	0x9281      	BCF         LCD_D5, BitPos(LCD_D5+0) 
0x009A	0xD001      	BRA         L__Lcd_Cmd36
L__Lcd_Cmd35:
0x009C	0x8281      	BSF         LCD_D5, BitPos(LCD_D5+0) 
L__Lcd_Cmd36:
;__Lib_Lcd.c,36 :: 		
0x009E	0xB05B      	BTFSC       FARG_Lcd_Cmd_out_char, 0 
0x00A0	0xD002      	BRA         L__Lcd_Cmd37
0x00A2	0x9081      	BCF         LCD_D4, BitPos(LCD_D4+0) 
0x00A4	0xD001      	BRA         L__Lcd_Cmd38
L__Lcd_Cmd37:
0x00A6	0x8081      	BSF         LCD_D4, BitPos(LCD_D4+0) 
L__Lcd_Cmd38:
;__Lib_Lcd.c,38 :: 		
0x00A8	0xB64A      	BTFSC       __Lib_Lcd_cmd_status, BitPos(__Lib_Lcd_cmd_status+0) 
0x00AA	0xD002      	BRA         L__Lcd_Cmd39
0x00AC	0x8C83      	BSF         LCD_RS, BitPos(LCD_RS+0) 
0x00AE	0xD001      	BRA         L__Lcd_Cmd40
L__Lcd_Cmd39:
0x00B0	0x9C83      	BCF         LCD_RS, BitPos(LCD_RS+0) 
L__Lcd_Cmd40:
;__Lib_Lcd.c,40 :: 		
0x00B2	0x8E83      	BSF         LCD_EN, BitPos(LCD_EN+0) 
;__Lib_Lcd.c,41 :: 		
0x00B4	0xDFB3      	RCALL       _Delay_1us
;__Lib_Lcd.c,42 :: 		
0x00B6	0x9E83      	BCF         LCD_EN, BitPos(LCD_EN+0) 
;__Lib_Lcd.c,44 :: 		
0x00B8	0xA64A      	BTFSS       __Lib_Lcd_cmd_status, BitPos(__Lib_Lcd_cmd_status+0) 
0x00BA	0xD002      	BRA         L_Lcd_Cmd0
;__Lib_Lcd.c,45 :: 		
0x00BC	0xDFB5      	RCALL       _Delay_5500us
0x00BE	0xD001      	BRA         L_Lcd_Cmd1
L_Lcd_Cmd0:
;__Lib_Lcd.c,47 :: 		
0x00C0	0xDFBE      	RCALL       _Delay_50us
L_Lcd_Cmd1:
;__Lib_Lcd.c,48 :: 		
L_end_Lcd_Cmd:
0x00C2	0x0012      	RETURN      0
; end of _Lcd_Cmd
_Lcd_Chr_CP:
;__Lib_Lcd.c,50 :: 		
;__Lib_Lcd.c,52 :: 		
0x00C4	0x964A      	BCF         __Lib_Lcd_cmd_status, BitPos(__Lib_Lcd_cmd_status+0) 
;__Lib_Lcd.c,53 :: 		
0x00C6	0xF05BC05A  	MOVFF       FARG_Lcd_Chr_CP_out_char, FARG_Lcd_Cmd_out_char
0x00CA	0xDFBE      	RCALL       _Lcd_Cmd
;__Lib_Lcd.c,54 :: 		
0x00CC	0x864A      	BSF         __Lib_Lcd_cmd_status, BitPos(__Lib_Lcd_cmd_status+0) 
;__Lib_Lcd.c,55 :: 		
L_end_Lcd_Chr_CP:
0x00CE	0x0012      	RETURN      0
; end of _Lcd_Chr_CP
_Delay_500us:
;__Lib_Delays.c,27 :: 		void Delay_500us() {
;__Lib_Delays.c,28 :: 		Delay_us(498);
0x00D0	0x0E04      	MOVLW       4
0x00D2	0x6E0C      	MOVWF       R12, 0
0x00D4	0x0E3A      	MOVLW       58
0x00D6	0x6E0D      	MOVWF       R13, 0
L_Delay_500us4:
0x00D8	0x2E0D      	DECFSZ      R13, 1, 0
0x00DA	0xD7FE      	BRA         L_Delay_500us4
0x00DC	0x2E0C      	DECFSZ      R12, 1, 0
0x00DE	0xD7FC      	BRA         L_Delay_500us4
0x00E0	0x0000      	NOP
;__Lib_Delays.c,29 :: 		}
L_end_Delay_500us:
0x00E2	0x0012      	RETURN      0
; end of _Delay_500us
_Lcd_Chr:
;__Lib_Lcd.c,65 :: 		
;__Lib_Lcd.c,66 :: 		
0x00E4	0xD00F      	BRA         L_Lcd_Chr4
;__Lib_Lcd.c,67 :: 		
L_Lcd_Chr6:
0x00E6	0x0E80      	MOVLW       128
0x00E8	0x6E55      	MOVWF       FARG_Lcd_Chr_row 
0x00EA	0xD019      	BRA         L_Lcd_Chr5
;__Lib_Lcd.c,68 :: 		
L_Lcd_Chr7:
0x00EC	0x0EC0      	MOVLW       192
0x00EE	0x6E55      	MOVWF       FARG_Lcd_Chr_row 
0x00F0	0xD016      	BRA         L_Lcd_Chr5
;__Lib_Lcd.c,69 :: 		
L_Lcd_Chr8:
0x00F2	0x0E94      	MOVLW       148
0x00F4	0x6E55      	MOVWF       FARG_Lcd_Chr_row 
0x00F6	0xD013      	BRA         L_Lcd_Chr5
;__Lib_Lcd.c,70 :: 		
L_Lcd_Chr9:
0x00F8	0x0ED4      	MOVLW       212
0x00FA	0x6E55      	MOVWF       FARG_Lcd_Chr_row 
0x00FC	0xD010      	BRA         L_Lcd_Chr5
;__Lib_Lcd.c,71 :: 		
L_Lcd_Chr10:
0x00FE	0x0E80      	MOVLW       128
0x0100	0x6E55      	MOVWF       FARG_Lcd_Chr_row 
;__Lib_Lcd.c,72 :: 		
0x0102	0xD00D      	BRA         L_Lcd_Chr5
L_Lcd_Chr4:
0x0104	0x5055      	MOVF        FARG_Lcd_Chr_row, 0 
0x0106	0x0A01      	XORLW       1
0x0108	0xE0EE      	BZ          L_Lcd_Chr6
0x010A	0x5055      	MOVF        FARG_Lcd_Chr_row, 0 
0x010C	0x0A02      	XORLW       2
0x010E	0xE0EE      	BZ          L_Lcd_Chr7
0x0110	0x5055      	MOVF        FARG_Lcd_Chr_row, 0 
0x0112	0x0A03      	XORLW       3
0x0114	0xE0EE      	BZ          L_Lcd_Chr8
0x0116	0x5055      	MOVF        FARG_Lcd_Chr_row, 0 
0x0118	0x0A04      	XORLW       4
0x011A	0xE0EE      	BZ          L_Lcd_Chr9
0x011C	0xD7F0      	BRA         L_Lcd_Chr10
L_Lcd_Chr5:
;__Lib_Lcd.c,74 :: 		
0x011E	0x0456      	DECF        FARG_Lcd_Chr_column, 0 
0x0120	0x6E00      	MOVWF       R0 
0x0122	0x5055      	MOVF        FARG_Lcd_Chr_row, 0 
0x0124	0x2600      	ADDWF       R0, 1 
0x0126	0xF055C000  	MOVFF       R0, FARG_Lcd_Chr_row
;__Lib_Lcd.c,76 :: 		
0x012A	0x864A      	BSF         __Lib_Lcd_cmd_status, BitPos(__Lib_Lcd_cmd_status+0) 
;__Lib_Lcd.c,77 :: 		
0x012C	0xF05BC000  	MOVFF       R0, FARG_Lcd_Cmd_out_char
0x0130	0xDF8B      	RCALL       _Lcd_Cmd
;__Lib_Lcd.c,79 :: 		
0x0132	0x964A      	BCF         __Lib_Lcd_cmd_status, BitPos(__Lib_Lcd_cmd_status+0) 
;__Lib_Lcd.c,80 :: 		
0x0134	0xF05BC057  	MOVFF       FARG_Lcd_Chr_out_char, FARG_Lcd_Cmd_out_char
0x0138	0xDF87      	RCALL       _Lcd_Cmd
;__Lib_Lcd.c,81 :: 		
0x013A	0x864A      	BSF         __Lib_Lcd_cmd_status, BitPos(__Lib_Lcd_cmd_status+0) 
;__Lib_Lcd.c,82 :: 		
L_end_Lcd_Chr:
0x013C	0x0012      	RETURN      0
; end of _Lcd_Chr
_Mul_16X16_U:
;__Lib_Math.c,440 :: 		
;__Lib_Math.c,447 :: 		
0x013E	0x6A0B      	CLRF        R11, 0
;__Lib_Math.c,448 :: 		
0x0140	0x6A0A      	CLRF        R10, 0
;__Lib_Math.c,449 :: 		
0x0142	0x6A09      	CLRF        R9, 0
;__Lib_Math.c,450 :: 		
0x0144	0x5000      	MOVF        R0, 0, 0
;__Lib_Math.c,451 :: 		
0x0146	0x0204      	MULWF       R4, 0
;__Lib_Math.c,453 :: 		
0x0148	0xF009CFF4  	MOVFF       PRODH, R9
;__Lib_Math.c,454 :: 		
0x014C	0xF008CFF3  	MOVFF       PRODL, R8
;__Lib_Math.c,455 :: 		
0x0150	0x5001      	MOVF        R1, 0, 0
;__Lib_Math.c,456 :: 		
0x0152	0x0205      	MULWF       R5, 0
;__Lib_Math.c,458 :: 		
0x0154	0xF00BCFF4  	MOVFF       PRODH, R11
;__Lib_Math.c,459 :: 		
0x0158	0xF00ACFF3  	MOVFF       PRODL, R10
;__Lib_Math.c,460 :: 		
0x015C	0x5000      	MOVF        R0, 0, 0
;__Lib_Math.c,461 :: 		
0x015E	0x0205      	MULWF       R5, 0
;__Lib_Math.c,463 :: 		
0x0160	0x50F3      	MOVF        PRODL, 0, 0
;__Lib_Math.c,464 :: 		
0x0162	0x2609      	ADDWF       R9, 1, 0
;__Lib_Math.c,465 :: 		
0x0164	0x50F4      	MOVF        PRODH, 0, 0
;__Lib_Math.c,466 :: 		
0x0166	0x220A      	ADDWFC      R10, 1, 0
;__Lib_Math.c,467 :: 		
0x0168	0x6AE8      	CLRF        WREG, 0
;__Lib_Math.c,468 :: 		
0x016A	0x220B      	ADDWFC      R11, 1, 0
;__Lib_Math.c,469 :: 		
0x016C	0x5001      	MOVF        R1, 0, 0
;__Lib_Math.c,470 :: 		
0x016E	0x0204      	MULWF       R4, 0
;__Lib_Math.c,472 :: 		
0x0170	0x50F3      	MOVF        PRODL, 0, 0
;__Lib_Math.c,473 :: 		
0x0172	0x2609      	ADDWF       R9, 1, 0
;__Lib_Math.c,474 :: 		
0x0174	0x50F4      	MOVF        PRODH, 0, 0
;__Lib_Math.c,475 :: 		
0x0176	0x220A      	ADDWFC      R10, 1, 0
;__Lib_Math.c,476 :: 		
0x0178	0x6AE8      	CLRF        WREG, 0
;__Lib_Math.c,477 :: 		
0x017A	0x220B      	ADDWFC      R11, 1, 0
;__Lib_Math.c,479 :: 		
0x017C	0xF000C008  	MOVFF       R8, R0
;__Lib_Math.c,480 :: 		
0x0180	0xF001C009  	MOVFF       R9, R1
;__Lib_Math.c,481 :: 		
0x0184	0xF002C00A  	MOVFF       R10, R2
;__Lib_Math.c,482 :: 		
0x0188	0xF003C00B  	MOVFF       R11, R3
;__Lib_Math.c,485 :: 		
L_end_Mul_16X16_U:
0x018C	0x0012      	RETURN      0
; end of _Mul_16X16_U
_Button:
;__Lib_Button.c,6 :: 		
;__Lib_Button.c,8 :: 		
0x018E	0x6A5D      	CLRF        Button_rslt_L0 
;__Lib_Button.c,11 :: 		
0x0190	0xF001C063  	MOVFF       FARG_Button_pin, R1
0x0194	0x0E01      	MOVLW       1
0x0196	0x6E00      	MOVWF       R0 
0x0198	0x5001      	MOVF        R1, 0 
L__Button5:
0x019A	0xE004      	BZ          L__Button6
0x019C	0x3600      	RLCF        R0, 1 
0x019E	0x9000      	BCF         R0, 0 
0x01A0	0x0FFF      	ADDLW       255
0x01A2	0xD7FB      	BRA         L__Button5
L__Button6:
0x01A4	0xF05CC000  	MOVFF       R0, Button_pMask_L0
;__Lib_Button.c,13 :: 		
0x01A8	0xFFE9C061  	MOVFF       FARG_Button_port, FSR0L
0x01AC	0xFFEAC062  	MOVFF       FARG_Button_port+1, FSR0H
0x01B0	0x5000      	MOVF        R0, 0 
0x01B2	0x14EE      	ANDWF       POSTINC0, 0 
0x01B4	0x6E01      	MOVWF       R1 
0x01B6	0x5201      	MOVF        R1, 1 
0x01B8	0x0E01      	MOVLW       1
0x01BA	0xA4D8      	BTFSS       STATUS, 2 
0x01BC	0x0E00      	MOVLW       0
0x01BE	0x6E00      	MOVWF       R0 
0x01C0	0x0100      	MOVLB       0
0x01C2	0x5165      	MOVF        FARG_Button_active_state, 0, 1
0x01C4	0x1A00      	XORWF       R0, 1 
0x01C6	0xE018      	BZ          L_Button0
;__Lib_Button.c,15 :: 		
L_Button1:
0x01C8	0x5164      	MOVF        FARG_Button_time_ms, 0, 1
0x01CA	0x0800      	SUBLW       0
0x01CC	0xE204      	BC          L_Button2
;__Lib_Button.c,16 :: 		
0x01CE	0xDF80      	RCALL       _Delay_500us
;__Lib_Button.c,17 :: 		
0x01D0	0xDF7F      	RCALL       _Delay_500us
;__Lib_Button.c,18 :: 		
0x01D2	0x0764      	DECF        FARG_Button_time_ms, 1, 1
;__Lib_Button.c,19 :: 		
0x01D4	0xD7F9      	BRA         L_Button1
L_Button2:
;__Lib_Button.c,21 :: 		
0x01D6	0xFFE9C061  	MOVFF       FARG_Button_port, FSR0L
0x01DA	0xFFEAC062  	MOVFF       FARG_Button_port+1, FSR0H
0x01DE	0x505C      	MOVF        Button_pMask_L0, 0 
0x01E0	0x14EE      	ANDWF       POSTINC0, 0 
0x01E2	0x6E01      	MOVWF       R1 
0x01E4	0x5201      	MOVF        R1, 1 
0x01E6	0x0E01      	MOVLW       1
0x01E8	0xA4D8      	BTFSS       STATUS, 2 
0x01EA	0x0E00      	MOVLW       0
0x01EC	0x6E00      	MOVWF       R0 
0x01EE	0x5165      	MOVF        FARG_Button_active_state, 0, 1
0x01F0	0x1A00      	XORWF       R0, 1 
0x01F2	0xE002      	BZ          L_Button3
;__Lib_Button.c,22 :: 		
0x01F4	0x0EFF      	MOVLW       255
0x01F6	0x6E5D      	MOVWF       Button_rslt_L0 
L_Button3:
;__Lib_Button.c,23 :: 		
L_Button0:
;__Lib_Button.c,25 :: 		
0x01F8	0xF000C05D  	MOVFF       Button_rslt_L0, R0
;__Lib_Button.c,26 :: 		
L_end_Button:
0x01FC	0x0012      	RETURN      0
; end of _Button
_Lcd_Out:
;__Lib_Lcd.c,184 :: 		
;__Lib_Lcd.c,187 :: 		
0x01FE	0xD00F      	BRA         L_Lcd_Out11
;__Lib_Lcd.c,188 :: 		
L_Lcd_Out13:
0x0200	0x0E80      	MOVLW       128
0x0202	0x6E55      	MOVWF       FARG_Lcd_Out_row 
0x0204	0xD019      	BRA         L_Lcd_Out12
;__Lib_Lcd.c,189 :: 		
L_Lcd_Out14:
0x0206	0x0EC0      	MOVLW       192
0x0208	0x6E55      	MOVWF       FARG_Lcd_Out_row 
0x020A	0xD016      	BRA         L_Lcd_Out12
;__Lib_Lcd.c,190 :: 		
L_Lcd_Out15:
0x020C	0x0E94      	MOVLW       148
0x020E	0x6E55      	MOVWF       FARG_Lcd_Out_row 
0x0210	0xD013      	BRA         L_Lcd_Out12
;__Lib_Lcd.c,191 :: 		
L_Lcd_Out16:
0x0212	0x0ED4      	MOVLW       212
0x0214	0x6E55      	MOVWF       FARG_Lcd_Out_row 
0x0216	0xD010      	BRA         L_Lcd_Out12
;__Lib_Lcd.c,192 :: 		
L_Lcd_Out17:
0x0218	0x0E80      	MOVLW       128
0x021A	0x6E55      	MOVWF       FARG_Lcd_Out_row 
;__Lib_Lcd.c,193 :: 		
0x021C	0xD00D      	BRA         L_Lcd_Out12
L_Lcd_Out11:
0x021E	0x5055      	MOVF        FARG_Lcd_Out_row, 0 
0x0220	0x0A01      	XORLW       1
0x0222	0xE0EE      	BZ          L_Lcd_Out13
0x0224	0x5055      	MOVF        FARG_Lcd_Out_row, 0 
0x0226	0x0A02      	XORLW       2
0x0228	0xE0EE      	BZ          L_Lcd_Out14
0x022A	0x5055      	MOVF        FARG_Lcd_Out_row, 0 
0x022C	0x0A03      	XORLW       3
0x022E	0xE0EE      	BZ          L_Lcd_Out15
0x0230	0x5055      	MOVF        FARG_Lcd_Out_row, 0 
0x0232	0x0A04      	XORLW       4
0x0234	0xE0EE      	BZ          L_Lcd_Out16
0x0236	0xD7F0      	BRA         L_Lcd_Out17
L_Lcd_Out12:
;__Lib_Lcd.c,194 :: 		
0x0238	0x0456      	DECF        FARG_Lcd_Out_column, 0 
0x023A	0x6E00      	MOVWF       R0 
0x023C	0x5055      	MOVF        FARG_Lcd_Out_row, 0 
0x023E	0x2600      	ADDWF       R0, 1 
0x0240	0xF055C000  	MOVFF       R0, FARG_Lcd_Out_row
;__Lib_Lcd.c,196 :: 		
0x0244	0xF05BC000  	MOVFF       R0, FARG_Lcd_Cmd_out_char
0x0248	0xDEFF      	RCALL       _Lcd_Cmd
;__Lib_Lcd.c,197 :: 		
0x024A	0x964A      	BCF         __Lib_Lcd_cmd_status, BitPos(__Lib_Lcd_cmd_status+0) 
;__Lib_Lcd.c,198 :: 		
0x024C	0x6A59      	CLRF        Lcd_Out_i_L0 
;__Lib_Lcd.c,199 :: 		
L_Lcd_Out18:
0x024E	0x5059      	MOVF        Lcd_Out_i_L0, 0 
0x0250	0x2457      	ADDWF       FARG_Lcd_Out_text, 0 
0x0252	0x6EE9      	MOVWF       FSR0L 
0x0254	0x0E00      	MOVLW       0
0x0256	0x2058      	ADDWFC      FARG_Lcd_Out_text+1, 0 
0x0258	0x6EEA      	MOVWF       FSR0H 
0x025A	0x52EE      	MOVF        POSTINC0, 1 
0x025C	0xE00B      	BZ          L_Lcd_Out19
;__Lib_Lcd.c,200 :: 		
0x025E	0x5059      	MOVF        Lcd_Out_i_L0, 0 
0x0260	0x2457      	ADDWF       FARG_Lcd_Out_text, 0 
0x0262	0x6EE9      	MOVWF       FSR0L 
0x0264	0x0E00      	MOVLW       0
0x0266	0x2058      	ADDWFC      FARG_Lcd_Out_text+1, 0 
0x0268	0x6EEA      	MOVWF       FSR0H 
0x026A	0xF05ACFEE  	MOVFF       POSTINC0, FARG_Lcd_Chr_CP_out_char
0x026E	0xDF2A      	RCALL       _Lcd_Chr_CP
0x0270	0x2A59      	INCF        Lcd_Out_i_L0, 1 
0x0272	0xD7ED      	BRA         L_Lcd_Out18
L_Lcd_Out19:
;__Lib_Lcd.c,201 :: 		
0x0274	0x864A      	BSF         __Lib_Lcd_cmd_status, BitPos(__Lib_Lcd_cmd_status+0) 
;__Lib_Lcd.c,202 :: 		
L_end_Lcd_Out:
0x0276	0x0012      	RETURN      0
; end of _Lcd_Out
_configInterruptTMR1:
;interruptTMR1.c,50 :: 		void configInterruptTMR1()
;interruptTMR1.c,54 :: 		T1CON = 0b01000001;                      //Configuraçao TIMER1
0x0278	0x0E41      	MOVLW       65
0x027A	0x6ECD      	MOVWF       T1CON 
;interruptTMR1.c,59 :: 		TMR1L = 0x00;                            //Inicializa variaveis de contagem
0x027C	0x6ACE      	CLRF        TMR1L 
;interruptTMR1.c,60 :: 		TMR1H = 0x00;                            //Inicializa variaveis de contagem
0x027E	0x6ACF      	CLRF        TMR1H 
;interruptTMR1.c,61 :: 		TMR1IE_bit = 0x01;                       //Habilita interrupçao do TIMER1
0x0280	0x809D      	BSF         TMR1IE_bit, BitPos(TMR1IE_bit+0) 
;interruptTMR1.c,62 :: 		TMR1IP_bit = 0x01;                       //Configura a interrupção como HighPriority
0x0282	0x809F      	BSF         TMR1IP_bit, BitPos(TMR1IP_bit+0) 
;interruptTMR1.c,63 :: 		}
L_end_configInterruptTMR1:
0x0284	0x0012      	RETURN      0
; end of _configInterruptTMR1
_buttonMenu:
;button.c,51 :: 		void buttonMenu()
;button.c,53 :: 		if(button1)                     //Botao solto?
0x0286	0x0E81      	MOVLW       PORTB
0x0288	0x0100      	MOVLB       0
0x028A	0x6F61      	MOVWF       FARG_Button_port, 1
0x028C	0x0E0F      	MOVLW       hi_addr(PORTB)
0x028E	0x6F62      	MOVWF       FARG_Button_port+1, 1
0x0290	0x0E07      	MOVLW       7
0x0292	0x6F63      	MOVWF       FARG_Button_pin, 1
0x0294	0x0E96      	MOVLW       150
0x0296	0x6F64      	MOVWF       FARG_Button_time_ms, 1
0x0298	0x0E01      	MOVLW       1
0x029A	0x6F65      	MOVWF       FARG_Button_active_state, 1
0x029C	0xDF78      	RCALL       _Button
0x029E	0x5200      	MOVF        R0, 1 
0x02A0	0xE005      	BZ          L_buttonMenu11
;button.c,55 :: 		if(flaginicio == 0)
0x02A2	0xB24A      	BTFSC       _flaginicio, BitPos(_flaginicio+0) 
0x02A4	0xD003      	BRA         L_buttonMenu12
;button.c,57 :: 		flagVoltar = 1;
0x02A6	0x804A      	BSF         _flagVoltar, BitPos(_flagVoltar+0) 
;button.c,58 :: 		flagConfirma = 1;
0x02A8	0x844A      	BSF         _flagConfirma, BitPos(_flagConfirma+0) 
;button.c,59 :: 		limpa_lcd = 0x01;
0x02AA	0x884A      	BSF         _limpa_lcd, BitPos(_limpa_lcd+0) 
;button.c,60 :: 		}
L_buttonMenu12:
;button.c,61 :: 		}
L_buttonMenu11:
;button.c,63 :: 		if(button2)
0x02AC	0x0E81      	MOVLW       PORTB
0x02AE	0x6F61      	MOVWF       FARG_Button_port, 1
0x02B0	0x0E0F      	MOVLW       hi_addr(PORTB)
0x02B2	0x6F62      	MOVWF       FARG_Button_port+1, 1
0x02B4	0x0E06      	MOVLW       6
0x02B6	0x6F63      	MOVWF       FARG_Button_pin, 1
0x02B8	0x0E96      	MOVLW       150
0x02BA	0x6F64      	MOVWF       FARG_Button_time_ms, 1
0x02BC	0x0E01      	MOVLW       1
0x02BE	0x6F65      	MOVWF       FARG_Button_active_state, 1
0x02C0	0xDF66      	RCALL       _Button
0x02C2	0x5200      	MOVF        R0, 1 
0x02C4	0xE00D      	BZ          L_buttonMenu13
;button.c,65 :: 		if(flaginicio == 0)
0x02C6	0xB24A      	BTFSC       _flaginicio, BitPos(_flaginicio+0) 
0x02C8	0xD00B      	BRA         L_buttonMenu14
;button.c,67 :: 		if(var_menu <= max_menu && var_menu > min_menu) var_menu --;
0x02CA	0x5022      	MOVF        _var_menu, 0 
0x02CC	0x5C52      	SUBWF       _max_menu, 0 
0x02CE	0xE305      	BNC         L_buttonMenu17
0x02D0	0x5022      	MOVF        _var_menu, 0 
0x02D2	0x5C51      	SUBWF       _min_menu, 0 
0x02D4	0xE202      	BC          L_buttonMenu17
L__buttonMenu31:
0x02D6	0x0622      	DECF        _var_menu, 1 
0x02D8	0xD002      	BRA         L_buttonMenu18
L_buttonMenu17:
;button.c,68 :: 		else                             var_menu = min_menu;
0x02DA	0xF022C051  	MOVFF       _min_menu, _var_menu
L_buttonMenu18:
;button.c,69 :: 		limpa_lcd = 0x01;
0x02DE	0x884A      	BSF         _limpa_lcd, BitPos(_limpa_lcd+0) 
;button.c,70 :: 		}
L_buttonMenu14:
;button.c,71 :: 		}
L_buttonMenu13:
;button.c,73 :: 		if(button3)
0x02E0	0x0E81      	MOVLW       PORTB
0x02E2	0x6F61      	MOVWF       FARG_Button_port, 1
0x02E4	0x0E0F      	MOVLW       hi_addr(PORTB)
0x02E6	0x6F62      	MOVWF       FARG_Button_port+1, 1
0x02E8	0x0E05      	MOVLW       5
0x02EA	0x6F63      	MOVWF       FARG_Button_pin, 1
0x02EC	0x0E96      	MOVLW       150
0x02EE	0x6F64      	MOVWF       FARG_Button_time_ms, 1
0x02F0	0x0E01      	MOVLW       1
0x02F2	0x6F65      	MOVWF       FARG_Button_active_state, 1
0x02F4	0xDF4C      	RCALL       _Button
0x02F6	0x5200      	MOVF        R0, 1 
0x02F8	0xE00D      	BZ          L_buttonMenu19
;button.c,75 :: 		if(flaginicio == 0)
0x02FA	0xB24A      	BTFSC       _flaginicio, BitPos(_flaginicio+0) 
0x02FC	0xD00B      	BRA         L_buttonMenu20
;button.c,77 :: 		if(var_menu < max_menu && var_menu >= 0) var_menu ++;
0x02FE	0x5052      	MOVF        _max_menu, 0 
0x0300	0x5C22      	SUBWF       _var_menu, 0 
0x0302	0xE205      	BC          L_buttonMenu23
0x0304	0x0E00      	MOVLW       0
0x0306	0x5C22      	SUBWF       _var_menu, 0 
0x0308	0xE302      	BNC         L_buttonMenu23
L__buttonMenu30:
0x030A	0x2A22      	INCF        _var_menu, 1 
0x030C	0xD002      	BRA         L_buttonMenu24
L_buttonMenu23:
;button.c,78 :: 		else                             var_menu = max_menu;
0x030E	0xF022C052  	MOVFF       _max_menu, _var_menu
L_buttonMenu24:
;button.c,79 :: 		limpa_lcd = 0x01;
0x0312	0x884A      	BSF         _limpa_lcd, BitPos(_limpa_lcd+0) 
;button.c,80 :: 		}
L_buttonMenu20:
;button.c,81 :: 		}
L_buttonMenu19:
;button.c,83 :: 		if(button4)
0x0314	0x0E81      	MOVLW       PORTB
0x0316	0x6F61      	MOVWF       FARG_Button_port, 1
0x0318	0x0E0F      	MOVLW       hi_addr(PORTB)
0x031A	0x6F62      	MOVWF       FARG_Button_port+1, 1
0x031C	0x0E04      	MOVLW       4
0x031E	0x6F63      	MOVWF       FARG_Button_pin, 1
0x0320	0x0E96      	MOVLW       150
0x0322	0x6F64      	MOVWF       FARG_Button_time_ms, 1
0x0324	0x0E01      	MOVLW       1
0x0326	0x6F65      	MOVWF       FARG_Button_active_state, 1
0x0328	0xDF32      	RCALL       _Button
0x032A	0x5200      	MOVF        R0, 1 
0x032C	0xE007      	BZ          L_buttonMenu25
;button.c,85 :: 		if(flaginicio == 1)
0x032E	0xA24A      	BTFSS       _flaginicio, BitPos(_flaginicio+0) 
0x0330	0xD003      	BRA         L_buttonMenu26
;button.c,87 :: 		flaginicio = 0;
0x0332	0x924A      	BCF         _flaginicio, BitPos(_flaginicio+0) 
;button.c,88 :: 		limpa_lcd = 1;
0x0334	0x884A      	BSF         _limpa_lcd, BitPos(_limpa_lcd+0) 
;button.c,89 :: 		}else
0x0336	0xD002      	BRA         L_buttonMenu27
L_buttonMenu26:
;button.c,91 :: 		flagConfirma = 1;
0x0338	0x844A      	BSF         _flagConfirma, BitPos(_flagConfirma+0) 
;button.c,92 :: 		limpa_lcd = 0x01;
0x033A	0x884A      	BSF         _limpa_lcd, BitPos(_limpa_lcd+0) 
;button.c,93 :: 		}
L_buttonMenu27:
;button.c,94 :: 		}
L_buttonMenu25:
;button.c,95 :: 		}
L_end_buttonMenu:
0x033C	0x0012      	RETURN      0
; end of _buttonMenu
_controle_menu:
;controller.c,31 :: 		char controle_menu(char var_atual)
;controller.c,33 :: 		if(flagVoltar == 0)
0x033E	0xB04A      	BTFSC       _flagVoltar, BitPos(_flagVoltar+0) 
0x0340	0xD00E      	BRA         L_controle_menu0
;controller.c,35 :: 		vetor_menu[pos_menu] = var_atual;
0x0342	0x0E45      	MOVLW       _vetor_menu
0x0344	0x6EE1      	MOVWF       FSR1L 
0x0346	0x0E00      	MOVLW       hi_addr(_vetor_menu)
0x0348	0x6EE2      	MOVWF       FSR1H 
0x034A	0x5053      	MOVF        _pos_menu, 0 
0x034C	0x26E1      	ADDWF       FSR1L, 1 
0x034E	0xB0D8      	BTFSC       STATUS, 0 
0x0350	0x2AE2      	INCF        FSR1H, 1 
0x0352	0xFFE6C054  	MOVFF       FARG_controle_menu_var_atual, POSTINC1
;controller.c,36 :: 		pos_menu++;
0x0356	0x2A53      	INCF        _pos_menu, 1 
;controller.c,37 :: 		var_atual = 1;
0x0358	0x0E01      	MOVLW       1
0x035A	0x6E54      	MOVWF       FARG_controle_menu_var_atual 
;controller.c,38 :: 		}else if(pos_menu > 0)
0x035C	0xD00E      	BRA         L_controle_menu1
L_controle_menu0:
0x035E	0x5053      	MOVF        _pos_menu, 0 
0x0360	0x0800      	SUBLW       0
0x0362	0xE20B      	BC          L_controle_menu2
;controller.c,40 :: 		pos_menu--;
0x0364	0x0653      	DECF        _pos_menu, 1 
;controller.c,41 :: 		var_atual = vetor_menu[pos_menu];
0x0366	0x0E45      	MOVLW       _vetor_menu
0x0368	0x6EE9      	MOVWF       FSR0L 
0x036A	0x0E00      	MOVLW       hi_addr(_vetor_menu)
0x036C	0x6EEA      	MOVWF       FSR0H 
0x036E	0x5053      	MOVF        _pos_menu, 0 
0x0370	0x26E9      	ADDWF       FSR0L, 1 
0x0372	0xB0D8      	BTFSC       STATUS, 0 
0x0374	0x2AEA      	INCF        FSR0H, 1 
0x0376	0xF054CFEE  	MOVFF       POSTINC0, FARG_controle_menu_var_atual
;controller.c,42 :: 		}
L_controle_menu2:
L_controle_menu1:
;controller.c,44 :: 		return var_atual;
0x037A	0xF000C054  	MOVFF       FARG_controle_menu_var_atual, R0
;controller.c,45 :: 		}
L_end_controle_menu:
0x037E	0x0012      	RETURN      0
; end of _controle_menu
_tipoSinal:
;view.c,52 :: 		void tipoSinal()
;view.c,55 :: 		Lcd_Chr(1,1,'T');
0x0380	0x0E01      	MOVLW       1
0x0382	0x6E55      	MOVWF       FARG_Lcd_Chr_row 
0x0384	0x0E01      	MOVLW       1
0x0386	0x6E56      	MOVWF       FARG_Lcd_Chr_column 
0x0388	0x0E54      	MOVLW       84
0x038A	0x6E57      	MOVWF       FARG_Lcd_Chr_out_char 
0x038C	0xDEAB      	RCALL       _Lcd_Chr
;view.c,56 :: 		Lcd_Chr_Cp('i');
0x038E	0x0E69      	MOVLW       105
0x0390	0x6E5A      	MOVWF       FARG_Lcd_Chr_CP_out_char 
0x0392	0xDE98      	RCALL       _Lcd_Chr_CP
;view.c,57 :: 		Lcd_Chr_Cp('p');
0x0394	0x0E70      	MOVLW       112
0x0396	0x6E5A      	MOVWF       FARG_Lcd_Chr_CP_out_char 
0x0398	0xDE95      	RCALL       _Lcd_Chr_CP
;view.c,58 :: 		Lcd_Chr_Cp('o');
0x039A	0x0E6F      	MOVLW       111
0x039C	0x6E5A      	MOVWF       FARG_Lcd_Chr_CP_out_char 
0x039E	0xDE92      	RCALL       _Lcd_Chr_CP
;view.c,59 :: 		Lcd_Chr_Cp(' ');
0x03A0	0x0E20      	MOVLW       32
0x03A2	0x6E5A      	MOVWF       FARG_Lcd_Chr_CP_out_char 
0x03A4	0xDE8F      	RCALL       _Lcd_Chr_CP
;view.c,60 :: 		Lcd_Chr_Cp('d');
0x03A6	0x0E64      	MOVLW       100
0x03A8	0x6E5A      	MOVWF       FARG_Lcd_Chr_CP_out_char 
0x03AA	0xDE8C      	RCALL       _Lcd_Chr_CP
;view.c,61 :: 		Lcd_Chr_Cp('e');
0x03AC	0x0E65      	MOVLW       101
0x03AE	0x6E5A      	MOVWF       FARG_Lcd_Chr_CP_out_char 
0x03B0	0xDE89      	RCALL       _Lcd_Chr_CP
;view.c,62 :: 		Lcd_Chr_Cp(' ');
0x03B2	0x0E20      	MOVLW       32
0x03B4	0x6E5A      	MOVWF       FARG_Lcd_Chr_CP_out_char 
0x03B6	0xDE86      	RCALL       _Lcd_Chr_CP
;view.c,63 :: 		Lcd_Chr_Cp('s');
0x03B8	0x0E73      	MOVLW       115
0x03BA	0x6E5A      	MOVWF       FARG_Lcd_Chr_CP_out_char 
0x03BC	0xDE83      	RCALL       _Lcd_Chr_CP
;view.c,64 :: 		Lcd_Chr_Cp('i');
0x03BE	0x0E69      	MOVLW       105
0x03C0	0x6E5A      	MOVWF       FARG_Lcd_Chr_CP_out_char 
0x03C2	0xDE80      	RCALL       _Lcd_Chr_CP
;view.c,65 :: 		Lcd_Chr_Cp('n');
0x03C4	0x0E6E      	MOVLW       110
0x03C6	0x6E5A      	MOVWF       FARG_Lcd_Chr_CP_out_char 
0x03C8	0xDE7D      	RCALL       _Lcd_Chr_CP
;view.c,66 :: 		Lcd_Chr_Cp('a');
0x03CA	0x0E61      	MOVLW       97
0x03CC	0x6E5A      	MOVWF       FARG_Lcd_Chr_CP_out_char 
0x03CE	0xDE7A      	RCALL       _Lcd_Chr_CP
;view.c,67 :: 		Lcd_Chr_Cp('l');
0x03D0	0x0E6C      	MOVLW       108
0x03D2	0x6E5A      	MOVWF       FARG_Lcd_Chr_CP_out_char 
0x03D4	0xDE77      	RCALL       _Lcd_Chr_CP
;view.c,68 :: 		Lcd_Chr_Cp(':');
0x03D6	0x0E3A      	MOVLW       58
0x03D8	0x6E5A      	MOVWF       FARG_Lcd_Chr_CP_out_char 
0x03DA	0xDE74      	RCALL       _Lcd_Chr_CP
;view.c,70 :: 		Lcd_Out(2,1,escolhaSinal[var_menu]);
0x03DC	0x0E02      	MOVLW       2
0x03DE	0x6E55      	MOVWF       FARG_Lcd_Out_row 
0x03E0	0x0E01      	MOVLW       1
0x03E2	0x6E56      	MOVWF       FARG_Lcd_Out_column 
0x03E4	0x0E11      	MOVLW       17
0x03E6	0x6E00      	MOVWF       R0 
0x03E8	0x0E00      	MOVLW       0
0x03EA	0x6E01      	MOVWF       R1 
0x03EC	0xF004C022  	MOVFF       _var_menu, R4
0x03F0	0x0E00      	MOVLW       0
0x03F2	0x6E05      	MOVWF       R5 
0x03F4	0xDEA4      	RCALL       _Mul_16X16_U
0x03F6	0x0E23      	MOVLW       _escolhaSinal
0x03F8	0x2400      	ADDWF       R0, 0 
0x03FA	0x6E57      	MOVWF       FARG_Lcd_Out_text 
0x03FC	0x0E00      	MOVLW       hi_addr(_escolhaSinal)
0x03FE	0x2001      	ADDWFC      R1, 0 
0x0400	0x6E58      	MOVWF       FARG_Lcd_Out_text+1 
0x0402	0xDEFD      	RCALL       _Lcd_Out
;view.c,72 :: 		}
L_end_tipoSinal:
0x0404	0x0012      	RETURN      0
; end of _tipoSinal
_interruptTMR0:
;interruptTMR0.c,22 :: 		void interruptTMR0()
;interruptTMR0.c,24 :: 		if(TMR0IF_bit)
0x0406	0xA4F2      	BTFSS       TMR0IF_bit, BitPos(TMR0IF_bit+0) 
0x0408	0xD006      	BRA         L_interruptTMR00
;interruptTMR0.c,26 :: 		TMR0IF_bit = 0x00;                     //Limpa a flag do TMR0
0x040A	0x94F2      	BCF         TMR0IF_bit, BitPos(TMR0IF_bit+0) 
;interruptTMR0.c,27 :: 		TMR0H = 0xB1;                          //Reinicialização do contador TMR0H
0x040C	0x0EB1      	MOVLW       177
0x040E	0x6ED7      	MOVWF       TMR0H 
;interruptTMR0.c,28 :: 		TMR0L = 0xE0;                          //Reinicialização do contador TMR0L
0x0410	0x0EE0      	MOVLW       224
0x0412	0x6ED6      	MOVWF       TMR0L 
;interruptTMR0.c,30 :: 		buttonMenu();
0x0414	0xDF38      	RCALL       _buttonMenu
;interruptTMR0.c,31 :: 		}
L_interruptTMR00:
;interruptTMR0.c,32 :: 		}
L_end_interruptTMR0:
0x0416	0x0012      	RETURN      0
; end of _interruptTMR0
_interruptTMR1:
;interruptTMR1.c,22 :: 		void interruptTMR1()
;interruptTMR1.c,24 :: 		if(TMR1IF_bit)                           //Houve interrupçao do TIMER1?
0x0418	0xA09E      	BTFSS       TMR1IF_bit, BitPos(TMR1IF_bit+0) 
0x041A	0xD026      	BRA         L_interruptTMR10
;interruptTMR1.c,26 :: 		contador_rotacao ++;                   //incrementa sinal de rotaçao
0x041C	0x2A21      	INCF        _contador_rotacao, 1 
;interruptTMR1.c,28 :: 		if(contador_rotacao < dentes) rotacao = ~rotacao;
0x041E	0x504D      	MOVF        _dentes, 0 
0x0420	0x5C21      	SUBWF       _contador_rotacao, 0 
0x0422	0xA0D8      	BTFSS       STATUS, 0 
0x0424	0x7A8C      	BTG         LATD5_bit, BitPos(LATD5_bit+0) 
L_interruptTMR11:
;interruptTMR1.c,29 :: 		if(contador_rotacao >= dentes)
0x0426	0x504D      	MOVF        _dentes, 0 
0x0428	0x5C21      	SUBWF       _contador_rotacao, 0 
0x042A	0xE302      	BNC         L_interruptTMR12
;interruptTMR1.c,31 :: 		fase = ~fase;
0x042C	0x708C      	BTG         LATD0_bit, BitPos(LATD0_bit+0) 
;interruptTMR1.c,32 :: 		rotacao = 0x00;
0x042E	0x9A8C      	BCF         LATD5_bit, BitPos(LATD5_bit+0) 
;interruptTMR1.c,33 :: 		}
L_interruptTMR12:
;interruptTMR1.c,34 :: 		if(contador_rotacao == (dentes+falhas))
0x0430	0x5050      	MOVF        _falhas, 0 
0x0432	0x244D      	ADDWF       _dentes, 0 
0x0434	0x6E01      	MOVWF       R1 
0x0436	0x6A02      	CLRF        R2 
0x0438	0x0E00      	MOVLW       0
0x043A	0x2202      	ADDWFC      R2, 1 
0x043C	0x0E00      	MOVLW       0
0x043E	0x1802      	XORWF       R2, 0 
0x0440	0xE102      	BNZ         L__interruptTMR15
0x0442	0x5001      	MOVF        R1, 0 
0x0444	0x1821      	XORWF       _contador_rotacao, 0 
L__interruptTMR15:
0x0446	0xE102      	BNZ         L_interruptTMR13
;interruptTMR1.c,36 :: 		contador_rotacao = 0x00;
0x0448	0x6A21      	CLRF        _contador_rotacao 
;interruptTMR1.c,37 :: 		fase = 0x00;
0x044A	0x908C      	BCF         LATD0_bit, BitPos(LATD0_bit+0) 
;interruptTMR1.c,38 :: 		}
L_interruptTMR13:
;interruptTMR1.c,39 :: 		TMR1L = contT << 8;
0x044C	0x6ACE      	CLRF        TMR1L 
;interruptTMR1.c,40 :: 		TMR1H = contT >> 8;
0x044E	0xF000C04C  	MOVFF       _contT+1, R0
0x0452	0x6A01      	CLRF        R1 
0x0454	0xFFCFC000  	MOVFF       R0, TMR1H
;interruptTMR1.c,42 :: 		valor_captura = 65535 - contT;
0x0458	0x504B      	MOVF        _contT, 0 
0x045A	0x08FF      	SUBLW       255
0x045C	0x6E4E      	MOVWF       _valor_captura 
0x045E	0xF04FC04C  	MOVFF       _contT+1, _valor_captura+1
0x0462	0x0EFF      	MOVLW       255
0x0464	0x564F      	SUBFWB      _valor_captura+1, 1 
;interruptTMR1.c,44 :: 		TMR1IF_bit = 0x00;                     //Limpa a flag do TIMER1
0x0466	0x909E      	BCF         TMR1IF_bit, BitPos(TMR1IF_bit+0) 
;interruptTMR1.c,45 :: 		}
L_interruptTMR10:
;interruptTMR1.c,46 :: 		}
L_end_interruptTMR1:
0x0468	0x0012      	RETURN      0
; end of _interruptTMR1
___CC2DW:
;__Lib_System.c,21 :: 		
;__Lib_System.c,23 :: 		
_CC2DL_Loop1:
;__Lib_System.c,24 :: 		
0x046A	0x0009      	TBLRD*+
;__Lib_System.c,25 :: 		
0x046C	0xFFE6CFF5  	MOVFF       TABLAT, POSTINC1
;__Lib_System.c,26 :: 		
0x0470	0x0600      	DECF        R0, 1, 0
;__Lib_System.c,27 :: 		
0x0472	0xE1FB      	BNZ         _CC2DL_Loop1
;__Lib_System.c,28 :: 		
0x0474	0x0601      	DECF        R1, 1, 0
;__Lib_System.c,29 :: 		
0x0476	0xE1F9      	BNZ         _CC2DL_Loop1
;__Lib_System.c,31 :: 		
L_end___CC2DW:
0x0478	0x0012      	RETURN      0
; end of ___CC2DW
_configInterruptTMR0:
;interruptTMR0.c,36 :: 		void configInterruptTMR0()
;interruptTMR0.c,40 :: 		T0CON = 0b10001000;                      //Configuração do TIMER0
0x047A	0x0E88      	MOVLW       136
0x047C	0x6ED5      	MOVWF       T0CON 
;interruptTMR0.c,46 :: 		TMR0H         = 0xB1;                           //Inicialização do contador TMR0H
0x047E	0x0EB1      	MOVLW       177
0x0480	0x6ED7      	MOVWF       TMR0H 
;interruptTMR0.c,47 :: 		TMR0L         = 0xE0;                           //Inicialização do contador TMR0L
0x0482	0x0EE0      	MOVLW       224
0x0484	0x6ED6      	MOVWF       TMR0L 
;interruptTMR0.c,48 :: 		TMR0IE_bit = 0x01;                       //Ativa a interrupção do TMR0
0x0486	0x8AF2      	BSF         TMR0IE_bit, BitPos(TMR0IE_bit+0) 
;interruptTMR0.c,49 :: 		TMR0IP_bit = 0x00;                       //Configura a interrupção como HighPriotiry
0x0488	0x94F1      	BCF         TMR0IP_bit, BitPos(TMR0IP_bit+0) 
;interruptTMR0.c,50 :: 		}
L_end_configInterruptTMR0:
0x048A	0x0012      	RETURN      0
; end of _configInterruptTMR0
_inicioLcd:
;view.c,36 :: 		void inicioLcd()
;view.c,38 :: 		Lcd_Chr(1,1,'V');
0x048C	0x0E01      	MOVLW       1
0x048E	0x6E55      	MOVWF       FARG_Lcd_Chr_row 
0x0490	0x0E01      	MOVLW       1
0x0492	0x6E56      	MOVWF       FARG_Lcd_Chr_column 
0x0494	0x0E56      	MOVLW       86
0x0496	0x6E57      	MOVWF       FARG_Lcd_Chr_out_char 
0x0498	0xDE25      	RCALL       _Lcd_Chr
;view.c,39 :: 		Lcd_Chr_Cp('a');
0x049A	0x0E61      	MOVLW       97
0x049C	0x6E5A      	MOVWF       FARG_Lcd_Chr_CP_out_char 
0x049E	0xDE12      	RCALL       _Lcd_Chr_CP
;view.c,40 :: 		Lcd_Chr_Cp('r');
0x04A0	0x0E72      	MOVLW       114
0x04A2	0x6E5A      	MOVWF       FARG_Lcd_Chr_CP_out_char 
0x04A4	0xDE0F      	RCALL       _Lcd_Chr_CP
;view.c,41 :: 		Lcd_Chr_Cp(' ');
0x04A6	0x0E20      	MOVLW       32
0x04A8	0x6E5A      	MOVWF       FARG_Lcd_Chr_CP_out_char 
0x04AA	0xDE0C      	RCALL       _Lcd_Chr_CP
;view.c,42 :: 		Lcd_Chr_Cp('C');
0x04AC	0x0E43      	MOVLW       67
0x04AE	0x6E5A      	MOVWF       FARG_Lcd_Chr_CP_out_char 
0x04B0	0xDE09      	RCALL       _Lcd_Chr_CP
;view.c,43 :: 		Lcd_Chr_Cp('a');
0x04B2	0x0E61      	MOVLW       97
0x04B4	0x6E5A      	MOVWF       FARG_Lcd_Chr_CP_out_char 
0x04B6	0xDE06      	RCALL       _Lcd_Chr_CP
;view.c,44 :: 		Lcd_Chr_Cp('p');
0x04B8	0x0E70      	MOVLW       112
0x04BA	0x6E5A      	MOVWF       FARG_Lcd_Chr_CP_out_char 
0x04BC	0xDE03      	RCALL       _Lcd_Chr_CP
;view.c,45 :: 		Lcd_Chr_Cp(' ');
0x04BE	0x0E20      	MOVLW       32
0x04C0	0x6E5A      	MOVWF       FARG_Lcd_Chr_CP_out_char 
0x04C2	0xDE00      	RCALL       _Lcd_Chr_CP
;view.c,46 :: 		Lcd_Chr_Cp(':');
0x04C4	0x0E3A      	MOVLW       58
0x04C6	0x6E5A      	MOVWF       FARG_Lcd_Chr_CP_out_char 
0x04C8	0xDDFD      	RCALL       _Lcd_Chr_CP
;view.c,48 :: 		}
L_end_inicioLcd:
0x04CA	0x0012      	RETURN      0
; end of _inicioLcd
_logicaMenuPrincipal:
;controller.c,62 :: 		void logicaMenuPrincipal()
;controller.c,65 :: 		max_menu = 1;
0x04CC	0x0E01      	MOVLW       1
0x04CE	0x6E52      	MOVWF       _max_menu 
;controller.c,66 :: 		min_menu = 0;
0x04D0	0x6A51      	CLRF        _min_menu 
;controller.c,69 :: 		configInterruptTMR1();
0x04D2	0xDED2      	RCALL       _configInterruptTMR1
;controller.c,71 :: 		while(flagConfirma != 1)
L_logicaMenuPrincipal3:
0x04D4	0xB44A      	BTFSC       _flagConfirma, BitPos(_flagConfirma+0) 
0x04D6	0xD002      	BRA         L_logicaMenuPrincipal4
;controller.c,73 :: 		tipoSinal();
0x04D8	0xDF53      	RCALL       _tipoSinal
;controller.c,74 :: 		}
0x04DA	0xD7FC      	BRA         L_logicaMenuPrincipal3
L_logicaMenuPrincipal4:
;controller.c,75 :: 		flagConfirma = 0;
0x04DC	0x944A      	BCF         _flagConfirma, BitPos(_flagConfirma+0) 
;controller.c,76 :: 		var_menu = controle_menu(var_menu);
0x04DE	0xF054C022  	MOVFF       _var_menu, FARG_controle_menu_var_atual
0x04E2	0xDF2D      	RCALL       _controle_menu
0x04E4	0xF022C000  	MOVFF       R0, _var_menu
;controller.c,77 :: 		if(flagVoltar != 1)
0x04E8	0xB04A      	BTFSC       _flagVoltar, BitPos(_flagVoltar+0) 
0x04EA	0xD000      	BRA         L_logicaMenuPrincipal5
;controller.c,84 :: 		}
L_logicaMenuPrincipal6:
;controller.c,85 :: 		}
L_logicaMenuPrincipal5:
;controller.c,86 :: 		flagVoltar = 0x00;
0x04EC	0x904A      	BCF         _flagVoltar, BitPos(_flagVoltar+0) 
;controller.c,87 :: 		}
L_end_logicaMenuPrincipal:
0x04EE	0x0012      	RETURN      0
; end of _logicaMenuPrincipal
_limpaLCD:
;view.c,122 :: 		void limpaLCD()
;view.c,124 :: 		limpa_lcd = 0;
0x04F0	0x984A      	BCF         _limpa_lcd, BitPos(_limpa_lcd+0) 
;view.c,125 :: 		Lcd_Cmd(_LCD_CLEAR);
0x04F2	0x0E01      	MOVLW       1
0x04F4	0x6E5B      	MOVWF       FARG_Lcd_Cmd_out_char 
0x04F6	0xDDA8      	RCALL       _Lcd_Cmd
;view.c,126 :: 		}
L_end_limpaLCD:
0x04F8	0x0012      	RETURN      0
; end of _limpaLCD
_Lcd_Init:
;__Lib_Lcd.c,84 :: 		
;__Lib_Lcd.c,86 :: 		
0x04FA	0x9E95      	BCF         LCD_EN_Direction, BitPos(LCD_EN_Direction+0) 
;__Lib_Lcd.c,87 :: 		
0x04FC	0x9C95      	BCF         LCD_RS_Direction, BitPos(LCD_RS_Direction+0) 
;__Lib_Lcd.c,88 :: 		
0x04FE	0x9093      	BCF         LCD_D4_Direction, BitPos(LCD_D4_Direction+0) 
;__Lib_Lcd.c,89 :: 		
0x0500	0x9293      	BCF         LCD_D5_Direction, BitPos(LCD_D5_Direction+0) 
;__Lib_Lcd.c,90 :: 		
0x0502	0x9493      	BCF         LCD_D6_Direction, BitPos(LCD_D6_Direction+0) 
;__Lib_Lcd.c,91 :: 		
0x0504	0x9693      	BCF         LCD_D7_Direction, BitPos(LCD_D7_Direction+0) 
;__Lib_Lcd.c,93 :: 		
0x0506	0x9E83      	BCF         LCD_EN, BitPos(LCD_EN+0) 
;__Lib_Lcd.c,94 :: 		
0x0508	0x9C83      	BCF         LCD_RS, BitPos(LCD_RS+0) 
;__Lib_Lcd.c,95 :: 		
0x050A	0x9681      	BCF         LCD_D7, BitPos(LCD_D7+0) 
;__Lib_Lcd.c,96 :: 		
0x050C	0x9481      	BCF         LCD_D6, BitPos(LCD_D6+0) 
;__Lib_Lcd.c,97 :: 		
0x050E	0x9281      	BCF         LCD_D5, BitPos(LCD_D5+0) 
;__Lib_Lcd.c,98 :: 		
0x0510	0x9081      	BCF         LCD_D4, BitPos(LCD_D4+0) 
;__Lib_Lcd.c,100 :: 		
0x0512	0xDD8A      	RCALL       _Delay_5500us
;__Lib_Lcd.c,101 :: 		
0x0514	0xDD89      	RCALL       _Delay_5500us
;__Lib_Lcd.c,102 :: 		
0x0516	0xDD88      	RCALL       _Delay_5500us
;__Lib_Lcd.c,105 :: 		
0x0518	0x8281      	BSF         LCD_D5, BitPos(LCD_D5+0) 
;__Lib_Lcd.c,106 :: 		
0x051A	0x8081      	BSF         LCD_D4, BitPos(LCD_D4+0) 
;__Lib_Lcd.c,107 :: 		
0x051C	0x8E83      	BSF         LCD_EN, BitPos(LCD_EN+0) 
;__Lib_Lcd.c,108 :: 		
0x051E	0xDD7E      	RCALL       _Delay_1us
;__Lib_Lcd.c,109 :: 		
0x0520	0x9E83      	BCF         LCD_EN, BitPos(LCD_EN+0) 
;__Lib_Lcd.c,110 :: 		
0x0522	0xDD82      	RCALL       _Delay_5500us
;__Lib_Lcd.c,112 :: 		
0x0524	0x8E83      	BSF         LCD_EN, BitPos(LCD_EN+0) 
;__Lib_Lcd.c,113 :: 		
0x0526	0xDD7A      	RCALL       _Delay_1us
;__Lib_Lcd.c,114 :: 		
0x0528	0x9E83      	BCF         LCD_EN, BitPos(LCD_EN+0) 
;__Lib_Lcd.c,115 :: 		
0x052A	0xDD7E      	RCALL       _Delay_5500us
;__Lib_Lcd.c,117 :: 		
0x052C	0x8E83      	BSF         LCD_EN, BitPos(LCD_EN+0) 
;__Lib_Lcd.c,118 :: 		
0x052E	0xDD76      	RCALL       _Delay_1us
;__Lib_Lcd.c,119 :: 		
0x0530	0x9E83      	BCF         LCD_EN, BitPos(LCD_EN+0) 
;__Lib_Lcd.c,120 :: 		
0x0532	0xDD7A      	RCALL       _Delay_5500us
;__Lib_Lcd.c,123 :: 		
0x0534	0x9081      	BCF         LCD_D4, BitPos(LCD_D4+0) 
;__Lib_Lcd.c,124 :: 		
0x0536	0x8E83      	BSF         LCD_EN, BitPos(LCD_EN+0) 
;__Lib_Lcd.c,125 :: 		
0x0538	0xDD71      	RCALL       _Delay_1us
;__Lib_Lcd.c,126 :: 		
0x053A	0x9E83      	BCF         LCD_EN, BitPos(LCD_EN+0) 
;__Lib_Lcd.c,127 :: 		
0x053C	0xDD75      	RCALL       _Delay_5500us
;__Lib_Lcd.c,130 :: 		
0x053E	0x8E83      	BSF         LCD_EN, BitPos(LCD_EN+0) 
;__Lib_Lcd.c,131 :: 		
0x0540	0xDD6D      	RCALL       _Delay_1us
;__Lib_Lcd.c,132 :: 		
0x0542	0x9E83      	BCF         LCD_EN, BitPos(LCD_EN+0) 
;__Lib_Lcd.c,134 :: 		
0x0544	0x9281      	BCF         LCD_D5, BitPos(LCD_D5+0) 
;__Lib_Lcd.c,135 :: 		
0x0546	0x8681      	BSF         LCD_D7, BitPos(LCD_D7+0) 
;__Lib_Lcd.c,136 :: 		
0x0548	0x8E83      	BSF         LCD_EN, BitPos(LCD_EN+0) 
;__Lib_Lcd.c,137 :: 		
0x054A	0xDD68      	RCALL       _Delay_1us
;__Lib_Lcd.c,138 :: 		
0x054C	0x9E83      	BCF         LCD_EN, BitPos(LCD_EN+0) 
;__Lib_Lcd.c,139 :: 		
0x054E	0xDD6C      	RCALL       _Delay_5500us
;__Lib_Lcd.c,142 :: 		
0x0550	0x9681      	BCF         LCD_D7, BitPos(LCD_D7+0) 
;__Lib_Lcd.c,143 :: 		
0x0552	0x8081      	BSF         LCD_D4, BitPos(LCD_D4+0) 
;__Lib_Lcd.c,144 :: 		
0x0554	0x8E83      	BSF         LCD_EN, BitPos(LCD_EN+0) 
;__Lib_Lcd.c,145 :: 		
0x0556	0xDD62      	RCALL       _Delay_1us
;__Lib_Lcd.c,146 :: 		
0x0558	0x9E83      	BCF         LCD_EN, BitPos(LCD_EN+0) 
;__Lib_Lcd.c,148 :: 		
0x055A	0x9081      	BCF         LCD_D4, BitPos(LCD_D4+0) 
;__Lib_Lcd.c,149 :: 		
0x055C	0x8E83      	BSF         LCD_EN, BitPos(LCD_EN+0) 
;__Lib_Lcd.c,150 :: 		
0x055E	0xDD5E      	RCALL       _Delay_1us
;__Lib_Lcd.c,151 :: 		
0x0560	0x9E83      	BCF         LCD_EN, BitPos(LCD_EN+0) 
;__Lib_Lcd.c,152 :: 		
0x0562	0xDD62      	RCALL       _Delay_5500us
;__Lib_Lcd.c,155 :: 		
0x0564	0x8E83      	BSF         LCD_EN, BitPos(LCD_EN+0) 
;__Lib_Lcd.c,156 :: 		
0x0566	0xDD5A      	RCALL       _Delay_1us
;__Lib_Lcd.c,157 :: 		
0x0568	0x9E83      	BCF         LCD_EN, BitPos(LCD_EN+0) 
;__Lib_Lcd.c,159 :: 		
0x056A	0x8081      	BSF         LCD_D4, BitPos(LCD_D4+0) 
;__Lib_Lcd.c,160 :: 		
0x056C	0x8E83      	BSF         LCD_EN, BitPos(LCD_EN+0) 
;__Lib_Lcd.c,161 :: 		
0x056E	0xDD56      	RCALL       _Delay_1us
;__Lib_Lcd.c,162 :: 		
0x0570	0x9E83      	BCF         LCD_EN, BitPos(LCD_EN+0) 
;__Lib_Lcd.c,163 :: 		
0x0572	0xDD5A      	RCALL       _Delay_5500us
;__Lib_Lcd.c,166 :: 		
0x0574	0x9081      	BCF         LCD_D4, BitPos(LCD_D4+0) 
;__Lib_Lcd.c,167 :: 		
0x0576	0x8E83      	BSF         LCD_EN, BitPos(LCD_EN+0) 
;__Lib_Lcd.c,168 :: 		
0x0578	0xDD51      	RCALL       _Delay_1us
;__Lib_Lcd.c,169 :: 		
0x057A	0x9E83      	BCF         LCD_EN, BitPos(LCD_EN+0) 
;__Lib_Lcd.c,171 :: 		
0x057C	0x8681      	BSF         LCD_D7, BitPos(LCD_D7+0) 
;__Lib_Lcd.c,172 :: 		
0x057E	0x8481      	BSF         LCD_D6, BitPos(LCD_D6+0) 
;__Lib_Lcd.c,173 :: 		
0x0580	0x8281      	BSF         LCD_D5, BitPos(LCD_D5+0) 
;__Lib_Lcd.c,174 :: 		
0x0582	0x8081      	BSF         LCD_D4, BitPos(LCD_D4+0) 
;__Lib_Lcd.c,175 :: 		
0x0584	0x8E83      	BSF         LCD_EN, BitPos(LCD_EN+0) 
;__Lib_Lcd.c,176 :: 		
0x0586	0xDD4A      	RCALL       _Delay_1us
;__Lib_Lcd.c,177 :: 		
0x0588	0x9E83      	BCF         LCD_EN, BitPos(LCD_EN+0) 
;__Lib_Lcd.c,179 :: 		
0x058A	0xDD4E      	RCALL       _Delay_5500us
;__Lib_Lcd.c,181 :: 		
0x058C	0x864A      	BSF         __Lib_Lcd_cmd_status, BitPos(__Lib_Lcd_cmd_status+0) 
;__Lib_Lcd.c,182 :: 		
L_end_Lcd_Init:
0x058E	0x0012      	RETURN      0
; end of _Lcd_Init
0x0590	0xF01BC000  	MOVFF       R0, 27
0x0594	0xF01AC001  	MOVFF       R1, 26
0x0598	0xF019C00C  	MOVFF       R12, 25
0x059C	0xF018C00D  	MOVFF       R13, 24
_interrupt_low:
0x05A0	0xF01CCFE9  	MOVFF       FSR0L, 28
0x05A4	0xF01DCFEA  	MOVFF       FSR0H, 29
0x05A8	0x6E15      	MOVWF       ___Low_saveWREG 
0x05AA	0xF016CFD8  	MOVFF       STATUS, ___Low_saveSTATUS
0x05AE	0xF017CFE0  	MOVFF       BSR, ___Low_saveBSR
;main.c,75 :: 		void interrupt_low()
;main.c,77 :: 		interruptTMR0();
0x05B2	0xDF29      	RCALL       _interruptTMR0
;main.c,78 :: 		}
L_end_interrupt_low:
L__interrupt_low9:
0x05B4	0x5017      	MOVF        ___Low_saveBSR, 0 
0x05B6	0x6EE0      	MOVWF       BSR 
0x05B8	0x5016      	MOVF        ___Low_saveSTATUS, 0 
0x05BA	0x6ED8      	MOVWF       STATUS 
0x05BC	0x3A15      	SWAPF       ___Low_saveWREG, 1 
0x05BE	0x3815      	SWAPF       ___Low_saveWREG, 0 
0x05C0	0xF000C01B  	MOVFF       27, R0
0x05C4	0xF001C01A  	MOVFF       26, R1
0x05C8	0xF00CC019  	MOVFF       25, R12
0x05CC	0xF00DC018  	MOVFF       24, R13
0x05D0	0xFFE9C01C  	MOVFF       28, FSR0L
0x05D4	0xFFEAC01D  	MOVFF       29, FSR0H
0x05D8	0x0010      	RETFIE      0
; end of _interrupt_low
_interrupt:
;main.c,68 :: 		void interrupt()
0x05DA	0xF020C000  	MOVFF       R0, 32
0x05DE	0xF01FC001  	MOVFF       R1, 31
0x05E2	0xF01EC002  	MOVFF       R2, 30
;main.c,70 :: 		interruptTMR1();
0x05E6	0xDF18      	RCALL       _interruptTMR1
;main.c,71 :: 		}
L_end_interrupt:
L__interrupt7:
0x05E8	0xF000C020  	MOVFF       32, R0
0x05EC	0xF001C01F  	MOVFF       31, R1
0x05F0	0xF002C01E  	MOVFF       30, R2
0x05F4	0x0011      	RETFIE      1
; end of _interrupt
_main:
0x05F6	0xF003EC2F  	CALL        1630, 0
;main.c,25 :: 		void main()
;main.c,29 :: 		GIE_bit = 0x01;                          //Habilita interrupçoes gerais
0x05FA	0x8EF2      	BSF         GIE_bit, BitPos(GIE_bit+0) 
;main.c,30 :: 		PEIE_bit = 0x01;                         //Habilita interrupçoes de perifericos
0x05FC	0x8CF2      	BSF         PEIE_bit, BitPos(PEIE_bit+0) 
;main.c,31 :: 		IPEN_bit = 0x01;                         //Habilita prioridade de interrupção.
0x05FE	0x8ED0      	BSF         IPEN_bit, BitPos(IPEN_bit+0) 
;main.c,32 :: 		TRISD = 0x1F;                            //Configura PORTD com i/o's
0x0600	0x0E1F      	MOVLW       31
0x0602	0x6E95      	MOVWF       TRISD 
;main.c,33 :: 		TRISB = 0xF0;                            //Configura PORTB com i/o's
0x0604	0x0EF0      	MOVLW       240
0x0606	0x6E93      	MOVWF       TRISB 
;main.c,34 :: 		TRISC = 0xFF;                            //Configura PORTC com i/o's
0x0608	0x0EFF      	MOVLW       255
0x060A	0x6E94      	MOVWF       TRISC 
;main.c,36 :: 		flaginicio = 1;
0x060C	0x824A      	BSF         _flaginicio, BitPos(_flaginicio+0) 
;main.c,37 :: 		contT = 60000;
0x060E	0x0E60      	MOVLW       96
0x0610	0x6E4B      	MOVWF       _contT 
0x0612	0x0EEA      	MOVLW       234
0x0614	0x6E4C      	MOVWF       _contT+1 
;main.c,41 :: 		ADCON0 = 0x00;                           //Configurando os conversores como desabilitados
0x0616	0x6AC2      	CLRF        ADCON0 
;main.c,42 :: 		ADCON1 = 0x0F;                           //Configurando as entradas como digitais
0x0618	0x0E0F      	MOVLW       15
0x061A	0x6EC1      	MOVWF       ADCON1 
;main.c,46 :: 		configInterruptTMR0();                   //Chamando funçao de config do TMR0
0x061C	0xDF2E      	RCALL       _configInterruptTMR0
;main.c,50 :: 		Lcd_Init();                              //Inicializa LCD
0x061E	0xDF6D      	RCALL       _Lcd_Init
;main.c,51 :: 		Lcd_Cmd(_LCD_CURSOR_OFF);                //Desliga o cursor do LCD
0x0620	0x0E0C      	MOVLW       12
0x0622	0x6E5B      	MOVWF       FARG_Lcd_Cmd_out_char 
0x0624	0xDD11      	RCALL       _Lcd_Cmd
;main.c,54 :: 		while(1)
L_main0:
;main.c,56 :: 		if(limpa_lcd) limpaLCD();
0x0626	0xA84A      	BTFSS       _limpa_lcd, BitPos(_limpa_lcd+0) 
0x0628	0xD001      	BRA         L_main2
0x062A	0xDF62      	RCALL       _limpaLCD
L_main2:
;main.c,57 :: 		if(flaginicio) inicioLcd();
0x062C	0xA24A      	BTFSS       _flaginicio, BitPos(_flaginicio+0) 
0x062E	0xD002      	BRA         L_main3
0x0630	0xDF2D      	RCALL       _inicioLcd
0x0632	0xD001      	BRA         L_main4
L_main3:
;main.c,58 :: 		else           logicaMenuPrincipal();
0x0634	0xDF4B      	RCALL       _logicaMenuPrincipal
L_main4:
;main.c,61 :: 		}//FINAL LOOP
0x0636	0xD7F7      	BRA         L_main0
;main.c,63 :: 		}//FINAL MAIN
L_end_main:
0x0638	0xD7FF      	BRA         $+0
; end of _main
0x065E	0xF021EE10  	LFSR        1, 33
0x0662	0x0E24      	MOVLW       36
0x0664	0x6E00      	MOVWF       R0 
0x0666	0x0E01      	MOVLW       1
0x0668	0x6E01      	MOVWF       R1 
0x066A	0x0E3A      	MOVLW       58
0x066C	0x6EF6      	MOVWF       4086 
0x066E	0x0E06      	MOVLW       6
0x0670	0x6EF7      	MOVWF       TBLPTRH 
0x0672	0x0E00      	MOVLW       0
0x0674	0x6EF8      	MOVWF       TBLPTRU 
0x0676	0xF002EC35  	CALL        1130, 0
0x067A	0x0012      	RETURN      0
;main.c,0 :: ?ICS_contador_rotacao
0x063A	0x00 ;?ICS_contador_rotacao+0
; end of ?ICS_contador_rotacao
;controller.c,0 :: ?ICS_var_menu
0x063B	0x01 ;?ICS_var_menu+0
; end of ?ICS_var_menu
;view.c,0 :: ?ICS_escolhaSinal
0x063C	0x6953 ;?ICS_escolhaSinal+0
0x063E	0x616E ;?ICS_escolhaSinal+2
0x0640	0x206C ;?ICS_escolhaSinal+4
0x0642	0x6E49 ;?ICS_escolhaSinal+6
0x0644	0x7564 ;?ICS_escolhaSinal+8
0x0646	0x6974 ;?ICS_escolhaSinal+10
0x0648	0x6F76 ;?ICS_escolhaSinal+12
0x064A	0x0000 ;?ICS_escolhaSinal+14
0x064C	0x5300 ;?ICS_escolhaSinal+16
0x064E	0x6E69 ;?ICS_escolhaSinal+18
0x0650	0x6C61 ;?ICS_escolhaSinal+20
0x0652	0x4820 ;?ICS_escolhaSinal+22
0x0654	0x6C61 ;?ICS_escolhaSinal+24
0x0656	0x006C ;?ICS_escolhaSinal+26
0x0658	0x0000 ;?ICS_escolhaSinal+28
0x065A	0x0000 ;?ICS_escolhaSinal+30
0x065C	0x0000 ;?ICS_escolhaSinal+32
; end of ?ICS_escolhaSinal
Symbol List:
//** Routines locations **
//ADDRESS    SIZE    PROCEDURE
//----------------------------------------------
0x001C      [12]    _Delay_1us
0x0028      [22]    _Delay_5500us
0x003E      [10]    _Delay_50us
0x0048     [124]    _Lcd_Cmd
0x00C4      [12]    _Lcd_Chr_CP
0x00D0      [20]    _Delay_500us
0x00E4      [90]    _Lcd_Chr
0x013E      [80]    _Mul_16X16_U
0x018E     [112]    _Button
0x01FE     [122]    _Lcd_Out
0x0278      [14]    _configInterruptTMR1
0x0286     [184]    _buttonMenu
0x033E      [66]    _controle_menu
0x0380     [134]    _tipoSinal
0x0406      [18]    _interruptTMR0
0x0418      [82]    _interruptTMR1
0x046A      [16]    ___CC2DW
0x047A      [18]    _configInterruptTMR0
0x048C      [64]    _inicioLcd
0x04CC      [36]    _logicaMenuPrincipal
0x04F0      [10]    _limpaLCD
0x04FA     [150]    _Lcd_Init
0x0590      [74]    _interrupt_low
0x05DA      [28]    _interrupt
0x05F6      [68]    _main
//** Variables locations ** 
//ADDRESS    SIZE    VARIABLE
//----------------------------------------------
0x0000       [1]    R0
0x0001       [1]    R1
0x0002       [2]    memset_pp_L0
0x0002       [1]    R2
0x0002       [2]    strlen_cp_L0
0x0002       [2]    memchr_s_L0
0x0002       [2]    memcpy_dd_L0
0x0003       [2]    Ltrim_original_L0
0x0003       [2]    memmove_tt_L0
0x0003       [1]    R3
0x0004       [2]    strncpy_cp_L0
0x0004       [2]    memcpy_ss_L0
0x0004       [2]    strcat_cp_L0
0x0004       [1]    R4
0x0004       [2]    strcpy_cp_L0
0x0004       [2]    strncat_cp_L0
0x0005       [2]    LongWordToHex_input_half_L0
0x0005       [2]    LongIntToHex_input_half_L0
0x0005       [1]    R5
0x0005       [2]    Ltrim_p_L0
0x0005       [2]    memmove_ff_L0
0x0006       [1]    R6
0x0007       [1]    R7
0x0008       [1]    R8
0x0009       [1]    R9
0x000A       [1]    R10
0x000B       [1]    R11
0x000C       [1]    R12
0x000D       [1]    R13
0x000E       [1]    R14
0x000F       [1]    R15
0x0010       [1]    R16
0x0011       [1]    R17
0x0012       [1]    R18
0x0013       [1]    R19
0x0014       [1]    R20
0x0015       [1]    ___Low_saveWREG
0x0016       [1]    ___Low_saveSTATUS
0x0017       [1]    ___Low_saveBSR
0x0021       [1]    _contador_rotacao
0x0022       [1]    _var_menu
0x0023      [34]    _escolhaSinal
0x0045       [5]    _vetor_menu
0x004A       [0]    _flaginicio
0x004A       [0]    _limpa_lcd
0x004A       [0]    _flagConfirma
0x004A       [0]    _flagVoltar
0x004A       [0]    __Lib_Lcd_cmd_status
0x004B       [2]    _contT
0x004D       [1]    _dentes
0x004E       [2]    _valor_captura
0x0050       [1]    _falhas
0x0051       [1]    _min_menu
0x0052       [1]    _max_menu
0x0053       [1]    _pos_menu
0x0054       [1]    FARG_controle_menu_var_atual
0x0055       [1]    FARG_Lcd_Out_row
0x0055       [1]    FARG_Lcd_Chr_row
0x0056       [1]    FARG_Lcd_Out_column
0x0056       [1]    FARG_Lcd_Chr_column
0x0057       [2]    FARG_Lcd_Out_text
0x0057       [1]    FARG_Lcd_Chr_out_char
0x0059       [1]    Lcd_Out_i_L0
0x005A       [1]    FARG_Lcd_Chr_CP_out_char
0x005B       [1]    FARG_Lcd_Cmd_out_char
0x005C       [1]    Button_pMask_L0
0x005D       [1]    Button_rslt_L0
0x0061       [2]    FARG_Button_port
0x0063       [1]    FARG_Button_pin
0x0064       [1]    FARG_Button_time_ms
0x0065       [1]    FARG_Button_active_state
0x0F81       [0]    RB2_bit
0x0F81       [0]    RB3_bit
0x0F81       [0]    RB0_bit
0x0F81       [0]    RB1_bit
0x0F81       [1]    PORTB
0x0F81       [0]    LCD_D6
0x0F81       [0]    LCD_D7
0x0F81       [0]    LCD_D4
0x0F81       [0]    LCD_D5
0x0F83       [0]    LCD_EN
0x0F83       [0]    LCD_RS
0x0F83       [0]    RD6_bit
0x0F83       [0]    RD7_bit
0x0F8C       [0]    LATD5_bit
0x0F8C       [0]    LATD0_bit
0x0F93       [1]    TRISB
0x0F93       [0]    LCD_D6_Direction
0x0F93       [0]    LCD_D5_Direction
0x0F93       [0]    LCD_D4_Direction
0x0F93       [0]    LCD_D7_Direction
0x0F93       [0]    TRISB2_bit
0x0F93       [0]    TRISB3_bit
0x0F93       [0]    TRISB0_bit
0x0F93       [0]    TRISB1_bit
0x0F94       [1]    TRISC
0x0F95       [1]    TRISD
0x0F95       [0]    TRISD7_bit
0x0F95       [0]    LCD_RS_Direction
0x0F95       [0]    LCD_EN_Direction
0x0F95       [0]    TRISD6_bit
0x0F9D       [0]    TMR1IE_bit
0x0F9E       [0]    TMR1IF_bit
0x0F9F       [0]    TMR1IP_bit
0x0FC1       [1]    ADCON1
0x0FC2       [1]    ADCON0
0x0FCD       [1]    T1CON
0x0FCE       [1]    TMR1L
0x0FCF       [1]    TMR1H
0x0FD0       [0]    IPEN_bit
0x0FD5       [1]    T0CON
0x0FD6       [1]    TMR0L
0x0FD7       [1]    TMR0H
0x0FD8       [1]    STATUS
0x0FD9       [1]    FSR2L
0x0FDA       [1]    FSR2H
0x0FDE       [1]    POSTINC2
0x0FE0       [1]    BSR
0x0FE1       [1]    FSR1L
0x0FE2       [1]    FSR1H
0x0FE4       [1]    PREINC1
0x0FE6       [1]    POSTINC1
0x0FE7       [1]    INDF1
0x0FE8       [1]    WREG
0x0FE9       [1]    FSR0L
0x0FEA       [1]    FSR0H
0x0FEE       [1]    POSTINC0
0x0FF1       [0]    TMR0IP_bit
0x0FF2       [0]    TMR0IF_bit
0x0FF2       [0]    TMR0IE_bit
0x0FF2       [0]    PEIE_bit
0x0FF2       [0]    GIE_bit
0x0FF3       [1]    PRODL
0x0FF4       [1]    PRODH
0x0FF5       [1]    TABLAT
0x0FF6       [1]    TBLPTRL
0x0FF7       [1]    TBLPTRH
0x0FF8       [1]    TBLPTRU
//** Constants locations ** 
//ADDRESS    SIZE    CONSTANT
//----------------------------------------------
0x063A       [1]    ?ICS_contador_rotacao
0x063B       [1]    ?ICS_var_menu
0x063C      [34]    ?ICS_escolhaSinal
