Warning[207] C:\USERS\FELPE\DOCUMENTS\PROGRAMACAO\PIC\SENSOR-ROTACAO-PIC18F4550\SINAL_ROTACAO_60_2.ASM 6 : Found label after column 1. (BSF)
Error[122]   C:\USERS\FELPE\DOCUMENTS\PROGRAMACAO\PIC\SENSOR-ROTACAO-PIC18F4550\SINAL_ROTACAO_60_2.ASM 6 : Illegal opcode (GIE_bit)
Warning[207] C:\USERS\FELPE\DOCUMENTS\PROGRAMACAO\PIC\SENSOR-ROTACAO-PIC18F4550\SINAL_ROTACAO_60_2.ASM 8 : Found label after column 1. (BSF)
Error[122]   C:\USERS\FELPE\DOCUMENTS\PROGRAMACAO\PIC\SENSOR-ROTACAO-PIC18F4550\SINAL_ROTACAO_60_2.ASM 8 : Illegal opcode (PEIE_bit)
Warning[207] C:\USERS\FELPE\DOCUMENTS\PROGRAMACAO\PIC\SENSOR-ROTACAO-PIC18F4550\SINAL_ROTACAO_60_2.ASM 10 : Found label after column 1. (CLRF)
Error[122]   C:\USERS\FELPE\DOCUMENTS\PROGRAMACAO\PIC\SENSOR-ROTACAO-PIC18F4550\SINAL_ROTACAO_60_2.ASM 10 : Illegal opcode (TRISD)
Warning[207] C:\USERS\FELPE\DOCUMENTS\PROGRAMACAO\PIC\SENSOR-ROTACAO-PIC18F4550\SINAL_ROTACAO_60_2.ASM 12 : Found label after column 1. (MOVLW)
Error[108]   C:\USERS\FELPE\DOCUMENTS\PROGRAMACAO\PIC\SENSOR-ROTACAO-PIC18F4550\SINAL_ROTACAO_60_2.ASM 12 : Illegal character (1)
Warning[207] C:\USERS\FELPE\DOCUMENTS\PROGRAMACAO\PIC\SENSOR-ROTACAO-PIC18F4550\SINAL_ROTACAO_60_2.ASM 13 : Found label after column 1. (MOVWF)
Error[122]   C:\USERS\FELPE\DOCUMENTS\PROGRAMACAO\PIC\SENSOR-ROTACAO-PIC18F4550\SINAL_ROTACAO_60_2.ASM 13 : Illegal opcode (TRISB)
Warning[207] C:\USERS\FELPE\DOCUMENTS\PROGRAMACAO\PIC\SENSOR-ROTACAO-PIC18F4550\SINAL_ROTACAO_60_2.ASM 15 : Found label after column 1. (BCF)
Error[122]   C:\USERS\FELPE\DOCUMENTS\PROGRAMACAO\PIC\SENSOR-ROTACAO-PIC18F4550\SINAL_ROTACAO_60_2.ASM 15 : Illegal opcode (_flagb1)
Warning[207] C:\USERS\FELPE\DOCUMENTS\PROGRAMACAO\PIC\SENSOR-ROTACAO-PIC18F4550\SINAL_ROTACAO_60_2.ASM 17 : Found label after column 1. (BCF)
Error[122]   C:\USERS\FELPE\DOCUMENTS\PROGRAMACAO\PIC\SENSOR-ROTACAO-PIC18F4550\SINAL_ROTACAO_60_2.ASM 17 : Illegal opcode (_flagb2)
Warning[207] C:\USERS\FELPE\DOCUMENTS\PROGRAMACAO\PIC\SENSOR-ROTACAO-PIC18F4550\SINAL_ROTACAO_60_2.ASM 19 : Found label after column 1. (MOVLW)
Error[108]   C:\USERS\FELPE\DOCUMENTS\PROGRAMACAO\PIC\SENSOR-ROTACAO-PIC18F4550\SINAL_ROTACAO_60_2.ASM 19 : Illegal character (2)
Warning[207] C:\USERS\FELPE\DOCUMENTS\PROGRAMACAO\PIC\SENSOR-ROTACAO-PIC18F4550\SINAL_ROTACAO_60_2.ASM 20 : Found label after column 1. (MOVWF)
Error[122]   C:\USERS\FELPE\DOCUMENTS\PROGRAMACAO\PIC\SENSOR-ROTACAO-PIC18F4550\SINAL_ROTACAO_60_2.ASM 20 : Illegal opcode (_contT)
Warning[207] C:\USERS\FELPE\DOCUMENTS\PROGRAMACAO\PIC\SENSOR-ROTACAO-PIC18F4550\SINAL_ROTACAO_60_2.ASM 21 : Found label after column 1. (MOVLW)
Error[108]   C:\USERS\FELPE\DOCUMENTS\PROGRAMACAO\PIC\SENSOR-ROTACAO-PIC18F4550\SINAL_ROTACAO_60_2.ASM 21 : Illegal character (1)
Warning[207] C:\USERS\FELPE\DOCUMENTS\PROGRAMACAO\PIC\SENSOR-ROTACAO-PIC18F4550\SINAL_ROTACAO_60_2.ASM 22 : Found label after column 1. (MOVWF)
Error[122]   C:\USERS\FELPE\DOCUMENTS\PROGRAMACAO\PIC\SENSOR-ROTACAO-PIC18F4550\SINAL_ROTACAO_60_2.ASM 22 : Illegal opcode (_contT)
Warning[207] C:\USERS\FELPE\DOCUMENTS\PROGRAMACAO\PIC\SENSOR-ROTACAO-PIC18F4550\SINAL_ROTACAO_60_2.ASM 24 : Found label after column 1. (MOVLW)
Error[108]   C:\USERS\FELPE\DOCUMENTS\PROGRAMACAO\PIC\SENSOR-ROTACAO-PIC18F4550\SINAL_ROTACAO_60_2.ASM 24 : Illegal character (6)
Warning[207] C:\USERS\FELPE\DOCUMENTS\PROGRAMACAO\PIC\SENSOR-ROTACAO-PIC18F4550\SINAL_ROTACAO_60_2.ASM 25 : Found label after column 1. (MOVWF)
Error[122]   C:\USERS\FELPE\DOCUMENTS\PROGRAMACAO\PIC\SENSOR-ROTACAO-PIC18F4550\SINAL_ROTACAO_60_2.ASM 25 : Illegal opcode (T1CON)
Warning[207] C:\USERS\FELPE\DOCUMENTS\PROGRAMACAO\PIC\SENSOR-ROTACAO-PIC18F4550\SINAL_ROTACAO_60_2.ASM 27 : Found label after column 1. (CLRF)
Error[122]   C:\USERS\FELPE\DOCUMENTS\PROGRAMACAO\PIC\SENSOR-ROTACAO-PIC18F4550\SINAL_ROTACAO_60_2.ASM 27 : Illegal opcode (TMR1L)
Warning[207] C:\USERS\FELPE\DOCUMENTS\PROGRAMACAO\PIC\SENSOR-ROTACAO-PIC18F4550\SINAL_ROTACAO_60_2.ASM 29 : Found label after column 1. (CLRF)
Error[122]   C:\USERS\FELPE\DOCUMENTS\PROGRAMACAO\PIC\SENSOR-ROTACAO-PIC18F4550\SINAL_ROTACAO_60_2.ASM 29 : Illegal opcode (TMR1H)
Warning[207] C:\USERS\FELPE\DOCUMENTS\PROGRAMACAO\PIC\SENSOR-ROTACAO-PIC18F4550\SINAL_ROTACAO_60_2.ASM 31 : Found label after column 1. (BSF)
Error[122]   C:\USERS\FELPE\DOCUMENTS\PROGRAMACAO\PIC\SENSOR-ROTACAO-PIC18F4550\SINAL_ROTACAO_60_2.ASM 31 : Illegal opcode (TMR1IE_bit)
Warning[207] C:\USERS\FELPE\DOCUMENTS\PROGRAMACAO\PIC\SENSOR-ROTACAO-PIC18F4550\SINAL_ROTACAO_60_2.ASM 33 : Found label after column 1. (BSF)
Error[122]   C:\USERS\FELPE\DOCUMENTS\PROGRAMACAO\PIC\SENSOR-ROTACAO-PIC18F4550\SINAL_ROTACAO_60_2.ASM 33 : Illegal opcode (TMR1IP_bit)
Warning[207] C:\USERS\FELPE\DOCUMENTS\PROGRAMACAO\PIC\SENSOR-ROTACAO-PIC18F4550\SINAL_ROTACAO_60_2.ASM 35 : Found label after column 1. (MOVLW)
Error[108]   C:\USERS\FELPE\DOCUMENTS\PROGRAMACAO\PIC\SENSOR-ROTACAO-PIC18F4550\SINAL_ROTACAO_60_2.ASM 35 : Illegal character (1)
Warning[207] C:\USERS\FELPE\DOCUMENTS\PROGRAMACAO\PIC\SENSOR-ROTACAO-PIC18F4550\SINAL_ROTACAO_60_2.ASM 36 : Found label after column 1. (MOVWF)
Error[122]   C:\USERS\FELPE\DOCUMENTS\PROGRAMACAO\PIC\SENSOR-ROTACAO-PIC18F4550\SINAL_ROTACAO_60_2.ASM 36 : Illegal opcode (T0CON)
Warning[207] C:\USERS\FELPE\DOCUMENTS\PROGRAMACAO\PIC\SENSOR-ROTACAO-PIC18F4550\SINAL_ROTACAO_60_2.ASM 38 : Found label after column 1. (MOVLW)
Error[108]   C:\USERS\FELPE\DOCUMENTS\PROGRAMACAO\PIC\SENSOR-ROTACAO-PIC18F4550\SINAL_ROTACAO_60_2.ASM 38 : Illegal character (6)
Warning[207] C:\USERS\FELPE\DOCUMENTS\PROGRAMACAO\PIC\SENSOR-ROTACAO-PIC18F4550\SINAL_ROTACAO_60_2.ASM 39 : Found label after column 1. (MOVWF)
Error[122]   C:\USERS\FELPE\DOCUMENTS\PROGRAMACAO\PIC\SENSOR-ROTACAO-PIC18F4550\SINAL_ROTACAO_60_2.ASM 39 : Illegal opcode (TMR0L)
Warning[207] C:\USERS\FELPE\DOCUMENTS\PROGRAMACAO\PIC\SENSOR-ROTACAO-PIC18F4550\SINAL_ROTACAO_60_2.ASM 41 : Found label after column 1. (BSF)
Error[122]   C:\USERS\FELPE\DOCUMENTS\PROGRAMACAO\PIC\SENSOR-ROTACAO-PIC18F4550\SINAL_ROTACAO_60_2.ASM 41 : Illegal opcode (TMR0IE_bit)
Warning[207] C:\USERS\FELPE\DOCUMENTS\PROGRAMACAO\PIC\SENSOR-ROTACAO-PIC18F4550\SINAL_ROTACAO_60_2.ASM 43 : Found label after column 1. (BSF)
Error[122]   C:\USERS\FELPE\DOCUMENTS\PROGRAMACAO\PIC\SENSOR-ROTACAO-PIC18F4550\SINAL_ROTACAO_60_2.ASM 43 : Illegal opcode (TMR0IP_bit)
Warning[207] C:\USERS\FELPE\DOCUMENTS\PROGRAMACAO\PIC\SENSOR-ROTACAO-PIC18F4550\SINAL_ROTACAO_60_2.ASM 45 : Found label after column 1. (CLRF)
Error[122]   C:\USERS\FELPE\DOCUMENTS\PROGRAMACAO\PIC\SENSOR-ROTACAO-PIC18F4550\SINAL_ROTACAO_60_2.ASM 45 : Illegal opcode (ADCON0)
Warning[207] C:\USERS\FELPE\DOCUMENTS\PROGRAMACAO\PIC\SENSOR-ROTACAO-PIC18F4550\SINAL_ROTACAO_60_2.ASM 47 : Found label after column 1. (MOVLW)
Error[108]   C:\USERS\FELPE\DOCUMENTS\PROGRAMACAO\PIC\SENSOR-ROTACAO-PIC18F4550\SINAL_ROTACAO_60_2.ASM 47 : Illegal character (1)
Warning[207] C:\USERS\FELPE\DOCUMENTS\PROGRAMACAO\PIC\SENSOR-ROTACAO-PIC18F4550\SINAL_ROTACAO_60_2.ASM 48 : Found label after column 1. (MOVWF)
Error[122]   C:\USERS\FELPE\DOCUMENTS\PROGRAMACAO\PIC\SENSOR-ROTACAO-PIC18F4550\SINAL_ROTACAO_60_2.ASM 48 : Illegal opcode (ADCON1)
Warning[207] C:\USERS\FELPE\DOCUMENTS\PROGRAMACAO\PIC\SENSOR-ROTACAO-PIC18F4550\SINAL_ROTACAO_60_2.ASM 50 : Found label after column 1. (CALL)
Error[122]   C:\USERS\FELPE\DOCUMENTS\PROGRAMACAO\PIC\SENSOR-ROTACAO-PIC18F4550\SINAL_ROTACAO_60_2.ASM 50 : Illegal opcode (_Lcd_Init)
Warning[207] C:\USERS\FELPE\DOCUMENTS\PROGRAMACAO\PIC\SENSOR-ROTACAO-PIC18F4550\SINAL_ROTACAO_60_2.ASM 52 : Found label after column 1. (MOVLW)
Error[108]   C:\USERS\FELPE\DOCUMENTS\PROGRAMACAO\PIC\SENSOR-ROTACAO-PIC18F4550\SINAL_ROTACAO_60_2.ASM 52 : Illegal character (1)
Warning[207] C:\USERS\FELPE\DOCUMENTS\PROGRAMACAO\PIC\SENSOR-ROTACAO-PIC18F4550\SINAL_ROTACAO_60_2.ASM 53 : Found label after column 1. (MOVWF)
Error[122]   C:\USERS\FELPE\DOCUMENTS\PROGRAMACAO\PIC\SENSOR-ROTACAO-PIC18F4550\SINAL_ROTACAO_60_2.ASM 53 : Illegal opcode (FARG_Lcd_Cmd_out_char)
Warning[207] C:\USERS\FELPE\DOCUMENTS\PROGRAMACAO\PIC\SENSOR-ROTACAO-PIC18F4550\SINAL_ROTACAO_60_2.ASM 54 : Found label after column 1. (CALL)
Error[122]   C:\USERS\FELPE\DOCUMENTS\PROGRAMACAO\PIC\SENSOR-ROTACAO-PIC18F4550\SINAL_ROTACAO_60_2.ASM 54 : Illegal opcode (_Lcd_Cmd)
Warning[207] C:\USERS\FELPE\DOCUMENTS\PROGRAMACAO\PIC\SENSOR-ROTACAO-PIC18F4550\SINAL_ROTACAO_60_2.ASM 58 : Found label after column 1. (CALL)
Error[122]   C:\USERS\FELPE\DOCUMENTS\PROGRAMACAO\PIC\SENSOR-ROTACAO-PIC18F4550\SINAL_ROTACAO_60_2.ASM 58 : Illegal opcode (_sinal_rotacao)
Warning[207] C:\USERS\FELPE\DOCUMENTS\PROGRAMACAO\PIC\SENSOR-ROTACAO-PIC18F4550\SINAL_ROTACAO_60_2.ASM 60 : Found label after column 1. (GOTO)
Error[122]   C:\USERS\FELPE\DOCUMENTS\PROGRAMACAO\PIC\SENSOR-ROTACAO-PIC18F4550\SINAL_ROTACAO_60_2.ASM 60 : Illegal opcode (L_main0)
Warning[207] C:\USERS\FELPE\DOCUMENTS\PROGRAMACAO\PIC\SENSOR-ROTACAO-PIC18F4550\SINAL_ROTACAO_60_2.ASM 63 : Found label after column 1. (GOTO)
Error[108]   C:\USERS\FELPE\DOCUMENTS\PROGRAMACAO\PIC\SENSOR-ROTACAO-PIC18F4550\SINAL_ROTACAO_60_2.ASM 63 : Illegal character ($)
Warning[207] C:\USERS\FELPE\DOCUMENTS\PROGRAMACAO\PIC\SENSOR-ROTACAO-PIC18F4550\SINAL_ROTACAO_60_2.ASM 70 : Found label after column 1. (MOVLW)
Error[108]   C:\USERS\FELPE\DOCUMENTS\PROGRAMACAO\PIC\SENSOR-ROTACAO-PIC18F4550\SINAL_ROTACAO_60_2.ASM 70 : Illegal character (1)
Warning[207] C:\USERS\FELPE\DOCUMENTS\PROGRAMACAO\PIC\SENSOR-ROTACAO-PIC18F4550\SINAL_ROTACAO_60_2.ASM 71 : Found label after column 1. (MOVWF)
Error[122]   C:\USERS\FELPE\DOCUMENTS\PROGRAMACAO\PIC\SENSOR-ROTACAO-PIC18F4550\SINAL_ROTACAO_60_2.ASM 71 : Illegal opcode (FARG_Lcd_Chr_row)
Warning[207] C:\USERS\FELPE\DOCUMENTS\PROGRAMACAO\PIC\SENSOR-ROTACAO-PIC18F4550\SINAL_ROTACAO_60_2.ASM 72 : Found label after column 1. (MOVLW)
Error[108]   C:\USERS\FELPE\DOCUMENTS\PROGRAMACAO\PIC\SENSOR-ROTACAO-PIC18F4550\SINAL_ROTACAO_60_2.ASM 72 : Illegal character (1)
Warning[207] C:\USERS\FELPE\DOCUMENTS\PROGRAMACAO\PIC\SENSOR-ROTACAO-PIC18F4550\SINAL_ROTACAO_60_2.ASM 73 : Found label after column 1. (MOVWF)
Error[122]   C:\USERS\FELPE\DOCUMENTS\PROGRAMACAO\PIC\SENSOR-ROTACAO-PIC18F4550\SINAL_ROTACAO_60_2.ASM 73 : Illegal opcode (FARG_Lcd_Chr_column)
Warning[207] C:\USERS\FELPE\DOCUMENTS\PROGRAMACAO\PIC\SENSOR-ROTACAO-PIC18F4550\SINAL_ROTACAO_60_2.ASM 74 : Found label after column 1. (MOVLW)
Error[108]   C:\USERS\FELPE\DOCUMENTS\PROGRAMACAO\PIC\SENSOR-ROTACAO-PIC18F4550\SINAL_ROTACAO_60_2.ASM 74 : Illegal character (8)
Warning[207] C:\USERS\FELPE\DOCUMENTS\PROGRAMACAO\PIC\SENSOR-ROTACAO-PIC18F4550\SINAL_ROTACAO_60_2.ASM 75 : Found label after column 1. (MOVWF)
Error[122]   C:\USERS\FELPE\DOCUMENTS\PROGRAMACAO\PIC\SENSOR-ROTACAO-PIC18F4550\SINAL_ROTACAO_60_2.ASM 75 : Illegal opcode (FARG_Lcd_Chr_out_char)
Warning[207] C:\USERS\FELPE\DOCUMENTS\PROGRAMACAO\PIC\SENSOR-ROTACAO-PIC18F4550\SINAL_ROTACAO_60_2.ASM 76 : Found label after column 1. (CALL)
Error[122]   C:\USERS\FELPE\DOCUMENTS\PROGRAMACAO\PIC\SENSOR-ROTACAO-PIC18F4550\SINAL_ROTACAO_60_2.ASM 76 : Illegal opcode (_Lcd_Chr)
Warning[207] C:\USERS\FELPE\DOCUMENTS\PROGRAMACAO\PIC\SENSOR-ROTACAO-PIC18F4550\SINAL_ROTACAO_60_2.ASM 78 : Found label after column 1. (MOVLW)
Error[108]   C:\USERS\FELPE\DOCUMENTS\PROGRAMACAO\PIC\SENSOR-ROTACAO-PIC18F4550\SINAL_ROTACAO_60_2.ASM 78 : Illegal character (1)
Warning[207] C:\USERS\FELPE\DOCUMENTS\PROGRAMACAO\PIC\SENSOR-ROTACAO-PIC18F4550\SINAL_ROTACAO_60_2.ASM 79 : Found label after column 1. (MOVWF)
Error[122]   C:\USERS\FELPE\DOCUMENTS\PROGRAMACAO\PIC\SENSOR-ROTACAO-PIC18F4550\SINAL_ROTACAO_60_2.ASM 79 : Illegal opcode (FARG_Lcd_Chr_CP_out_char)
Warning[207] C:\USERS\FELPE\DOCUMENTS\PROGRAMACAO\PIC\SENSOR-ROTACAO-PIC18F4550\SINAL_ROTACAO_60_2.ASM 80 : Found label after column 1. (CALL)
Error[122]   C:\USERS\FELPE\DOCUMENTS\PROGRAMACAO\PIC\SENSOR-ROTACAO-PIC18F4550\SINAL_ROTACAO_60_2.ASM 80 : Illegal opcode (_Lcd_Chr_CP)
Warning[207] C:\USERS\FELPE\DOCUMENTS\PROGRAMACAO\PIC\SENSOR-ROTACAO-PIC18F4550\SINAL_ROTACAO_60_2.ASM 82 : Found label after column 1. (MOVLW)
Error[108]   C:\USERS\FELPE\DOCUMENTS\PROGRAMACAO\PIC\SENSOR-ROTACAO-PIC18F4550\SINAL_ROTACAO_60_2.ASM 82 : Illegal character (1)
Warning[207] C:\USERS\FELPE\DOCUMENTS\PROGRAMACAO\PIC\SENSOR-ROTACAO-PIC18F4550\SINAL_ROTACAO_60_2.ASM 83 : Found label after column 1. (MOVWF)
Error[122]   C:\USERS\FELPE\DOCUMENTS\PROGRAMACAO\PIC\SENSOR-ROTACAO-PIC18F4550\SINAL_ROTACAO_60_2.ASM 83 : Illegal opcode (FARG_Lcd_Chr_CP_out_char)
Warning[207] C:\USERS\FELPE\DOCUMENTS\PROGRAMACAO\PIC\SENSOR-ROTACAO-PIC18F4550\SINAL_ROTACAO_60_2.ASM 84 : Found label after column 1. (CALL)
Error[122]   C:\USERS\FELPE\DOCUMENTS\PROGRAMACAO\PIC\SENSOR-ROTACAO-PIC18F4550\SINAL_ROTACAO_60_2.ASM 84 : Illegal opcode (_Lcd_Chr_CP)
Warning[207] C:\USERS\FELPE\DOCUMENTS\PROGRAMACAO\PIC\SENSOR-ROTACAO-PIC18F4550\SINAL_ROTACAO_60_2.ASM 86 : Found label after column 1. (MOVLW)
Error[108]   C:\USERS\FELPE\DOCUMENTS\PROGRAMACAO\PIC\SENSOR-ROTACAO-PIC18F4550\SINAL_ROTACAO_60_2.ASM 86 : Illegal character (3)
Warning[207] C:\USERS\FELPE\DOCUMENTS\PROGRAMACAO\PIC\SENSOR-ROTACAO-PIC18F4550\SINAL_ROTACAO_60_2.ASM 87 : Found label after column 1. (MOVWF)
Error[122]   C:\USERS\FELPE\DOCUMENTS\PROGRAMACAO\PIC\SENSOR-ROTACAO-PIC18F4550\SINAL_ROTACAO_60_2.ASM 87 : Illegal opcode (FARG_Lcd_Chr_CP_out_char)
Warning[207] C:\USERS\FELPE\DOCUMENTS\PROGRAMACAO\PIC\SENSOR-ROTACAO-PIC18F4550\SINAL_ROTACAO_60_2.ASM 88 : Found label after column 1. (CALL)
Error[122]   C:\USERS\FELPE\DOCUMENTS\PROGRAMACAO\PIC\SENSOR-ROTACAO-PIC18F4550\SINAL_ROTACAO_60_2.ASM 88 : Illegal opcode (_Lcd_Chr_CP)
Warning[207] C:\USERS\FELPE\DOCUMENTS\PROGRAMACAO\PIC\SENSOR-ROTACAO-PIC18F4550\SINAL_ROTACAO_60_2.ASM 90 : Found label after column 1. (MOVLW)
Error[108]   C:\USERS\FELPE\DOCUMENTS\PROGRAMACAO\PIC\SENSOR-ROTACAO-PIC18F4550\SINAL_ROTACAO_60_2.ASM 90 : Illegal character (5)
Warning[207] C:\USERS\FELPE\DOCUMENTS\PROGRAMACAO\PIC\SENSOR-ROTACAO-PIC18F4550\SINAL_ROTACAO_60_2.ASM 91 : Found label after column 1. (MOVWF)
Error[122]   C:\USERS\FELPE\DOCUMENTS\PROGRAMACAO\PIC\SENSOR-ROTACAO-PIC18F4550\SINAL_ROTACAO_60_2.ASM 91 : Illegal opcode (FARG_Lcd_Chr_CP_out_char)
Warning[207] C:\USERS\FELPE\DOCUMENTS\PROGRAMACAO\PIC\SENSOR-ROTACAO-PIC18F4550\SINAL_ROTACAO_60_2.ASM 92 : Found label after column 1. (CALL)
Error[122]   C:\USERS\FELPE\DOCUMENTS\PROGRAMACAO\PIC\SENSOR-ROTACAO-PIC18F4550\SINAL_ROTACAO_60_2.ASM 92 : Illegal opcode (_Lcd_Chr_CP)
Warning[207] C:\USERS\FELPE\DOCUMENTS\PROGRAMACAO\PIC\SENSOR-ROTACAO-PIC18F4550\SINAL_ROTACAO_60_2.ASM 94 : Found label after column 1. (MOVLW)
Error[108]   C:\USERS\FELPE\DOCUMENTS\PROGRAMACAO\PIC\SENSOR-ROTACAO-PIC18F4550\SINAL_ROTACAO_60_2.ASM 94 : Illegal character (2)
Warning[207] C:\USERS\FELPE\DOCUMENTS\PROGRAMACAO\PIC\SENSOR-ROTACAO-PIC18F4550\SINAL_ROTACAO_60_2.ASM 95 : Found label after column 1. (MOVWF)
Error[122]   C:\USERS\FELPE\DOCUMENTS\PROGRAMACAO\PIC\SENSOR-ROTACAO-PIC18F4550\SINAL_ROTACAO_60_2.ASM 95 : Illegal opcode (FARG_Lcd_Chr_row)
Warning[207] C:\USERS\FELPE\DOCUMENTS\PROGRAMACAO\PIC\SENSOR-ROTACAO-PIC18F4550\SINAL_ROTACAO_60_2.ASM 96 : Found label after column 1. (MOVLW)
Error[108]   C:\USERS\FELPE\DOCUMENTS\PROGRAMACAO\PIC\SENSOR-ROTACAO-PIC18F4550\SINAL_ROTACAO_60_2.ASM 96 : Illegal character (1)
Warning[207] C:\USERS\FELPE\DOCUMENTS\PROGRAMACAO\PIC\SENSOR-ROTACAO-PIC18F4550\SINAL_ROTACAO_60_2.ASM 97 : Found label after column 1. (MOVWF)
Error[122]   C:\USERS\FELPE\DOCUMENTS\PROGRAMACAO\PIC\SENSOR-ROTACAO-PIC18F4550\SINAL_ROTACAO_60_2.ASM 97 : Illegal opcode (FARG_Lcd_Chr_column)
Warning[207] C:\USERS\FELPE\DOCUMENTS\PROGRAMACAO\PIC\SENSOR-ROTACAO-PIC18F4550\SINAL_ROTACAO_60_2.ASM 98 : Found label after column 1. (MOVLW)
Error[108]   C:\USERS\FELPE\DOCUMENTS\PROGRAMACAO\PIC\SENSOR-ROTACAO-PIC18F4550\SINAL_ROTACAO_60_2.ASM 98 : Illegal character (8)
Warning[207] C:\USERS\FELPE\DOCUMENTS\PROGRAMACAO\PIC\SENSOR-ROTACAO-PIC18F4550\SINAL_ROTACAO_60_2.ASM 99 : Found label after column 1. (MOVWF)
Error[122]   C:\USERS\FELPE\DOCUMENTS\PROGRAMACAO\PIC\SENSOR-ROTACAO-PIC18F4550\SINAL_ROTACAO_60_2.ASM 99 : Illegal opcode (FARG_Lcd_Chr_out_char)
Warning[207] C:\USERS\FELPE\DOCUMENTS\PROGRAMACAO\PIC\SENSOR-ROTACAO-PIC18F4550\SINAL_ROTACAO_60_2.ASM 100 : Found label after column 1. (CALL)
Error[122]   C:\USERS\FELPE\DOCUMENTS\PROGRAMACAO\PIC\SENSOR-ROTACAO-PIC18F4550\SINAL_ROTACAO_60_2.ASM 100 : Illegal opcode (_Lcd_Chr)
Warning[207] C:\USERS\FELPE\DOCUMENTS\PROGRAMACAO\PIC\SENSOR-ROTACAO-PIC18F4550\SINAL_ROTACAO_60_2.ASM 102 : Found label after column 1. (MOVLW)
Error[108]   C:\USERS\FELPE\DOCUMENTS\PROGRAMACAO\PIC\SENSOR-ROTACAO-PIC18F4550\SINAL_ROTACAO_60_2.ASM 102 : Illegal character (1)
Warning[207] C:\USERS\FELPE\DOCUMENTS\PROGRAMACAO\PIC\SENSOR-ROTACAO-PIC18F4550\SINAL_ROTACAO_60_2.ASM 103 : Found label after column 1. (MOVWF)
Error[122]   C:\USERS\FELPE\DOCUMENTS\PROGRAMACAO\PIC\SENSOR-ROTACAO-PIC18F4550\SINAL_ROTACAO_60_2.ASM 103 : Illegal opcode (FARG_Lcd_Chr_CP_out_char)
Warning[207] C:\USERS\FELPE\DOCUMENTS\PROGRAMACAO\PIC\SENSOR-ROTACAO-PIC18F4550\SINAL_ROTACAO_60_2.ASM 104 : Found label after column 1. (CALL)
Error[122]   C:\USERS\FELPE\DOCUMENTS\PROGRAMACAO\PIC\SENSOR-ROTACAO-PIC18F4550\SINAL_ROTACAO_60_2.ASM 104 : Illegal opcode (_Lcd_Chr_CP)
Warning[207] C:\USERS\FELPE\DOCUMENTS\PROGRAMACAO\PIC\SENSOR-ROTACAO-PIC18F4550\SINAL_ROTACAO_60_2.ASM 106 : Found label after column 1. (MOVLW)
Error[108]   C:\USERS\FELPE\DOCUMENTS\PROGRAMACAO\PIC\SENSOR-ROTACAO-PIC18F4550\SINAL_ROTACAO_60_2.ASM 106 : Illegal character (1)
Warning[207] C:\USERS\FELPE\DOCUMENTS\PROGRAMACAO\PIC\SENSOR-ROTACAO-PIC18F4550\SINAL_ROTACAO_60_2.ASM 107 : Found label after column 1. (MOVWF)
Error[122]   C:\USERS\FELPE\DOCUMENTS\PROGRAMACAO\PIC\SENSOR-ROTACAO-PIC18F4550\SINAL_ROTACAO_60_2.ASM 107 : Illegal opcode (FARG_Lcd_Chr_CP_out_char)
Warning[207] C:\USERS\FELPE\DOCUMENTS\PROGRAMACAO\PIC\SENSOR-ROTACAO-PIC18F4550\SINAL_ROTACAO_60_2.ASM 108 : Found label after column 1. (CALL)
Error[122]   C:\USERS\FELPE\DOCUMENTS\PROGRAMACAO\PIC\SENSOR-ROTACAO-PIC18F4550\SINAL_ROTACAO_60_2.ASM 108 : Illegal opcode (_Lcd_Chr_CP)
Warning[207] C:\USERS\FELPE\DOCUMENTS\PROGRAMACAO\PIC\SENSOR-ROTACAO-PIC18F4550\SINAL_ROTACAO_60_2.ASM 110 : Found label after column 1. (MOVLW)
Error[108]   C:\USERS\FELPE\DOCUMENTS\PROGRAMACAO\PIC\SENSOR-ROTACAO-PIC18F4550\SINAL_ROTACAO_60_2.ASM 110 : Illegal character (3)
Warning[207] C:\USERS\FELPE\DOCUMENTS\PROGRAMACAO\PIC\SENSOR-ROTACAO-PIC18F4550\SINAL_ROTACAO_60_2.ASM 111 : Found label after column 1. (MOVWF)
Error[122]   C:\USERS\FELPE\DOCUMENTS\PROGRAMACAO\PIC\SENSOR-ROTACAO-PIC18F4550\SINAL_ROTACAO_60_2.ASM 111 : Illegal opcode (FARG_Lcd_Chr_CP_out_char)
Warning[207] C:\USERS\FELPE\DOCUMENTS\PROGRAMACAO\PIC\SENSOR-ROTACAO-PIC18F4550\SINAL_ROTACAO_60_2.ASM 112 : Found label after column 1. (CALL)
Error[122]   C:\USERS\FELPE\DOCUMENTS\PROGRAMACAO\PIC\SENSOR-ROTACAO-PIC18F4550\SINAL_ROTACAO_60_2.ASM 112 : Illegal opcode (_Lcd_Chr_CP)
Warning[207] C:\USERS\FELPE\DOCUMENTS\PROGRAMACAO\PIC\SENSOR-ROTACAO-PIC18F4550\SINAL_ROTACAO_60_2.ASM 114 : Found label after column 1. (MOVLW)
Error[108]   C:\USERS\FELPE\DOCUMENTS\PROGRAMACAO\PIC\SENSOR-ROTACAO-PIC18F4550\SINAL_ROTACAO_60_2.ASM 114 : Illegal character (5)
Warning[207] C:\USERS\FELPE\DOCUMENTS\PROGRAMACAO\PIC\SENSOR-ROTACAO-PIC18F4550\SINAL_ROTACAO_60_2.ASM 115 : Found label after column 1. (MOVWF)
Error[122]   C:\USERS\FELPE\DOCUMENTS\PROGRAMACAO\PIC\SENSOR-ROTACAO-PIC18F4550\SINAL_ROTACAO_60_2.ASM 115 : Illegal opcode (FARG_Lcd_Chr_CP_out_char)
Warning[207] C:\USERS\FELPE\DOCUMENTS\PROGRAMACAO\PIC\SENSOR-ROTACAO-PIC18F4550\SINAL_ROTACAO_60_2.ASM 116 : Found label after column 1. (CALL)
Error[122]   C:\USERS\FELPE\DOCUMENTS\PROGRAMACAO\PIC\SENSOR-ROTACAO-PIC18F4550\SINAL_ROTACAO_60_2.ASM 116 : Illegal opcode (_Lcd_Chr_CP)
Warning[207] C:\USERS\FELPE\DOCUMENTS\PROGRAMACAO\PIC\SENSOR-ROTACAO-PIC18F4550\SINAL_ROTACAO_60_2.ASM 118 : Found label after column 1. (MOVLW)
Error[108]   C:\USERS\FELPE\DOCUMENTS\PROGRAMACAO\PIC\SENSOR-ROTACAO-PIC18F4550\SINAL_ROTACAO_60_2.ASM 118 : Illegal character (2)
Warning[207] C:\USERS\FELPE\DOCUMENTS\PROGRAMACAO\PIC\SENSOR-ROTACAO-PIC18F4550\SINAL_ROTACAO_60_2.ASM 119 : Found label after column 1. (MOVWF)
Error[122]   C:\USERS\FELPE\DOCUMENTS\PROGRAMACAO\PIC\SENSOR-ROTACAO-PIC18F4550\SINAL_ROTACAO_60_2.ASM 119 : Illegal opcode (FARG_Lcd_Chr_row)
Warning[207] C:\USERS\FELPE\DOCUMENTS\PROGRAMACAO\PIC\SENSOR-ROTACAO-PIC18F4550\SINAL_ROTACAO_60_2.ASM 120 : Found label after column 1. (MOVLW)
Error[108]   C:\USERS\FELPE\DOCUMENTS\PROGRAMACAO\PIC\SENSOR-ROTACAO-PIC18F4550\SINAL_ROTACAO_60_2.ASM 120 : Illegal character (1)
Warning[207] C:\USERS\FELPE\DOCUMENTS\PROGRAMACAO\PIC\SENSOR-ROTACAO-PIC18F4550\SINAL_ROTACAO_60_2.ASM 121 : Found label after column 1. (MOVWF)
Error[122]   C:\USERS\FELPE\DOCUMENTS\PROGRAMACAO\PIC\SENSOR-ROTACAO-PIC18F4550\SINAL_ROTACAO_60_2.ASM 121 : Illegal opcode (FARG_Lcd_Chr_column)
Warning[207] C:\USERS\FELPE\DOCUMENTS\PROGRAMACAO\PIC\SENSOR-ROTACAO-PIC18F4550\SINAL_ROTACAO_60_2.ASM 122 : Found label after column 1. (MOVLW)
Error[108]   C:\USERS\FELPE\DOCUMENTS\PROGRAMACAO\PIC\SENSOR-ROTACAO-PIC18F4550\SINAL_ROTACAO_60_2.ASM 122 : Illegal character (7)
Warning[207] C:\USERS\FELPE\DOCUMENTS\PROGRAMACAO\PIC\SENSOR-ROTACAO-PIC18F4550\SINAL_ROTACAO_60_2.ASM 123 : Found label after column 1. (MOVWF)
Error[122]   C:\USERS\FELPE\DOCUMENTS\PROGRAMACAO\PIC\SENSOR-ROTACAO-PIC18F4550\SINAL_ROTACAO_60_2.ASM 123 : Illegal opcode (FARG_Lcd_Chr_out_char)
Warning[207] C:\USERS\FELPE\DOCUMENTS\PROGRAMACAO\PIC\SENSOR-ROTACAO-PIC18F4550\SINAL_ROTACAO_60_2.ASM 124 : Found label after column 1. (CALL)
Error[122]   C:\USERS\FELPE\DOCUMENTS\PROGRAMACAO\PIC\SENSOR-ROTACAO-PIC18F4550\SINAL_ROTACAO_60_2.ASM 124 : Illegal opcode (_Lcd_Chr)
Warning[207] C:\USERS\FELPE\DOCUMENTS\PROGRAMACAO\PIC\SENSOR-ROTACAO-PIC18F4550\SINAL_ROTACAO_60_2.ASM 126 : Found label after column 1. (MOVLW)
Error[108]   C:\USERS\FELPE\DOCUMENTS\PROGRAMACAO\PIC\SENSOR-ROTACAO-PIC18F4550\SINAL_ROTACAO_60_2.ASM 126 : Illegal character (1)
Warning[207] C:\USERS\FELPE\DOCUMENTS\PROGRAMACAO\PIC\SENSOR-ROTACAO-PIC18F4550\SINAL_ROTACAO_60_2.ASM 127 : Found label after column 1. (MOVWF)
Error[122]   C:\USERS\FELPE\DOCUMENTS\PROGRAMACAO\PIC\SENSOR-ROTACAO-PIC18F4550\SINAL_ROTACAO_60_2.ASM 127 : Illegal opcode (FARG_Lcd_Chr_CP_out_char)
Warning[207] C:\USERS\FELPE\DOCUMENTS\PROGRAMACAO\PIC\SENSOR-ROTACAO-PIC18F4550\SINAL_ROTACAO_60_2.ASM 128 : Found label after column 1. (CALL)
Error[122]   C:\USERS\FELPE\DOCUMENTS\PROGRAMACAO\PIC\SENSOR-ROTACAO-PIC18F4550\SINAL_ROTACAO_60_2.ASM 128 : Illegal opcode (_Lcd_Chr_CP)
Warning[207] C:\USERS\FELPE\DOCUMENTS\PROGRAMACAO\PIC\SENSOR-ROTACAO-PIC18F4550\SINAL_ROTACAO_60_2.ASM 130 : Found label after column 1. (MOVLW)
Error[108]   C:\USERS\FELPE\DOCUMENTS\PROGRAMACAO\PIC\SENSOR-ROTACAO-PIC18F4550\SINAL_ROTACAO_60_2.ASM 130 : Illegal character (1)
Warning[207] C:\USERS\FELPE\DOCUMENTS\PROGRAMACAO\PIC\SENSOR-ROTACAO-PIC18F4550\SINAL_ROTACAO_60_2.ASM 131 : Found label after column 1. (MOVWF)
Error[122]   C:\USERS\FELPE\DOCUMENTS\PROGRAMACAO\PIC\SENSOR-ROTACAO-PIC18F4550\SINAL_ROTACAO_60_2.ASM 131 : Illegal opcode (FARG_Lcd_Chr_CP_out_char)
Warning[207] C:\USERS\FELPE\DOCUMENTS\PROGRAMACAO\PIC\SENSOR-ROTACAO-PIC18F4550\SINAL_ROTACAO_60_2.ASM 132 : Found label after column 1. (CALL)
Error[122]   C:\USERS\FELPE\DOCUMENTS\PROGRAMACAO\PIC\SENSOR-ROTACAO-PIC18F4550\SINAL_ROTACAO_60_2.ASM 132 : Illegal opcode (_Lcd_Chr_CP)
Warning[207] C:\USERS\FELPE\DOCUMENTS\PROGRAMACAO\PIC\SENSOR-ROTACAO-PIC18F4550\SINAL_ROTACAO_60_2.ASM 134 : Found label after column 1. (MOVF)
Error[122]   C:\USERS\FELPE\DOCUMENTS\PROGRAMACAO\PIC\SENSOR-ROTACAO-PIC18F4550\SINAL_ROTACAO_60_2.ASM 134 : Illegal opcode (_contT)
Warning[207] C:\USERS\FELPE\DOCUMENTS\PROGRAMACAO\PIC\SENSOR-ROTACAO-PIC18F4550\SINAL_ROTACAO_60_2.ASM 135 : Found label after column 1. (MOVWF)
Error[122]   C:\USERS\FELPE\DOCUMENTS\PROGRAMACAO\PIC\SENSOR-ROTACAO-PIC18F4550\SINAL_ROTACAO_60_2.ASM 135 : Illegal opcode (R0)
Warning[207] C:\USERS\FELPE\DOCUMENTS\PROGRAMACAO\PIC\SENSOR-ROTACAO-PIC18F4550\SINAL_ROTACAO_60_2.ASM 136 : Found label after column 1. (MOVF)
Error[122]   C:\USERS\FELPE\DOCUMENTS\PROGRAMACAO\PIC\SENSOR-ROTACAO-PIC18F4550\SINAL_ROTACAO_60_2.ASM 136 : Illegal opcode (_contT)
Warning[207] C:\USERS\FELPE\DOCUMENTS\PROGRAMACAO\PIC\SENSOR-ROTACAO-PIC18F4550\SINAL_ROTACAO_60_2.ASM 137 : Found label after column 1. (MOVWF)
Error[122]   C:\USERS\FELPE\DOCUMENTS\PROGRAMACAO\PIC\SENSOR-ROTACAO-PIC18F4550\SINAL_ROTACAO_60_2.ASM 137 : Illegal opcode (R1)
Warning[207] C:\USERS\FELPE\DOCUMENTS\PROGRAMACAO\PIC\SENSOR-ROTACAO-PIC18F4550\SINAL_ROTACAO_60_2.ASM 138 : Found label after column 1. (CALL)
Error[122]   C:\USERS\FELPE\DOCUMENTS\PROGRAMACAO\PIC\SENSOR-ROTACAO-PIC18F4550\SINAL_ROTACAO_60_2.ASM 138 : Illegal opcode (_word2double)
Warning[207] C:\USERS\FELPE\DOCUMENTS\PROGRAMACAO\PIC\SENSOR-ROTACAO-PIC18F4550\SINAL_ROTACAO_60_2.ASM 139 : Found label after column 1. (MOVLW)
Error[108]   C:\USERS\FELPE\DOCUMENTS\PROGRAMACAO\PIC\SENSOR-ROTACAO-PIC18F4550\SINAL_ROTACAO_60_2.ASM 139 : Illegal character (1)
Warning[207] C:\USERS\FELPE\DOCUMENTS\PROGRAMACAO\PIC\SENSOR-ROTACAO-PIC18F4550\SINAL_ROTACAO_60_2.ASM 140 : Found label after column 1. (MOVWF)
Error[122]   C:\USERS\FELPE\DOCUMENTS\PROGRAMACAO\PIC\SENSOR-ROTACAO-PIC18F4550\SINAL_ROTACAO_60_2.ASM 140 : Illegal opcode (R4)
Warning[207] C:\USERS\FELPE\DOCUMENTS\PROGRAMACAO\PIC\SENSOR-ROTACAO-PIC18F4550\SINAL_ROTACAO_60_2.ASM 141 : Found label after column 1. (MOVLW)
Error[108]   C:\USERS\FELPE\DOCUMENTS\PROGRAMACAO\PIC\SENSOR-ROTACAO-PIC18F4550\SINAL_ROTACAO_60_2.ASM 141 : Illegal character (5)
Warning[207] C:\USERS\FELPE\DOCUMENTS\PROGRAMACAO\PIC\SENSOR-ROTACAO-PIC18F4550\SINAL_ROTACAO_60_2.ASM 142 : Found label after column 1. (MOVWF)
Error[122]   C:\USERS\FELPE\DOCUMENTS\PROGRAMACAO\PIC\SENSOR-ROTACAO-PIC18F4550\SINAL_ROTACAO_60_2.ASM 142 : Illegal opcode (R5)
Warning[207] C:\USERS\FELPE\DOCUMENTS\PROGRAMACAO\PIC\SENSOR-ROTACAO-PIC18F4550\SINAL_ROTACAO_60_2.ASM 143 : Found label after column 1. (MOVLW)
Error[108]   C:\USERS\FELPE\DOCUMENTS\PROGRAMACAO\PIC\SENSOR-ROTACAO-PIC18F4550\SINAL_ROTACAO_60_2.ASM 143 : Illegal character (7)
Warning[207] C:\USERS\FELPE\DOCUMENTS\PROGRAMACAO\PIC\SENSOR-ROTACAO-PIC18F4550\SINAL_ROTACAO_60_2.ASM 144 : Found label after column 1. (MOVWF)
Error[122]   C:\USERS\FELPE\DOCUMENTS\PROGRAMACAO\PIC\SENSOR-ROTACAO-PIC18F4550\SINAL_ROTACAO_60_2.ASM 144 : Illegal opcode (R6)
Warning[207] C:\USERS\FELPE\DOCUMENTS\PROGRAMACAO\PIC\SENSOR-ROTACAO-PIC18F4550\SINAL_ROTACAO_60_2.ASM 145 : Found label after column 1. (MOVLW)
Error[108]   C:\USERS\FELPE\DOCUMENTS\PROGRAMACAO\PIC\SENSOR-ROTACAO-PIC18F4550\SINAL_ROTACAO_60_2.ASM 145 : Illegal character (1)
Warning[207] C:\USERS\FELPE\DOCUMENTS\PROGRAMACAO\PIC\SENSOR-ROTACAO-PIC18F4550\SINAL_ROTACAO_60_2.ASM 146 : Found label after column 1. (MOVWF)
Error[122]   C:\USERS\FELPE\DOCUMENTS\PROGRAMACAO\PIC\SENSOR-ROTACAO-PIC18F4550\SINAL_ROTACAO_60_2.ASM 146 : Illegal opcode (R7)
Warning[207] C:\USERS\FELPE\DOCUMENTS\PROGRAMACAO\PIC\SENSOR-ROTACAO-PIC18F4550\SINAL_ROTACAO_60_2.ASM 147 : Found label after column 1. (CALL)
Error[122]   C:\USERS\FELPE\DOCUMENTS\PROGRAMACAO\PIC\SENSOR-ROTACAO-PIC18F4550\SINAL_ROTACAO_60_2.ASM 147 : Illegal opcode (_Mul_32x32_FP)
Warning[207] C:\USERS\FELPE\DOCUMENTS\PROGRAMACAO\PIC\SENSOR-ROTACAO-PIC18F4550\SINAL_ROTACAO_60_2.ASM 148 : Found label after column 1. (CALL)
Error[122]   C:\USERS\FELPE\DOCUMENTS\PROGRAMACAO\PIC\SENSOR-ROTACAO-PIC18F4550\SINAL_ROTACAO_60_2.ASM 148 : Illegal opcode (_double2byte)
Warning[207] C:\USERS\FELPE\DOCUMENTS\PROGRAMACAO\PIC\SENSOR-ROTACAO-PIC18F4550\SINAL_ROTACAO_60_2.ASM 149 : Found label after column 1. (MOVF)
Error[122]   C:\USERS\FELPE\DOCUMENTS\PROGRAMACAO\PIC\SENSOR-ROTACAO-PIC18F4550\SINAL_ROTACAO_60_2.ASM 149 : Illegal opcode (R0)
Warning[207] C:\USERS\FELPE\DOCUMENTS\PROGRAMACAO\PIC\SENSOR-ROTACAO-PIC18F4550\SINAL_ROTACAO_60_2.ASM 150 : Found label after column 1. (MOVWF)
Error[122]   C:\USERS\FELPE\DOCUMENTS\PROGRAMACAO\PIC\SENSOR-ROTACAO-PIC18F4550\SINAL_ROTACAO_60_2.ASM 150 : Illegal opcode (_porc_freq)
Warning[207] C:\USERS\FELPE\DOCUMENTS\PROGRAMACAO\PIC\SENSOR-ROTACAO-PIC18F4550\SINAL_ROTACAO_60_2.ASM 152 : Found label after column 1. (MOVF)
Error[122]   C:\USERS\FELPE\DOCUMENTS\PROGRAMACAO\PIC\SENSOR-ROTACAO-PIC18F4550\SINAL_ROTACAO_60_2.ASM 152 : Illegal opcode (R0)
Warning[207] C:\USERS\FELPE\DOCUMENTS\PROGRAMACAO\PIC\SENSOR-ROTACAO-PIC18F4550\SINAL_ROTACAO_60_2.ASM 153 : Found label after column 1. (MOVWF)
Error[122]   C:\USERS\FELPE\DOCUMENTS\PROGRAMACAO\PIC\SENSOR-ROTACAO-PIC18F4550\SINAL_ROTACAO_60_2.ASM 153 : Illegal opcode (FARG_IntToStr_input)
Warning[207] C:\USERS\FELPE\DOCUMENTS\PROGRAMACAO\PIC\SENSOR-ROTACAO-PIC18F4550\SINAL_ROTACAO_60_2.ASM 154 : Found label after column 1. (MOVLW)
Error[108]   C:\USERS\FELPE\DOCUMENTS\PROGRAMACAO\PIC\SENSOR-ROTACAO-PIC18F4550\SINAL_ROTACAO_60_2.ASM 154 : Illegal character (0)
Warning[207] C:\USERS\FELPE\DOCUMENTS\PROGRAMACAO\PIC\SENSOR-ROTACAO-PIC18F4550\SINAL_ROTACAO_60_2.ASM 155 : Found label after column 1. (MOVWF)
Error[122]   C:\USERS\FELPE\DOCUMENTS\PROGRAMACAO\PIC\SENSOR-ROTACAO-PIC18F4550\SINAL_ROTACAO_60_2.ASM 155 : Illegal opcode (FARG_IntToStr_input)
Warning[207] C:\USERS\FELPE\DOCUMENTS\PROGRAMACAO\PIC\SENSOR-ROTACAO-PIC18F4550\SINAL_ROTACAO_60_2.ASM 156 : Found label after column 1. (MOVLW)
Error[122]   C:\USERS\FELPE\DOCUMENTS\PROGRAMACAO\PIC\SENSOR-ROTACAO-PIC18F4550\SINAL_ROTACAO_60_2.ASM 156 : Illegal opcode (_txt)
Warning[207] C:\USERS\FELPE\DOCUMENTS\PROGRAMACAO\PIC\SENSOR-ROTACAO-PIC18F4550\SINAL_ROTACAO_60_2.ASM 157 : Found label after column 1. (MOVWF)
Error[122]   C:\USERS\FELPE\DOCUMENTS\PROGRAMACAO\PIC\SENSOR-ROTACAO-PIC18F4550\SINAL_ROTACAO_60_2.ASM 157 : Illegal opcode (FARG_IntToStr_output)
Warning[207] C:\USERS\FELPE\DOCUMENTS\PROGRAMACAO\PIC\SENSOR-ROTACAO-PIC18F4550\SINAL_ROTACAO_60_2.ASM 158 : Found label after column 1. (MOVLW)
Error[122]   C:\USERS\FELPE\DOCUMENTS\PROGRAMACAO\PIC\SENSOR-ROTACAO-PIC18F4550\SINAL_ROTACAO_60_2.ASM 158 : Illegal opcode (hi_addr)
Warning[207] C:\USERS\FELPE\DOCUMENTS\PROGRAMACAO\PIC\SENSOR-ROTACAO-PIC18F4550\SINAL_ROTACAO_60_2.ASM 159 : Found label after column 1. (MOVWF)
Error[122]   C:\USERS\FELPE\DOCUMENTS\PROGRAMACAO\PIC\SENSOR-ROTACAO-PIC18F4550\SINAL_ROTACAO_60_2.ASM 159 : Illegal opcode (FARG_IntToStr_output)
Warning[207] C:\USERS\FELPE\DOCUMENTS\PROGRAMACAO\PIC\SENSOR-ROTACAO-PIC18F4550\SINAL_ROTACAO_60_2.ASM 160 : Found label after column 1. (CALL)
Error[122]   C:\USERS\FELPE\DOCUMENTS\PROGRAMACAO\PIC\SENSOR-ROTACAO-PIC18F4550\SINAL_ROTACAO_60_2.ASM 160 : Illegal opcode (_IntToStr)
Warning[207] C:\USERS\FELPE\DOCUMENTS\PROGRAMACAO\PIC\SENSOR-ROTACAO-PIC18F4550\SINAL_ROTACAO_60_2.ASM 162 : Found label after column 1. (MOVLW)
Error[108]   C:\USERS\FELPE\DOCUMENTS\PROGRAMACAO\PIC\SENSOR-ROTACAO-PIC18F4550\SINAL_ROTACAO_60_2.ASM 162 : Illegal character (1)
Warning[207] C:\USERS\FELPE\DOCUMENTS\PROGRAMACAO\PIC\SENSOR-ROTACAO-PIC18F4550\SINAL_ROTACAO_60_2.ASM 163 : Found label after column 1. (MOVWF)
Error[122]   C:\USERS\FELPE\DOCUMENTS\PROGRAMACAO\PIC\SENSOR-ROTACAO-PIC18F4550\SINAL_ROTACAO_60_2.ASM 163 : Illegal opcode (FARG_Lcd_Out_row)
Warning[207] C:\USERS\FELPE\DOCUMENTS\PROGRAMACAO\PIC\SENSOR-ROTACAO-PIC18F4550\SINAL_ROTACAO_60_2.ASM 164 : Found label after column 1. (MOVLW)
Error[108]   C:\USERS\FELPE\DOCUMENTS\PROGRAMACAO\PIC\SENSOR-ROTACAO-PIC18F4550\SINAL_ROTACAO_60_2.ASM 164 : Illegal character (6)
Warning[207] C:\USERS\FELPE\DOCUMENTS\PROGRAMACAO\PIC\SENSOR-ROTACAO-PIC18F4550\SINAL_ROTACAO_60_2.ASM 165 : Found label after column 1. (MOVWF)
Error[122]   C:\USERS\FELPE\DOCUMENTS\PROGRAMACAO\PIC\SENSOR-ROTACAO-PIC18F4550\SINAL_ROTACAO_60_2.ASM 165 : Illegal opcode (FARG_Lcd_Out_column)
Warning[207] C:\USERS\FELPE\DOCUMENTS\PROGRAMACAO\PIC\SENSOR-ROTACAO-PIC18F4550\SINAL_ROTACAO_60_2.ASM 166 : Found label after column 1. (MOVLW)
Error[122]   C:\USERS\FELPE\DOCUMENTS\PROGRAMACAO\PIC\SENSOR-ROTACAO-PIC18F4550\SINAL_ROTACAO_60_2.ASM 166 : Illegal opcode (_txt)
Warning[207] C:\USERS\FELPE\DOCUMENTS\PROGRAMACAO\PIC\SENSOR-ROTACAO-PIC18F4550\SINAL_ROTACAO_60_2.ASM 167 : Found label after column 1. (MOVWF)
Error[122]   C:\USERS\FELPE\DOCUMENTS\PROGRAMACAO\PIC\SENSOR-ROTACAO-PIC18F4550\SINAL_ROTACAO_60_2.ASM 167 : Illegal opcode (FARG_Lcd_Out_text)
Warning[207] C:\USERS\FELPE\DOCUMENTS\PROGRAMACAO\PIC\SENSOR-ROTACAO-PIC18F4550\SINAL_ROTACAO_60_2.ASM 168 : Found label after column 1. (MOVLW)
Error[122]   C:\USERS\FELPE\DOCUMENTS\PROGRAMACAO\PIC\SENSOR-ROTACAO-PIC18F4550\SINAL_ROTACAO_60_2.ASM 168 : Illegal opcode (hi_addr)
Warning[207] C:\USERS\FELPE\DOCUMENTS\PROGRAMACAO\PIC\SENSOR-ROTACAO-PIC18F4550\SINAL_ROTACAO_60_2.ASM 169 : Found label after column 1. (MOVWF)
Error[122]   C:\USERS\FELPE\DOCUMENTS\PROGRAMACAO\PIC\SENSOR-ROTACAO-PIC18F4550\SINAL_ROTACAO_60_2.ASM 169 : Illegal opcode (FARG_Lcd_Out_text)
Warning[207] C:\USERS\FELPE\DOCUMENTS\PROGRAMACAO\PIC\SENSOR-ROTACAO-PIC18F4550\SINAL_ROTACAO_60_2.ASM 170 : Found label after column 1. (CALL)
Error[122]   C:\USERS\FELPE\DOCUMENTS\PROGRAMACAO\PIC\SENSOR-ROTACAO-PIC18F4550\SINAL_ROTACAO_60_2.ASM 170 : Illegal opcode (_Lcd_Out)
Warning[207] C:\USERS\FELPE\DOCUMENTS\PROGRAMACAO\PIC\SENSOR-ROTACAO-PIC18F4550\SINAL_ROTACAO_60_2.ASM 172 : Found label after column 1. (MOVLW)
Error[108]   C:\USERS\FELPE\DOCUMENTS\PROGRAMACAO\PIC\SENSOR-ROTACAO-PIC18F4550\SINAL_ROTACAO_60_2.ASM 172 : Illegal character (1)
Warning[207] C:\USERS\FELPE\DOCUMENTS\PROGRAMACAO\PIC\SENSOR-ROTACAO-PIC18F4550\SINAL_ROTACAO_60_2.ASM 173 : Found label after column 1. (MOVWF)
Error[122]   C:\USERS\FELPE\DOCUMENTS\PROGRAMACAO\PIC\SENSOR-ROTACAO-PIC18F4550\SINAL_ROTACAO_60_2.ASM 173 : Illegal opcode (FARG_Lcd_Chr_row)
Warning[207] C:\USERS\FELPE\DOCUMENTS\PROGRAMACAO\PIC\SENSOR-ROTACAO-PIC18F4550\SINAL_ROTACAO_60_2.ASM 174 : Found label after column 1. (MOVLW)
Error[108]   C:\USERS\FELPE\DOCUMENTS\PROGRAMACAO\PIC\SENSOR-ROTACAO-PIC18F4550\SINAL_ROTACAO_60_2.ASM 174 : Illegal character (1)
Warning[207] C:\USERS\FELPE\DOCUMENTS\PROGRAMACAO\PIC\SENSOR-ROTACAO-PIC18F4550\SINAL_ROTACAO_60_2.ASM 175 : Found label after column 1. (MOVWF)
Error[122]   C:\USERS\FELPE\DOCUMENTS\PROGRAMACAO\PIC\SENSOR-ROTACAO-PIC18F4550\SINAL_ROTACAO_60_2.ASM 175 : Illegal opcode (FARG_Lcd_Chr_column)
Warning[207] C:\USERS\FELPE\DOCUMENTS\PROGRAMACAO\PIC\SENSOR-ROTACAO-PIC18F4550\SINAL_ROTACAO_60_2.ASM 176 : Found label after column 1. (MOVLW)
Error[108]   C:\USERS\FELPE\DOCUMENTS\PROGRAMACAO\PIC\SENSOR-ROTACAO-PIC18F4550\SINAL_ROTACAO_60_2.ASM 176 : Illegal character (3)
Warning[207] C:\USERS\FELPE\DOCUMENTS\PROGRAMACAO\PIC\SENSOR-ROTACAO-PIC18F4550\SINAL_ROTACAO_60_2.ASM 177 : Found label after column 1. (MOVWF)
Error[122]   C:\USERS\FELPE\DOCUMENTS\PROGRAMACAO\PIC\SENSOR-ROTACAO-PIC18F4550\SINAL_ROTACAO_60_2.ASM 177 : Illegal opcode (FARG_Lcd_Chr_out_char)
Warning[207] C:\USERS\FELPE\DOCUMENTS\PROGRAMACAO\PIC\SENSOR-ROTACAO-PIC18F4550\SINAL_ROTACAO_60_2.ASM 178 : Found label after column 1. (CALL)
Error[122]   C:\USERS\FELPE\DOCUMENTS\PROGRAMACAO\PIC\SENSOR-ROTACAO-PIC18F4550\SINAL_ROTACAO_60_2.ASM 178 : Illegal opcode (_Lcd_Chr)
Warning[207] C:\USERS\FELPE\DOCUMENTS\PROGRAMACAO\PIC\SENSOR-ROTACAO-PIC18F4550\SINAL_ROTACAO_60_2.ASM 180 : Found label after column 1. (MOVLW)
Error[108]   C:\USERS\FELPE\DOCUMENTS\PROGRAMACAO\PIC\SENSOR-ROTACAO-PIC18F4550\SINAL_ROTACAO_60_2.ASM 180 : Illegal character (0)
Warning[207] C:\USERS\FELPE\DOCUMENTS\PROGRAMACAO\PIC\SENSOR-ROTACAO-PIC18F4550\SINAL_ROTACAO_60_2.ASM 181 : Found label after column 1. (MOVWF)
Error[122]   C:\USERS\FELPE\DOCUMENTS\PROGRAMACAO\PIC\SENSOR-ROTACAO-PIC18F4550\SINAL_ROTACAO_60_2.ASM 181 : Illegal opcode (R0)
Warning[207] C:\USERS\FELPE\DOCUMENTS\PROGRAMACAO\PIC\SENSOR-ROTACAO-PIC18F4550\SINAL_ROTACAO_60_2.ASM 182 : Found label after column 1. (MOVLW)
Error[108]   C:\USERS\FELPE\DOCUMENTS\PROGRAMACAO\PIC\SENSOR-ROTACAO-PIC18F4550\SINAL_ROTACAO_60_2.ASM 182 : Illegal character (0)
Warning[207] C:\USERS\FELPE\DOCUMENTS\PROGRAMACAO\PIC\SENSOR-ROTACAO-PIC18F4550\SINAL_ROTACAO_60_2.ASM 183 : Found label after column 1. (MOVWF)
Error[122]   C:\USERS\FELPE\DOCUMENTS\PROGRAMACAO\PIC\SENSOR-ROTACAO-PIC18F4550\SINAL_ROTACAO_60_2.ASM 183 : Illegal opcode (R1)
Warning[207] C:\USERS\FELPE\DOCUMENTS\PROGRAMACAO\PIC\SENSOR-ROTACAO-PIC18F4550\SINAL_ROTACAO_60_2.ASM 184 : Found label after column 1. (MOVLW)
Error[108]   C:\USERS\FELPE\DOCUMENTS\PROGRAMACAO\PIC\SENSOR-ROTACAO-PIC18F4550\SINAL_ROTACAO_60_2.ASM 184 : Illegal character (1)
Warning[207] C:\USERS\FELPE\DOCUMENTS\PROGRAMACAO\PIC\SENSOR-ROTACAO-PIC18F4550\SINAL_ROTACAO_60_2.ASM 185 : Found label after column 1. (MOVWF)
Error[122]   C:\USERS\FELPE\DOCUMENTS\PROGRAMACAO\PIC\SENSOR-ROTACAO-PIC18F4550\SINAL_ROTACAO_60_2.ASM 185 : Illegal opcode (R2)
Warning[207] C:\USERS\FELPE\DOCUMENTS\PROGRAMACAO\PIC\SENSOR-ROTACAO-PIC18F4550\SINAL_ROTACAO_60_2.ASM 186 : Found label after column 1. (MOVLW)
Error[108]   C:\USERS\FELPE\DOCUMENTS\PROGRAMACAO\PIC\SENSOR-ROTACAO-PIC18F4550\SINAL_ROTACAO_60_2.ASM 186 : Illegal character (0)
Warning[207] C:\USERS\FELPE\DOCUMENTS\PROGRAMACAO\PIC\SENSOR-ROTACAO-PIC18F4550\SINAL_ROTACAO_60_2.ASM 187 : Found label after column 1. (MOVWF)
Error[122]   C:\USERS\FELPE\DOCUMENTS\PROGRAMACAO\PIC\SENSOR-ROTACAO-PIC18F4550\SINAL_ROTACAO_60_2.ASM 187 : Illegal opcode (R3)
Warning[207] C:\USERS\FELPE\DOCUMENTS\PROGRAMACAO\PIC\SENSOR-ROTACAO-PIC18F4550\SINAL_ROTACAO_60_2.ASM 188 : Found label after column 1. (MOVF)
Error[122]   C:\USERS\FELPE\DOCUMENTS\PROGRAMACAO\PIC\SENSOR-ROTACAO-PIC18F4550\SINAL_ROTACAO_60_2.ASM 188 : Illegal opcode (_contT)
Warning[207] C:\USERS\FELPE\DOCUMENTS\PROGRAMACAO\PIC\SENSOR-ROTACAO-PIC18F4550\SINAL_ROTACAO_60_2.ASM 189 : Found label after column 1. (SUBWF)
Error[122]   C:\USERS\FELPE\DOCUMENTS\PROGRAMACAO\PIC\SENSOR-ROTACAO-PIC18F4550\SINAL_ROTACAO_60_2.ASM 189 : Illegal opcode (R0)
Warning[207] C:\USERS\FELPE\DOCUMENTS\PROGRAMACAO\PIC\SENSOR-ROTACAO-PIC18F4550\SINAL_ROTACAO_60_2.ASM 190 : Found label after column 1. (MOVF)
Error[122]   C:\USERS\FELPE\DOCUMENTS\PROGRAMACAO\PIC\SENSOR-ROTACAO-PIC18F4550\SINAL_ROTACAO_60_2.ASM 190 : Illegal opcode (_contT)
Warning[207] C:\USERS\FELPE\DOCUMENTS\PROGRAMACAO\PIC\SENSOR-ROTACAO-PIC18F4550\SINAL_ROTACAO_60_2.ASM 191 : Found label after column 1. (SUBWFB)
Error[122]   C:\USERS\FELPE\DOCUMENTS\PROGRAMACAO\PIC\SENSOR-ROTACAO-PIC18F4550\SINAL_ROTACAO_60_2.ASM 191 : Illegal opcode (R1)
Warning[207] C:\USERS\FELPE\DOCUMENTS\PROGRAMACAO\PIC\SENSOR-ROTACAO-PIC18F4550\SINAL_ROTACAO_60_2.ASM 192 : Found label after column 1. (MOVLW)
Error[108]   C:\USERS\FELPE\DOCUMENTS\PROGRAMACAO\PIC\SENSOR-ROTACAO-PIC18F4550\SINAL_ROTACAO_60_2.ASM 192 : Illegal character (0)
Warning[207] C:\USERS\FELPE\DOCUMENTS\PROGRAMACAO\PIC\SENSOR-ROTACAO-PIC18F4550\SINAL_ROTACAO_60_2.ASM 193 : Found label after column 1. (SUBWFB)
Error[122]   C:\USERS\FELPE\DOCUMENTS\PROGRAMACAO\PIC\SENSOR-ROTACAO-PIC18F4550\SINAL_ROTACAO_60_2.ASM 193 : Illegal opcode (R2)
Warning[207] C:\USERS\FELPE\DOCUMENTS\PROGRAMACAO\PIC\SENSOR-ROTACAO-PIC18F4550\SINAL_ROTACAO_60_2.ASM 194 : Found label after column 1. (SUBWFB)
Error[122]   C:\USERS\FELPE\DOCUMENTS\PROGRAMACAO\PIC\SENSOR-ROTACAO-PIC18F4550\SINAL_ROTACAO_60_2.ASM 194 : Illegal opcode (R3)
Warning[207] C:\USERS\FELPE\DOCUMENTS\PROGRAMACAO\PIC\SENSOR-ROTACAO-PIC18F4550\SINAL_ROTACAO_60_2.ASM 195 : Found label after column 1. (CALL)
Error[122]   C:\USERS\FELPE\DOCUMENTS\PROGRAMACAO\PIC\SENSOR-ROTACAO-PIC18F4550\SINAL_ROTACAO_60_2.ASM 195 : Illegal opcode (_longint2double)
Warning[207] C:\USERS\FELPE\DOCUMENTS\PROGRAMACAO\PIC\SENSOR-ROTACAO-PIC18F4550\SINAL_ROTACAO_60_2.ASM 196 : Found label after column 1. (MOVLW)
Error[108]   C:\USERS\FELPE\DOCUMENTS\PROGRAMACAO\PIC\SENSOR-ROTACAO-PIC18F4550\SINAL_ROTACAO_60_2.ASM 196 : Illegal character (1)
Warning[207] C:\USERS\FELPE\DOCUMENTS\PROGRAMACAO\PIC\SENSOR-ROTACAO-PIC18F4550\SINAL_ROTACAO_60_2.ASM 197 : Found label after column 1. (MOVWF)
Error[122]   C:\USERS\FELPE\DOCUMENTS\PROGRAMACAO\PIC\SENSOR-ROTACAO-PIC18F4550\SINAL_ROTACAO_60_2.ASM 197 : Illegal opcode (R4)
Warning[207] C:\USERS\FELPE\DOCUMENTS\PROGRAMACAO\PIC\SENSOR-ROTACAO-PIC18F4550\SINAL_ROTACAO_60_2.ASM 198 : Found label after column 1. (MOVLW)
Error[108]   C:\USERS\FELPE\DOCUMENTS\PROGRAMACAO\PIC\SENSOR-ROTACAO-PIC18F4550\SINAL_ROTACAO_60_2.ASM 198 : Illegal character (5)
Warning[207] C:\USERS\FELPE\DOCUMENTS\PROGRAMACAO\PIC\SENSOR-ROTACAO-PIC18F4550\SINAL_ROTACAO_60_2.ASM 199 : Found label after column 1. (MOVWF)
Error[122]   C:\USERS\FELPE\DOCUMENTS\PROGRAMACAO\PIC\SENSOR-ROTACAO-PIC18F4550\SINAL_ROTACAO_60_2.ASM 199 : Illegal opcode (R5)
Warning[207] C:\USERS\FELPE\DOCUMENTS\PROGRAMACAO\PIC\SENSOR-ROTACAO-PIC18F4550\SINAL_ROTACAO_60_2.ASM 200 : Found label after column 1. (MOVLW)
Error[108]   C:\USERS\FELPE\DOCUMENTS\PROGRAMACAO\PIC\SENSOR-ROTACAO-PIC18F4550\SINAL_ROTACAO_60_2.ASM 200 : Illegal character (6)
Warning[207] C:\USERS\FELPE\DOCUMENTS\PROGRAMACAO\PIC\SENSOR-ROTACAO-PIC18F4550\SINAL_ROTACAO_60_2.ASM 201 : Found label after column 1. (MOVWF)
Error[122]   C:\USERS\FELPE\DOCUMENTS\PROGRAMACAO\PIC\SENSOR-ROTACAO-PIC18F4550\SINAL_ROTACAO_60_2.ASM 201 : Illegal opcode (R6)
Warning[207] C:\USERS\FELPE\DOCUMENTS\PROGRAMACAO\PIC\SENSOR-ROTACAO-PIC18F4550\SINAL_ROTACAO_60_2.ASM 202 : Found label after column 1. (MOVLW)
Error[108]   C:\USERS\FELPE\DOCUMENTS\PROGRAMACAO\PIC\SENSOR-ROTACAO-PIC18F4550\SINAL_ROTACAO_60_2.ASM 202 : Illegal character (1)
Warning[207] C:\USERS\FELPE\DOCUMENTS\PROGRAMACAO\PIC\SENSOR-ROTACAO-PIC18F4550\SINAL_ROTACAO_60_2.ASM 203 : Found label after column 1. (MOVWF)
Error[122]   C:\USERS\FELPE\DOCUMENTS\PROGRAMACAO\PIC\SENSOR-ROTACAO-PIC18F4550\SINAL_ROTACAO_60_2.ASM 203 : Illegal opcode (R7)
Warning[207] C:\USERS\FELPE\DOCUMENTS\PROGRAMACAO\PIC\SENSOR-ROTACAO-PIC18F4550\SINAL_ROTACAO_60_2.ASM 204 : Found label after column 1. (CALL)
Error[122]   C:\USERS\FELPE\DOCUMENTS\PROGRAMACAO\PIC\SENSOR-ROTACAO-PIC18F4550\SINAL_ROTACAO_60_2.ASM 204 : Illegal opcode (_Mul_32x32_FP)
Warning[207] C:\USERS\FELPE\DOCUMENTS\PROGRAMACAO\PIC\SENSOR-ROTACAO-PIC18F4550\SINAL_ROTACAO_60_2.ASM 205 : Found label after column 1. (MOVF)
Error[122]   C:\USERS\FELPE\DOCUMENTS\PROGRAMACAO\PIC\SENSOR-ROTACAO-PIC18F4550\SINAL_ROTACAO_60_2.ASM 205 : Illegal opcode (R0)
Warning[207] C:\USERS\FELPE\DOCUMENTS\PROGRAMACAO\PIC\SENSOR-ROTACAO-PIC18F4550\SINAL_ROTACAO_60_2.ASM 206 : Found label after column 1. (MOVWF)
Error[122]   C:\USERS\FELPE\DOCUMENTS\PROGRAMACAO\PIC\SENSOR-ROTACAO-PIC18F4550\SINAL_ROTACAO_60_2.ASM 206 : Illegal opcode (R4)
Warning[207] C:\USERS\FELPE\DOCUMENTS\PROGRAMACAO\PIC\SENSOR-ROTACAO-PIC18F4550\SINAL_ROTACAO_60_2.ASM 207 : Found label after column 1. (MOVF)
Error[122]   C:\USERS\FELPE\DOCUMENTS\PROGRAMACAO\PIC\SENSOR-ROTACAO-PIC18F4550\SINAL_ROTACAO_60_2.ASM 207 : Illegal opcode (R1)
Warning[207] C:\USERS\FELPE\DOCUMENTS\PROGRAMACAO\PIC\SENSOR-ROTACAO-PIC18F4550\SINAL_ROTACAO_60_2.ASM 208 : Found label after column 1. (MOVWF)
Error[122]   C:\USERS\FELPE\DOCUMENTS\PROGRAMACAO\PIC\SENSOR-ROTACAO-PIC18F4550\SINAL_ROTACAO_60_2.ASM 208 : Illegal opcode (R5)
Warning[207] C:\USERS\FELPE\DOCUMENTS\PROGRAMACAO\PIC\SENSOR-ROTACAO-PIC18F4550\SINAL_ROTACAO_60_2.ASM 209 : Found label after column 1. (MOVF)
Error[122]   C:\USERS\FELPE\DOCUMENTS\PROGRAMACAO\PIC\SENSOR-ROTACAO-PIC18F4550\SINAL_ROTACAO_60_2.ASM 209 : Illegal opcode (R2)
Warning[207] C:\USERS\FELPE\DOCUMENTS\PROGRAMACAO\PIC\SENSOR-ROTACAO-PIC18F4550\SINAL_ROTACAO_60_2.ASM 210 : Found label after column 1. (MOVWF)
Error[122]   C:\USERS\FELPE\DOCUMENTS\PROGRAMACAO\PIC\SENSOR-ROTACAO-PIC18F4550\SINAL_ROTACAO_60_2.ASM 210 : Illegal opcode (R6)
Warning[207] C:\USERS\FELPE\DOCUMENTS\PROGRAMACAO\PIC\SENSOR-ROTACAO-PIC18F4550\SINAL_ROTACAO_60_2.ASM 211 : Found label after column 1. (MOVF)
Error[122]   C:\USERS\FELPE\DOCUMENTS\PROGRAMACAO\PIC\SENSOR-ROTACAO-PIC18F4550\SINAL_ROTACAO_60_2.ASM 211 : Illegal opcode (R3)
Warning[207] C:\USERS\FELPE\DOCUMENTS\PROGRAMACAO\PIC\SENSOR-ROTACAO-PIC18F4550\SINAL_ROTACAO_60_2.ASM 212 : Found label after column 1. (MOVWF)
Error[122]   C:\USERS\FELPE\DOCUMENTS\PROGRAMACAO\PIC\SENSOR-ROTACAO-PIC18F4550\SINAL_ROTACAO_60_2.ASM 212 : Illegal opcode (R7)
Warning[207] C:\USERS\FELPE\DOCUMENTS\PROGRAMACAO\PIC\SENSOR-ROTACAO-PIC18F4550\SINAL_ROTACAO_60_2.ASM 213 : Found label after column 1. (MOVLW)
Error[108]   C:\USERS\FELPE\DOCUMENTS\PROGRAMACAO\PIC\SENSOR-ROTACAO-PIC18F4550\SINAL_ROTACAO_60_2.ASM 213 : Illegal character (0)
Warning[207] C:\USERS\FELPE\DOCUMENTS\PROGRAMACAO\PIC\SENSOR-ROTACAO-PIC18F4550\SINAL_ROTACAO_60_2.ASM 214 : Found label after column 1. (MOVWF)
Error[122]   C:\USERS\FELPE\DOCUMENTS\PROGRAMACAO\PIC\SENSOR-ROTACAO-PIC18F4550\SINAL_ROTACAO_60_2.ASM 214 : Illegal opcode (R0)
Warning[207] C:\USERS\FELPE\DOCUMENTS\PROGRAMACAO\PIC\SENSOR-ROTACAO-PIC18F4550\SINAL_ROTACAO_60_2.ASM 215 : Found label after column 1. (MOVLW)
Error[108]   C:\USERS\FELPE\DOCUMENTS\PROGRAMACAO\PIC\SENSOR-ROTACAO-PIC18F4550\SINAL_ROTACAO_60_2.ASM 215 : Illegal character (0)
Warning[207] C:\USERS\FELPE\DOCUMENTS\PROGRAMACAO\PIC\SENSOR-ROTACAO-PIC18F4550\SINAL_ROTACAO_60_2.ASM 216 : Found label after column 1. (MOVWF)
Error[122]   C:\USERS\FELPE\DOCUMENTS\PROGRAMACAO\PIC\SENSOR-ROTACAO-PIC18F4550\SINAL_ROTACAO_60_2.ASM 216 : Illegal opcode (R1)
Warning[207] C:\USERS\FELPE\DOCUMENTS\PROGRAMACAO\PIC\SENSOR-ROTACAO-PIC18F4550\SINAL_ROTACAO_60_2.ASM 217 : Found label after column 1. (MOVLW)
Error[108]   C:\USERS\FELPE\DOCUMENTS\PROGRAMACAO\PIC\SENSOR-ROTACAO-PIC18F4550\SINAL_ROTACAO_60_2.ASM 217 : Illegal character (0)
Warning[207] C:\USERS\FELPE\DOCUMENTS\PROGRAMACAO\PIC\SENSOR-ROTACAO-PIC18F4550\SINAL_ROTACAO_60_2.ASM 218 : Found label after column 1. (MOVWF)
Error[122]   C:\USERS\FELPE\DOCUMENTS\PROGRAMACAO\PIC\SENSOR-ROTACAO-PIC18F4550\SINAL_ROTACAO_60_2.ASM 218 : Illegal opcode (R2)
Warning[207] C:\USERS\FELPE\DOCUMENTS\PROGRAMACAO\PIC\SENSOR-ROTACAO-PIC18F4550\SINAL_ROTACAO_60_2.ASM 219 : Found label after column 1. (MOVLW)
Error[108]   C:\USERS\FELPE\DOCUMENTS\PROGRAMACAO\PIC\SENSOR-ROTACAO-PIC18F4550\SINAL_ROTACAO_60_2.ASM 219 : Illegal character (1)
Warning[207] C:\USERS\FELPE\DOCUMENTS\PROGRAMACAO\PIC\SENSOR-ROTACAO-PIC18F4550\SINAL_ROTACAO_60_2.ASM 220 : Found label after column 1. (MOVWF)
Error[122]   C:\USERS\FELPE\DOCUMENTS\PROGRAMACAO\PIC\SENSOR-ROTACAO-PIC18F4550\SINAL_ROTACAO_60_2.ASM 220 : Illegal opcode (R3)
Warning[207] C:\USERS\FELPE\DOCUMENTS\PROGRAMACAO\PIC\SENSOR-ROTACAO-PIC18F4550\SINAL_ROTACAO_60_2.ASM 221 : Found label after column 1. (CALL)
Error[122]   C:\USERS\FELPE\DOCUMENTS\PROGRAMACAO\PIC\SENSOR-ROTACAO-PIC18F4550\SINAL_ROTACAO_60_2.ASM 221 : Illegal opcode (_Div_32x32_FP)
Warning[207] C:\USERS\FELPE\DOCUMENTS\PROGRAMACAO\PIC\SENSOR-ROTACAO-PIC18F4550\SINAL_ROTACAO_60_2.ASM 222 : Found label after column 1. (MOVF)
Error[122]   C:\USERS\FELPE\DOCUMENTS\PROGRAMACAO\PIC\SENSOR-ROTACAO-PIC18F4550\SINAL_ROTACAO_60_2.ASM 222 : Illegal opcode (R0)
Warning[207] C:\USERS\FELPE\DOCUMENTS\PROGRAMACAO\PIC\SENSOR-ROTACAO-PIC18F4550\SINAL_ROTACAO_60_2.ASM 223 : Found label after column 1. (MOVWF)
Error[122]   C:\USERS\FELPE\DOCUMENTS\PROGRAMACAO\PIC\SENSOR-ROTACAO-PIC18F4550\SINAL_ROTACAO_60_2.ASM 223 : Illegal opcode (_freq_rotacao)
Warning[207] C:\USERS\FELPE\DOCUMENTS\PROGRAMACAO\PIC\SENSOR-ROTACAO-PIC18F4550\SINAL_ROTACAO_60_2.ASM 224 : Found label after column 1. (MOVF)
Error[122]   C:\USERS\FELPE\DOCUMENTS\PROGRAMACAO\PIC\SENSOR-ROTACAO-PIC18F4550\SINAL_ROTACAO_60_2.ASM 224 : Illegal opcode (R1)
Warning[207] C:\USERS\FELPE\DOCUMENTS\PROGRAMACAO\PIC\SENSOR-ROTACAO-PIC18F4550\SINAL_ROTACAO_60_2.ASM 225 : Found label after column 1. (MOVWF)
Error[122]   C:\USERS\FELPE\DOCUMENTS\PROGRAMACAO\PIC\SENSOR-ROTACAO-PIC18F4550\SINAL_ROTACAO_60_2.ASM 225 : Illegal opcode (_freq_rotacao)
Warning[207] C:\USERS\FELPE\DOCUMENTS\PROGRAMACAO\PIC\SENSOR-ROTACAO-PIC18F4550\SINAL_ROTACAO_60_2.ASM 226 : Found label after column 1. (MOVF)
Error[122]   C:\USERS\FELPE\DOCUMENTS\PROGRAMACAO\PIC\SENSOR-ROTACAO-PIC18F4550\SINAL_ROTACAO_60_2.ASM 226 : Illegal opcode (R2)
Warning[207] C:\USERS\FELPE\DOCUMENTS\PROGRAMACAO\PIC\SENSOR-ROTACAO-PIC18F4550\SINAL_ROTACAO_60_2.ASM 227 : Found label after column 1. (MOVWF)
Error[122]   C:\USERS\FELPE\DOCUMENTS\PROGRAMACAO\PIC\SENSOR-ROTACAO-PIC18F4550\SINAL_ROTACAO_60_2.ASM 227 : Illegal opcode (_freq_rotacao)
Warning[207] C:\USERS\FELPE\DOCUMENTS\PROGRAMACAO\PIC\SENSOR-ROTACAO-PIC18F4550\SINAL_ROTACAO_60_2.ASM 228 : Found label after column 1. (MOVF)
Error[122]   C:\USERS\FELPE\DOCUMENTS\PROGRAMACAO\PIC\SENSOR-ROTACAO-PIC18F4550\SINAL_ROTACAO_60_2.ASM 228 : Illegal opcode (R3)
Warning[207] C:\USERS\FELPE\DOCUMENTS\PROGRAMACAO\PIC\SENSOR-ROTACAO-PIC18F4550\SINAL_ROTACAO_60_2.ASM 229 : Found label after column 1. (MOVWF)
Error[122]   C:\USERS\FELPE\DOCUMENTS\PROGRAMACAO\PIC\SENSOR-ROTACAO-PIC18F4550\SINAL_ROTACAO_60_2.ASM 229 : Illegal opcode (_freq_rotacao)
Warning[207] C:\USERS\FELPE\DOCUMENTS\PROGRAMACAO\PIC\SENSOR-ROTACAO-PIC18F4550\SINAL_ROTACAO_60_2.ASM 231 : Found label after column 1. (MOVF)
Error[122]   C:\USERS\FELPE\DOCUMENTS\PROGRAMACAO\PIC\SENSOR-ROTACAO-PIC18F4550\SINAL_ROTACAO_60_2.ASM 231 : Illegal opcode (R0)
Warning[207] C:\USERS\FELPE\DOCUMENTS\PROGRAMACAO\PIC\SENSOR-ROTACAO-PIC18F4550\SINAL_ROTACAO_60_2.ASM 232 : Found label after column 1. (MOVWF)
Error[122]   C:\USERS\FELPE\DOCUMENTS\PROGRAMACAO\PIC\SENSOR-ROTACAO-PIC18F4550\SINAL_ROTACAO_60_2.ASM 232 : Illegal opcode (FARG_FloatToStr_FixLen_fnum)
Warning[207] C:\USERS\FELPE\DOCUMENTS\PROGRAMACAO\PIC\SENSOR-ROTACAO-PIC18F4550\SINAL_ROTACAO_60_2.ASM 233 : Found label after column 1. (MOVF)
Error[122]   C:\USERS\FELPE\DOCUMENTS\PROGRAMACAO\PIC\SENSOR-ROTACAO-PIC18F4550\SINAL_ROTACAO_60_2.ASM 233 : Illegal opcode (R1)
Warning[207] C:\USERS\FELPE\DOCUMENTS\PROGRAMACAO\PIC\SENSOR-ROTACAO-PIC18F4550\SINAL_ROTACAO_60_2.ASM 234 : Found label after column 1. (MOVWF)
Error[122]   C:\USERS\FELPE\DOCUMENTS\PROGRAMACAO\PIC\SENSOR-ROTACAO-PIC18F4550\SINAL_ROTACAO_60_2.ASM 234 : Illegal opcode (FARG_FloatToStr_FixLen_fnum)
Warning[207] C:\USERS\FELPE\DOCUMENTS\PROGRAMACAO\PIC\SENSOR-ROTACAO-PIC18F4550\SINAL_ROTACAO_60_2.ASM 235 : Found label after column 1. (MOVF)
Error[122]   C:\USERS\FELPE\DOCUMENTS\PROGRAMACAO\PIC\SENSOR-ROTACAO-PIC18F4550\SINAL_ROTACAO_60_2.ASM 235 : Illegal opcode (R2)
Warning[207] C:\USERS\FELPE\DOCUMENTS\PROGRAMACAO\PIC\SENSOR-ROTACAO-PIC18F4550\SINAL_ROTACAO_60_2.ASM 236 : Found label after column 1. (MOVWF)
Error[122]   C:\USERS\FELPE\DOCUMENTS\PROGRAMACAO\PIC\SENSOR-ROTACAO-PIC18F4550\SINAL_ROTACAO_60_2.ASM 236 : Illegal opcode (FARG_FloatToStr_FixLen_fnum)
Warning[207] C:\USERS\FELPE\DOCUMENTS\PROGRAMACAO\PIC\SENSOR-ROTACAO-PIC18F4550\SINAL_ROTACAO_60_2.ASM 237 : Found label after column 1. (MOVF)
Error[122]   C:\USERS\FELPE\DOCUMENTS\PROGRAMACAO\PIC\SENSOR-ROTACAO-PIC18F4550\SINAL_ROTACAO_60_2.ASM 237 : Illegal opcode (R3)
Warning[207] C:\USERS\FELPE\DOCUMENTS\PROGRAMACAO\PIC\SENSOR-ROTACAO-PIC18F4550\SINAL_ROTACAO_60_2.ASM 238 : Found label after column 1. (MOVWF)
Error[122]   C:\USERS\FELPE\DOCUMENTS\PROGRAMACAO\PIC\SENSOR-ROTACAO-PIC18F4550\SINAL_ROTACAO_60_2.ASM 238 : Illegal opcode (FARG_FloatToStr_FixLen_fnum)
Warning[207] C:\USERS\FELPE\DOCUMENTS\PROGRAMACAO\PIC\SENSOR-ROTACAO-PIC18F4550\SINAL_ROTACAO_60_2.ASM 239 : Found label after column 1. (MOVLW)
Error[122]   C:\USERS\FELPE\DOCUMENTS\PROGRAMACAO\PIC\SENSOR-ROTACAO-PIC18F4550\SINAL_ROTACAO_60_2.ASM 239 : Illegal opcode (_txt2)
Warning[207] C:\USERS\FELPE\DOCUMENTS\PROGRAMACAO\PIC\SENSOR-ROTACAO-PIC18F4550\SINAL_ROTACAO_60_2.ASM 240 : Found label after column 1. (MOVWF)
Error[122]   C:\USERS\FELPE\DOCUMENTS\PROGRAMACAO\PIC\SENSOR-ROTACAO-PIC18F4550\SINAL_ROTACAO_60_2.ASM 240 : Illegal opcode (FARG_FloatToStr_FixLen_str)
Warning[207] C:\USERS\FELPE\DOCUMENTS\PROGRAMACAO\PIC\SENSOR-ROTACAO-PIC18F4550\SINAL_ROTACAO_60_2.ASM 241 : Found label after column 1. (MOVLW)
Error[122]   C:\USERS\FELPE\DOCUMENTS\PROGRAMACAO\PIC\SENSOR-ROTACAO-PIC18F4550\SINAL_ROTACAO_60_2.ASM 241 : Illegal opcode (hi_addr)
Warning[207] C:\USERS\FELPE\DOCUMENTS\PROGRAMACAO\PIC\SENSOR-ROTACAO-PIC18F4550\SINAL_ROTACAO_60_2.ASM 242 : Found label after column 1. (MOVWF)
Error[122]   C:\USERS\FELPE\DOCUMENTS\PROGRAMACAO\PIC\SENSOR-ROTACAO-PIC18F4550\SINAL_ROTACAO_60_2.ASM 242 : Illegal opcode (FARG_FloatToStr_FixLen_str)
Warning[207] C:\USERS\FELPE\DOCUMENTS\PROGRAMACAO\PIC\SENSOR-ROTACAO-PIC18F4550\SINAL_ROTACAO_60_2.ASM 243 : Found label after column 1. (MOVLW)
Error[108]   C:\USERS\FELPE\DOCUMENTS\PROGRAMACAO\PIC\SENSOR-ROTACAO-PIC18F4550\SINAL_ROTACAO_60_2.ASM 243 : Illegal character (5)
Warning[207] C:\USERS\FELPE\DOCUMENTS\PROGRAMACAO\PIC\SENSOR-ROTACAO-PIC18F4550\SINAL_ROTACAO_60_2.ASM 244 : Found label after column 1. (MOVWF)
Error[122]   C:\USERS\FELPE\DOCUMENTS\PROGRAMACAO\PIC\SENSOR-ROTACAO-PIC18F4550\SINAL_ROTACAO_60_2.ASM 244 : Illegal opcode (FARG_FloatToStr_FixLen_len)
Warning[207] C:\USERS\FELPE\DOCUMENTS\PROGRAMACAO\PIC\SENSOR-ROTACAO-PIC18F4550\SINAL_ROTACAO_60_2.ASM 245 : Found label after column 1. (CALL)
Error[122]   C:\USERS\FELPE\DOCUMENTS\PROGRAMACAO\PIC\SENSOR-ROTACAO-PIC18F4550\SINAL_ROTACAO_60_2.ASM 245 : Illegal opcode (_FloatToStr_FixLen)
Warning[207] C:\USERS\FELPE\DOCUMENTS\PROGRAMACAO\PIC\SENSOR-ROTACAO-PIC18F4550\SINAL_ROTACAO_60_2.ASM 247 : Found label after column 1. (MOVLW)
Error[108]   C:\USERS\FELPE\DOCUMENTS\PROGRAMACAO\PIC\SENSOR-ROTACAO-PIC18F4550\SINAL_ROTACAO_60_2.ASM 247 : Illegal character (2)
Warning[207] C:\USERS\FELPE\DOCUMENTS\PROGRAMACAO\PIC\SENSOR-ROTACAO-PIC18F4550\SINAL_ROTACAO_60_2.ASM 248 : Found label after column 1. (MOVWF)
Error[122]   C:\USERS\FELPE\DOCUMENTS\PROGRAMACAO\PIC\SENSOR-ROTACAO-PIC18F4550\SINAL_ROTACAO_60_2.ASM 248 : Illegal opcode (FARG_Lcd_Out_row)
Warning[207] C:\USERS\FELPE\DOCUMENTS\PROGRAMACAO\PIC\SENSOR-ROTACAO-PIC18F4550\SINAL_ROTACAO_60_2.ASM 249 : Found label after column 1. (MOVLW)
Error[108]   C:\USERS\FELPE\DOCUMENTS\PROGRAMACAO\PIC\SENSOR-ROTACAO-PIC18F4550\SINAL_ROTACAO_60_2.ASM 249 : Illegal character (7)
Warning[207] C:\USERS\FELPE\DOCUMENTS\PROGRAMACAO\PIC\SENSOR-ROTACAO-PIC18F4550\SINAL_ROTACAO_60_2.ASM 250 : Found label after column 1. (MOVWF)
Error[122]   C:\USERS\FELPE\DOCUMENTS\PROGRAMACAO\PIC\SENSOR-ROTACAO-PIC18F4550\SINAL_ROTACAO_60_2.ASM 250 : Illegal opcode (FARG_Lcd_Out_column)
Warning[207] C:\USERS\FELPE\DOCUMENTS\PROGRAMACAO\PIC\SENSOR-ROTACAO-PIC18F4550\SINAL_ROTACAO_60_2.ASM 251 : Found label after column 1. (MOVLW)
Error[122]   C:\USERS\FELPE\DOCUMENTS\PROGRAMACAO\PIC\SENSOR-ROTACAO-PIC18F4550\SINAL_ROTACAO_60_2.ASM 251 : Illegal opcode (_txt2)
Warning[207] C:\USERS\FELPE\DOCUMENTS\PROGRAMACAO\PIC\SENSOR-ROTACAO-PIC18F4550\SINAL_ROTACAO_60_2.ASM 252 : Found label after column 1. (MOVWF)
Error[122]   C:\USERS\FELPE\DOCUMENTS\PROGRAMACAO\PIC\SENSOR-ROTACAO-PIC18F4550\SINAL_ROTACAO_60_2.ASM 252 : Illegal opcode (FARG_Lcd_Out_text)
Warning[207] C:\USERS\FELPE\DOCUMENTS\PROGRAMACAO\PIC\SENSOR-ROTACAO-PIC18F4550\SINAL_ROTACAO_60_2.ASM 253 : Found label after column 1. (MOVLW)
Error[122]   C:\USERS\FELPE\DOCUMENTS\PROGRAMACAO\PIC\SENSOR-ROTACAO-PIC18F4550\SINAL_ROTACAO_60_2.ASM 253 : Illegal opcode (hi_addr)
Warning[207] C:\USERS\FELPE\DOCUMENTS\PROGRAMACAO\PIC\SENSOR-ROTACAO-PIC18F4550\SINAL_ROTACAO_60_2.ASM 254 : Found label after column 1. (MOVWF)
Error[122]   C:\USERS\FELPE\DOCUMENTS\PROGRAMACAO\PIC\SENSOR-ROTACAO-PIC18F4550\SINAL_ROTACAO_60_2.ASM 254 : Illegal opcode (FARG_Lcd_Out_text)
Warning[207] C:\USERS\FELPE\DOCUMENTS\PROGRAMACAO\PIC\SENSOR-ROTACAO-PIC18F4550\SINAL_ROTACAO_60_2.ASM 255 : Found label after column 1. (CALL)
Error[122]   C:\USERS\FELPE\DOCUMENTS\PROGRAMACAO\PIC\SENSOR-ROTACAO-PIC18F4550\SINAL_ROTACAO_60_2.ASM 255 : Illegal opcode (_Lcd_Out)
Warning[207] C:\USERS\FELPE\DOCUMENTS\PROGRAMACAO\PIC\SENSOR-ROTACAO-PIC18F4550\SINAL_ROTACAO_60_2.ASM 258 : Found label after column 1. (RETURN)
Error[108]   C:\USERS\FELPE\DOCUMENTS\PROGRAMACAO\PIC\SENSOR-ROTACAO-PIC18F4550\SINAL_ROTACAO_60_2.ASM 258 : Illegal character (0)
Warning[207] C:\USERS\FELPE\DOCUMENTS\PROGRAMACAO\PIC\SENSOR-ROTACAO-PIC18F4550\SINAL_ROTACAO_60_2.ASM 265 : Found label after column 1. (BTFSS)
Error[122]   C:\USERS\FELPE\DOCUMENTS\PROGRAMACAO\PIC\SENSOR-ROTACAO-PIC18F4550\SINAL_ROTACAO_60_2.ASM 265 : Illegal opcode (TMR1IF_bit)
Warning[207] C:\USERS\FELPE\DOCUMENTS\PROGRAMACAO\PIC\SENSOR-ROTACAO-PIC18F4550\SINAL_ROTACAO_60_2.ASM 266 : Found label after column 1. (GOTO)
Error[122]   C:\USERS\FELPE\DOCUMENTS\PROGRAMACAO\PIC\SENSOR-ROTACAO-PIC18F4550\SINAL_ROTACAO_60_2.ASM 266 : Illegal opcode (L_interrupt2)
Warning[207] C:\USERS\FELPE\DOCUMENTS\PROGRAMACAO\PIC\SENSOR-ROTACAO-PIC18F4550\SINAL_ROTACAO_60_2.ASM 268 : Found label after column 1. (INCF)
Error[122]   C:\USERS\FELPE\DOCUMENTS\PROGRAMACAO\PIC\SENSOR-ROTACAO-PIC18F4550\SINAL_ROTACAO_60_2.ASM 268 : Illegal opcode (_contador_rotacao)
Warning[207] C:\USERS\FELPE\DOCUMENTS\PROGRAMACAO\PIC\SENSOR-ROTACAO-PIC18F4550\SINAL_ROTACAO_60_2.ASM 270 : Found label after column 1. (MOVLW)
Error[108]   C:\USERS\FELPE\DOCUMENTS\PROGRAMACAO\PIC\SENSOR-ROTACAO-PIC18F4550\SINAL_ROTACAO_60_2.ASM 270 : Illegal character (1)
Warning[207] C:\USERS\FELPE\DOCUMENTS\PROGRAMACAO\PIC\SENSOR-ROTACAO-PIC18F4550\SINAL_ROTACAO_60_2.ASM 271 : Found label after column 1. (SUBWF)
Error[122]   C:\USERS\FELPE\DOCUMENTS\PROGRAMACAO\PIC\SENSOR-ROTACAO-PIC18F4550\SINAL_ROTACAO_60_2.ASM 271 : Illegal opcode (_contador_rotacao)
Warning[207] C:\USERS\FELPE\DOCUMENTS\PROGRAMACAO\PIC\SENSOR-ROTACAO-PIC18F4550\SINAL_ROTACAO_60_2.ASM 272 : Found label after column 1. (BTFSC)
Error[122]   C:\USERS\FELPE\DOCUMENTS\PROGRAMACAO\PIC\SENSOR-ROTACAO-PIC18F4550\SINAL_ROTACAO_60_2.ASM 272 : Illegal opcode (STATUS)
Warning[207] C:\USERS\FELPE\DOCUMENTS\PROGRAMACAO\PIC\SENSOR-ROTACAO-PIC18F4550\SINAL_ROTACAO_60_2.ASM 273 : Found label after column 1. (GOTO)
Error[122]   C:\USERS\FELPE\DOCUMENTS\PROGRAMACAO\PIC\SENSOR-ROTACAO-PIC18F4550\SINAL_ROTACAO_60_2.ASM 273 : Illegal opcode (L_interrupt3)
Warning[207] C:\USERS\FELPE\DOCUMENTS\PROGRAMACAO\PIC\SENSOR-ROTACAO-PIC18F4550\SINAL_ROTACAO_60_2.ASM 274 : Found label after column 1. (BTG)
Error[122]   C:\USERS\FELPE\DOCUMENTS\PROGRAMACAO\PIC\SENSOR-ROTACAO-PIC18F4550\SINAL_ROTACAO_60_2.ASM 274 : Illegal opcode (RD0_bit)
Warning[207] C:\USERS\FELPE\DOCUMENTS\PROGRAMACAO\PIC\SENSOR-ROTACAO-PIC18F4550\SINAL_ROTACAO_60_2.ASM 277 : Found label after column 1. (MOVLW)
Error[108]   C:\USERS\FELPE\DOCUMENTS\PROGRAMACAO\PIC\SENSOR-ROTACAO-PIC18F4550\SINAL_ROTACAO_60_2.ASM 277 : Illegal character (1)
Warning[207] C:\USERS\FELPE\DOCUMENTS\PROGRAMACAO\PIC\SENSOR-ROTACAO-PIC18F4550\SINAL_ROTACAO_60_2.ASM 278 : Found label after column 1. (SUBWF)
Error[122]   C:\USERS\FELPE\DOCUMENTS\PROGRAMACAO\PIC\SENSOR-ROTACAO-PIC18F4550\SINAL_ROTACAO_60_2.ASM 278 : Illegal opcode (_contador_rotacao)
Warning[207] C:\USERS\FELPE\DOCUMENTS\PROGRAMACAO\PIC\SENSOR-ROTACAO-PIC18F4550\SINAL_ROTACAO_60_2.ASM 279 : Found label after column 1. (BTFSS)
Error[122]   C:\USERS\FELPE\DOCUMENTS\PROGRAMACAO\PIC\SENSOR-ROTACAO-PIC18F4550\SINAL_ROTACAO_60_2.ASM 279 : Illegal opcode (STATUS)
Warning[207] C:\USERS\FELPE\DOCUMENTS\PROGRAMACAO\PIC\SENSOR-ROTACAO-PIC18F4550\SINAL_ROTACAO_60_2.ASM 280 : Found label after column 1. (GOTO)
Error[122]   C:\USERS\FELPE\DOCUMENTS\PROGRAMACAO\PIC\SENSOR-ROTACAO-PIC18F4550\SINAL_ROTACAO_60_2.ASM 280 : Illegal opcode (L_interrupt4)
Warning[207] C:\USERS\FELPE\DOCUMENTS\PROGRAMACAO\PIC\SENSOR-ROTACAO-PIC18F4550\SINAL_ROTACAO_60_2.ASM 282 : Found label after column 1. (BTG)
Error[122]   C:\USERS\FELPE\DOCUMENTS\PROGRAMACAO\PIC\SENSOR-ROTACAO-PIC18F4550\SINAL_ROTACAO_60_2.ASM 282 : Illegal opcode (RD1_bit)
Warning[207] C:\USERS\FELPE\DOCUMENTS\PROGRAMACAO\PIC\SENSOR-ROTACAO-PIC18F4550\SINAL_ROTACAO_60_2.ASM 284 : Found label after column 1. (BCF)
Error[122]   C:\USERS\FELPE\DOCUMENTS\PROGRAMACAO\PIC\SENSOR-ROTACAO-PIC18F4550\SINAL_ROTACAO_60_2.ASM 284 : Illegal opcode (RD0_bit)
Warning[207] C:\USERS\FELPE\DOCUMENTS\PROGRAMACAO\PIC\SENSOR-ROTACAO-PIC18F4550\SINAL_ROTACAO_60_2.ASM 288 : Found label after column 1. (MOVF)
Error[122]   C:\USERS\FELPE\DOCUMENTS\PROGRAMACAO\PIC\SENSOR-ROTACAO-PIC18F4550\SINAL_ROTACAO_60_2.ASM 288 : Illegal opcode (_contador_rotacao)
Warning[207] C:\USERS\FELPE\DOCUMENTS\PROGRAMACAO\PIC\SENSOR-ROTACAO-PIC18F4550\SINAL_ROTACAO_60_2.ASM 289 : Found label after column 1. (XORLW)
Error[108]   C:\USERS\FELPE\DOCUMENTS\PROGRAMACAO\PIC\SENSOR-ROTACAO-PIC18F4550\SINAL_ROTACAO_60_2.ASM 289 : Illegal character (1)
Warning[207] C:\USERS\FELPE\DOCUMENTS\PROGRAMACAO\PIC\SENSOR-ROTACAO-PIC18F4550\SINAL_ROTACAO_60_2.ASM 290 : Found label after column 1. (BTFSS)
Error[122]   C:\USERS\FELPE\DOCUMENTS\PROGRAMACAO\PIC\SENSOR-ROTACAO-PIC18F4550\SINAL_ROTACAO_60_2.ASM 290 : Illegal opcode (STATUS)
Warning[207] C:\USERS\FELPE\DOCUMENTS\PROGRAMACAO\PIC\SENSOR-ROTACAO-PIC18F4550\SINAL_ROTACAO_60_2.ASM 291 : Found label after column 1. (GOTO)
Error[122]   C:\USERS\FELPE\DOCUMENTS\PROGRAMACAO\PIC\SENSOR-ROTACAO-PIC18F4550\SINAL_ROTACAO_60_2.ASM 291 : Illegal opcode (L_interrupt5)
Warning[207] C:\USERS\FELPE\DOCUMENTS\PROGRAMACAO\PIC\SENSOR-ROTACAO-PIC18F4550\SINAL_ROTACAO_60_2.ASM 293 : Found label after column 1. (CLRF)
Error[122]   C:\USERS\FELPE\DOCUMENTS\PROGRAMACAO\PIC\SENSOR-ROTACAO-PIC18F4550\SINAL_ROTACAO_60_2.ASM 293 : Illegal opcode (_contador_rotacao)
Warning[207] C:\USERS\FELPE\DOCUMENTS\PROGRAMACAO\PIC\SENSOR-ROTACAO-PIC18F4550\SINAL_ROTACAO_60_2.ASM 295 : Found label after column 1. (BCF)
Error[122]   C:\USERS\FELPE\DOCUMENTS\PROGRAMACAO\PIC\SENSOR-ROTACAO-PIC18F4550\SINAL_ROTACAO_60_2.ASM 295 : Illegal opcode (RD1_bit)
Warning[207] C:\USERS\FELPE\DOCUMENTS\PROGRAMACAO\PIC\SENSOR-ROTACAO-PIC18F4550\SINAL_ROTACAO_60_2.ASM 299 : Found label after column 1. (CLRF)
Error[122]   C:\USERS\FELPE\DOCUMENTS\PROGRAMACAO\PIC\SENSOR-ROTACAO-PIC18F4550\SINAL_ROTACAO_60_2.ASM 299 : Illegal opcode (TMR1L)
Warning[207] C:\USERS\FELPE\DOCUMENTS\PROGRAMACAO\PIC\SENSOR-ROTACAO-PIC18F4550\SINAL_ROTACAO_60_2.ASM 301 : Found label after column 1. (MOVF)
Error[122]   C:\USERS\FELPE\DOCUMENTS\PROGRAMACAO\PIC\SENSOR-ROTACAO-PIC18F4550\SINAL_ROTACAO_60_2.ASM 301 : Illegal opcode (_contT)
Warning[207] C:\USERS\FELPE\DOCUMENTS\PROGRAMACAO\PIC\SENSOR-ROTACAO-PIC18F4550\SINAL_ROTACAO_60_2.ASM 302 : Found label after column 1. (MOVWF)
Error[122]   C:\USERS\FELPE\DOCUMENTS\PROGRAMACAO\PIC\SENSOR-ROTACAO-PIC18F4550\SINAL_ROTACAO_60_2.ASM 302 : Illegal opcode (R0)
Warning[207] C:\USERS\FELPE\DOCUMENTS\PROGRAMACAO\PIC\SENSOR-ROTACAO-PIC18F4550\SINAL_ROTACAO_60_2.ASM 303 : Found label after column 1. (CLRF)
Error[122]   C:\USERS\FELPE\DOCUMENTS\PROGRAMACAO\PIC\SENSOR-ROTACAO-PIC18F4550\SINAL_ROTACAO_60_2.ASM 303 : Illegal opcode (R1)
Warning[207] C:\USERS\FELPE\DOCUMENTS\PROGRAMACAO\PIC\SENSOR-ROTACAO-PIC18F4550\SINAL_ROTACAO_60_2.ASM 304 : Found label after column 1. (MOVF)
Error[122]   C:\USERS\FELPE\DOCUMENTS\PROGRAMACAO\PIC\SENSOR-ROTACAO-PIC18F4550\SINAL_ROTACAO_60_2.ASM 304 : Illegal opcode (R0)
Warning[207] C:\USERS\FELPE\DOCUMENTS\PROGRAMACAO\PIC\SENSOR-ROTACAO-PIC18F4550\SINAL_ROTACAO_60_2.ASM 305 : Found label after column 1. (MOVWF)
Error[122]   C:\USERS\FELPE\DOCUMENTS\PROGRAMACAO\PIC\SENSOR-ROTACAO-PIC18F4550\SINAL_ROTACAO_60_2.ASM 305 : Illegal opcode (TMR1H)
Warning[207] C:\USERS\FELPE\DOCUMENTS\PROGRAMACAO\PIC\SENSOR-ROTACAO-PIC18F4550\SINAL_ROTACAO_60_2.ASM 307 : Found label after column 1. (BCF)
Error[122]   C:\USERS\FELPE\DOCUMENTS\PROGRAMACAO\PIC\SENSOR-ROTACAO-PIC18F4550\SINAL_ROTACAO_60_2.ASM 307 : Illegal opcode (TMR1IF_bit)
Warning[207] C:\USERS\FELPE\DOCUMENTS\PROGRAMACAO\PIC\SENSOR-ROTACAO-PIC18F4550\SINAL_ROTACAO_60_2.ASM 311 : Found label after column 1. (BTFSS)
Error[122]   C:\USERS\FELPE\DOCUMENTS\PROGRAMACAO\PIC\SENSOR-ROTACAO-PIC18F4550\SINAL_ROTACAO_60_2.ASM 311 : Illegal opcode (TMR0IF_bit)
Warning[207] C:\USERS\FELPE\DOCUMENTS\PROGRAMACAO\PIC\SENSOR-ROTACAO-PIC18F4550\SINAL_ROTACAO_60_2.ASM 312 : Found label after column 1. (GOTO)
Error[122]   C:\USERS\FELPE\DOCUMENTS\PROGRAMACAO\PIC\SENSOR-ROTACAO-PIC18F4550\SINAL_ROTACAO_60_2.ASM 312 : Illegal opcode (L_interrupt6)
Warning[207] C:\USERS\FELPE\DOCUMENTS\PROGRAMACAO\PIC\SENSOR-ROTACAO-PIC18F4550\SINAL_ROTACAO_60_2.ASM 314 : Found label after column 1. (BCF)
Error[122]   C:\USERS\FELPE\DOCUMENTS\PROGRAMACAO\PIC\SENSOR-ROTACAO-PIC18F4550\SINAL_ROTACAO_60_2.ASM 314 : Illegal opcode (TMR0IF_bit)
Warning[207] C:\USERS\FELPE\DOCUMENTS\PROGRAMACAO\PIC\SENSOR-ROTACAO-PIC18F4550\SINAL_ROTACAO_60_2.ASM 316 : Found label after column 1. (MOVLW)
Error[108]   C:\USERS\FELPE\DOCUMENTS\PROGRAMACAO\PIC\SENSOR-ROTACAO-PIC18F4550\SINAL_ROTACAO_60_2.ASM 316 : Illegal character (6)
Warning[207] C:\USERS\FELPE\DOCUMENTS\PROGRAMACAO\PIC\SENSOR-ROTACAO-PIC18F4550\SINAL_ROTACAO_60_2.ASM 317 : Found label after column 1. (MOVWF)
Error[122]   C:\USERS\FELPE\DOCUMENTS\PROGRAMACAO\PIC\SENSOR-ROTACAO-PIC18F4550\SINAL_ROTACAO_60_2.ASM 317 : Illegal opcode (TMR0L)
Warning[207] C:\USERS\FELPE\DOCUMENTS\PROGRAMACAO\PIC\SENSOR-ROTACAO-PIC18F4550\SINAL_ROTACAO_60_2.ASM 319 : Found label after column 1. (CALL)
Error[122]   C:\USERS\FELPE\DOCUMENTS\PROGRAMACAO\PIC\SENSOR-ROTACAO-PIC18F4550\SINAL_ROTACAO_60_2.ASM 319 : Illegal opcode (_testButton)
Warning[207] C:\USERS\FELPE\DOCUMENTS\PROGRAMACAO\PIC\SENSOR-ROTACAO-PIC18F4550\SINAL_ROTACAO_60_2.ASM 325 : Found label after column 1. (RETFIE)
Error[108]   C:\USERS\FELPE\DOCUMENTS\PROGRAMACAO\PIC\SENSOR-ROTACAO-PIC18F4550\SINAL_ROTACAO_60_2.ASM 325 : Illegal character (1)
Warning[207] C:\USERS\FELPE\DOCUMENTS\PROGRAMACAO\PIC\SENSOR-ROTACAO-PIC18F4550\SINAL_ROTACAO_60_2.ASM 332 : Found label after column 1. (BTFSS)
Error[122]   C:\USERS\FELPE\DOCUMENTS\PROGRAMACAO\PIC\SENSOR-ROTACAO-PIC18F4550\SINAL_ROTACAO_60_2.ASM 332 : Illegal opcode (RB7_bit)
Warning[207] C:\USERS\FELPE\DOCUMENTS\PROGRAMACAO\PIC\SENSOR-ROTACAO-PIC18F4550\SINAL_ROTACAO_60_2.ASM 333 : Found label after column 1. (GOTO)
Error[122]   C:\USERS\FELPE\DOCUMENTS\PROGRAMACAO\PIC\SENSOR-ROTACAO-PIC18F4550\SINAL_ROTACAO_60_2.ASM 333 : Illegal opcode (L_testButton9)
Warning[207] C:\USERS\FELPE\DOCUMENTS\PROGRAMACAO\PIC\SENSOR-ROTACAO-PIC18F4550\SINAL_ROTACAO_60_2.ASM 334 : Found label after column 1. (BTFSC)
Error[122]   C:\USERS\FELPE\DOCUMENTS\PROGRAMACAO\PIC\SENSOR-ROTACAO-PIC18F4550\SINAL_ROTACAO_60_2.ASM 334 : Illegal opcode (_flagb1)
Warning[207] C:\USERS\FELPE\DOCUMENTS\PROGRAMACAO\PIC\SENSOR-ROTACAO-PIC18F4550\SINAL_ROTACAO_60_2.ASM 335 : Found label after column 1. (GOTO)
Error[122]   C:\USERS\FELPE\DOCUMENTS\PROGRAMACAO\PIC\SENSOR-ROTACAO-PIC18F4550\SINAL_ROTACAO_60_2.ASM 335 : Illegal opcode (L_testButton9)
Warning[207] C:\USERS\FELPE\DOCUMENTS\PROGRAMACAO\PIC\SENSOR-ROTACAO-PIC18F4550\SINAL_ROTACAO_60_2.ASM 337 : Found label after column 1. (BSF)
Error[122]   C:\USERS\FELPE\DOCUMENTS\PROGRAMACAO\PIC\SENSOR-ROTACAO-PIC18F4550\SINAL_ROTACAO_60_2.ASM 337 : Illegal opcode (_flagb1)
Warning[207] C:\USERS\FELPE\DOCUMENTS\PROGRAMACAO\PIC\SENSOR-ROTACAO-PIC18F4550\SINAL_ROTACAO_60_2.ASM 340 : Found label after column 1. (BTFSS)
Error[122]   C:\USERS\FELPE\DOCUMENTS\PROGRAMACAO\PIC\SENSOR-ROTACAO-PIC18F4550\SINAL_ROTACAO_60_2.ASM 340 : Illegal opcode (RB6_bit)
Warning[207] C:\USERS\FELPE\DOCUMENTS\PROGRAMACAO\PIC\SENSOR-ROTACAO-PIC18F4550\SINAL_ROTACAO_60_2.ASM 341 : Found label after column 1. (GOTO)
Error[122]   C:\USERS\FELPE\DOCUMENTS\PROGRAMACAO\PIC\SENSOR-ROTACAO-PIC18F4550\SINAL_ROTACAO_60_2.ASM 341 : Illegal opcode (L_testButton12)
Warning[207] C:\USERS\FELPE\DOCUMENTS\PROGRAMACAO\PIC\SENSOR-ROTACAO-PIC18F4550\SINAL_ROTACAO_60_2.ASM 342 : Found label after column 1. (BTFSC)
Error[122]   C:\USERS\FELPE\DOCUMENTS\PROGRAMACAO\PIC\SENSOR-ROTACAO-PIC18F4550\SINAL_ROTACAO_60_2.ASM 342 : Illegal opcode (_flagb2)
Warning[207] C:\USERS\FELPE\DOCUMENTS\PROGRAMACAO\PIC\SENSOR-ROTACAO-PIC18F4550\SINAL_ROTACAO_60_2.ASM 343 : Found label after column 1. (GOTO)
Error[122]   C:\USERS\FELPE\DOCUMENTS\PROGRAMACAO\PIC\SENSOR-ROTACAO-PIC18F4550\SINAL_ROTACAO_60_2.ASM 343 : Illegal opcode (L_testButton12)
Warning[207] C:\USERS\FELPE\DOCUMENTS\PROGRAMACAO\PIC\SENSOR-ROTACAO-PIC18F4550\SINAL_ROTACAO_60_2.ASM 345 : Found label after column 1. (BSF)
Error[122]   C:\USERS\FELPE\DOCUMENTS\PROGRAMACAO\PIC\SENSOR-ROTACAO-PIC18F4550\SINAL_ROTACAO_60_2.ASM 345 : Illegal opcode (_flagb2)
Warning[207] C:\USERS\FELPE\DOCUMENTS\PROGRAMACAO\PIC\SENSOR-ROTACAO-PIC18F4550\SINAL_ROTACAO_60_2.ASM 348 : Found label after column 1. (BTFSC)
Error[122]   C:\USERS\FELPE\DOCUMENTS\PROGRAMACAO\PIC\SENSOR-ROTACAO-PIC18F4550\SINAL_ROTACAO_60_2.ASM 348 : Illegal opcode (RB7_bit)
Warning[207] C:\USERS\FELPE\DOCUMENTS\PROGRAMACAO\PIC\SENSOR-ROTACAO-PIC18F4550\SINAL_ROTACAO_60_2.ASM 349 : Found label after column 1. (GOTO)
Error[122]   C:\USERS\FELPE\DOCUMENTS\PROGRAMACAO\PIC\SENSOR-ROTACAO-PIC18F4550\SINAL_ROTACAO_60_2.ASM 349 : Illegal opcode (L_testButton15)
Warning[207] C:\USERS\FELPE\DOCUMENTS\PROGRAMACAO\PIC\SENSOR-ROTACAO-PIC18F4550\SINAL_ROTACAO_60_2.ASM 350 : Found label after column 1. (BTFSS)
Error[122]   C:\USERS\FELPE\DOCUMENTS\PROGRAMACAO\PIC\SENSOR-ROTACAO-PIC18F4550\SINAL_ROTACAO_60_2.ASM 350 : Illegal opcode (_flagb1)
Warning[207] C:\USERS\FELPE\DOCUMENTS\PROGRAMACAO\PIC\SENSOR-ROTACAO-PIC18F4550\SINAL_ROTACAO_60_2.ASM 351 : Found label after column 1. (GOTO)
Error[122]   C:\USERS\FELPE\DOCUMENTS\PROGRAMACAO\PIC\SENSOR-ROTACAO-PIC18F4550\SINAL_ROTACAO_60_2.ASM 351 : Illegal opcode (L_testButton15)
Warning[207] C:\USERS\FELPE\DOCUMENTS\PROGRAMACAO\PIC\SENSOR-ROTACAO-PIC18F4550\SINAL_ROTACAO_60_2.ASM 354 : Found label after column 1. (BCF)
Error[122]   C:\USERS\FELPE\DOCUMENTS\PROGRAMACAO\PIC\SENSOR-ROTACAO-PIC18F4550\SINAL_ROTACAO_60_2.ASM 354 : Illegal opcode (_flagb1)
Warning[207] C:\USERS\FELPE\DOCUMENTS\PROGRAMACAO\PIC\SENSOR-ROTACAO-PIC18F4550\SINAL_ROTACAO_60_2.ASM 356 : Found label after column 1. (MOVF)
Error[122]   C:\USERS\FELPE\DOCUMENTS\PROGRAMACAO\PIC\SENSOR-ROTACAO-PIC18F4550\SINAL_ROTACAO_60_2.ASM 356 : Illegal opcode (_contT)
Warning[207] C:\USERS\FELPE\DOCUMENTS\PROGRAMACAO\PIC\SENSOR-ROTACAO-PIC18F4550\SINAL_ROTACAO_60_2.ASM 357 : Found label after column 1. (XORLW)
Error[108]   C:\USERS\FELPE\DOCUMENTS\PROGRAMACAO\PIC\SENSOR-ROTACAO-PIC18F4550\SINAL_ROTACAO_60_2.ASM 357 : Illegal character (2)
Warning[207] C:\USERS\FELPE\DOCUMENTS\PROGRAMACAO\PIC\SENSOR-ROTACAO-PIC18F4550\SINAL_ROTACAO_60_2.ASM 358 : Found label after column 1. (BTFSS)
Error[122]   C:\USERS\FELPE\DOCUMENTS\PROGRAMACAO\PIC\SENSOR-ROTACAO-PIC18F4550\SINAL_ROTACAO_60_2.ASM 358 : Illegal opcode (STATUS)
Warning[207] C:\USERS\FELPE\DOCUMENTS\PROGRAMACAO\PIC\SENSOR-ROTACAO-PIC18F4550\SINAL_ROTACAO_60_2.ASM 359 : Found label after column 1. (GOTO)
Error[122]   C:\USERS\FELPE\DOCUMENTS\PROGRAMACAO\PIC\SENSOR-ROTACAO-PIC18F4550\SINAL_ROTACAO_60_2.ASM 359 : Illegal opcode (L__testButton38)
Warning[207] C:\USERS\FELPE\DOCUMENTS\PROGRAMACAO\PIC\SENSOR-ROTACAO-PIC18F4550\SINAL_ROTACAO_60_2.ASM 360 : Found label after column 1. (MOVLW)
Error[108]   C:\USERS\FELPE\DOCUMENTS\PROGRAMACAO\PIC\SENSOR-ROTACAO-PIC18F4550\SINAL_ROTACAO_60_2.ASM 360 : Illegal character (2)
Warning[207] C:\USERS\FELPE\DOCUMENTS\PROGRAMACAO\PIC\SENSOR-ROTACAO-PIC18F4550\SINAL_ROTACAO_60_2.ASM 361 : Found label after column 1. (XORWF)
Error[122]   C:\USERS\FELPE\DOCUMENTS\PROGRAMACAO\PIC\SENSOR-ROTACAO-PIC18F4550\SINAL_ROTACAO_60_2.ASM 361 : Illegal opcode (_contT)
Warning[207] C:\USERS\FELPE\DOCUMENTS\PROGRAMACAO\PIC\SENSOR-ROTACAO-PIC18F4550\SINAL_ROTACAO_60_2.ASM 363 : Found label after column 1. (BTFSC)
Error[122]   C:\USERS\FELPE\DOCUMENTS\PROGRAMACAO\PIC\SENSOR-ROTACAO-PIC18F4550\SINAL_ROTACAO_60_2.ASM 363 : Illegal opcode (STATUS)
Warning[207] C:\USERS\FELPE\DOCUMENTS\PROGRAMACAO\PIC\SENSOR-ROTACAO-PIC18F4550\SINAL_ROTACAO_60_2.ASM 364 : Found label after column 1. (GOTO)
Error[122]   C:\USERS\FELPE\DOCUMENTS\PROGRAMACAO\PIC\SENSOR-ROTACAO-PIC18F4550\SINAL_ROTACAO_60_2.ASM 364 : Illegal opcode (L__testButton29)
Warning[207] C:\USERS\FELPE\DOCUMENTS\PROGRAMACAO\PIC\SENSOR-ROTACAO-PIC18F4550\SINAL_ROTACAO_60_2.ASM 365 : Found label after column 1. (MOVLW)
Error[108]   C:\USERS\FELPE\DOCUMENTS\PROGRAMACAO\PIC\SENSOR-ROTACAO-PIC18F4550\SINAL_ROTACAO_60_2.ASM 365 : Illegal character (2)
Warning[207] C:\USERS\FELPE\DOCUMENTS\PROGRAMACAO\PIC\SENSOR-ROTACAO-PIC18F4550\SINAL_ROTACAO_60_2.ASM 366 : Found label after column 1. (SUBWF)
Error[122]   C:\USERS\FELPE\DOCUMENTS\PROGRAMACAO\PIC\SENSOR-ROTACAO-PIC18F4550\SINAL_ROTACAO_60_2.ASM 366 : Illegal opcode (_contT)
Warning[207] C:\USERS\FELPE\DOCUMENTS\PROGRAMACAO\PIC\SENSOR-ROTACAO-PIC18F4550\SINAL_ROTACAO_60_2.ASM 367 : Found label after column 1. (BTFSS)
Error[122]   C:\USERS\FELPE\DOCUMENTS\PROGRAMACAO\PIC\SENSOR-ROTACAO-PIC18F4550\SINAL_ROTACAO_60_2.ASM 367 : Illegal opcode (STATUS)
Warning[207] C:\USERS\FELPE\DOCUMENTS\PROGRAMACAO\PIC\SENSOR-ROTACAO-PIC18F4550\SINAL_ROTACAO_60_2.ASM 368 : Found label after column 1. (GOTO)
Error[122]   C:\USERS\FELPE\DOCUMENTS\PROGRAMACAO\PIC\SENSOR-ROTACAO-PIC18F4550\SINAL_ROTACAO_60_2.ASM 368 : Illegal opcode (L__testButton39)
Warning[207] C:\USERS\FELPE\DOCUMENTS\PROGRAMACAO\PIC\SENSOR-ROTACAO-PIC18F4550\SINAL_ROTACAO_60_2.ASM 369 : Found label after column 1. (MOVLW)
Error[108]   C:\USERS\FELPE\DOCUMENTS\PROGRAMACAO\PIC\SENSOR-ROTACAO-PIC18F4550\SINAL_ROTACAO_60_2.ASM 369 : Illegal character (1)
Warning[207] C:\USERS\FELPE\DOCUMENTS\PROGRAMACAO\PIC\SENSOR-ROTACAO-PIC18F4550\SINAL_ROTACAO_60_2.ASM 370 : Found label after column 1. (SUBWF)
Error[122]   C:\USERS\FELPE\DOCUMENTS\PROGRAMACAO\PIC\SENSOR-ROTACAO-PIC18F4550\SINAL_ROTACAO_60_2.ASM 370 : Illegal opcode (_contT)
Warning[207] C:\USERS\FELPE\DOCUMENTS\PROGRAMACAO\PIC\SENSOR-ROTACAO-PIC18F4550\SINAL_ROTACAO_60_2.ASM 372 : Found label after column 1. (BTFSC)
Error[122]   C:\USERS\FELPE\DOCUMENTS\PROGRAMACAO\PIC\SENSOR-ROTACAO-PIC18F4550\SINAL_ROTACAO_60_2.ASM 372 : Illegal opcode (STATUS)
Warning[207] C:\USERS\FELPE\DOCUMENTS\PROGRAMACAO\PIC\SENSOR-ROTACAO-PIC18F4550\SINAL_ROTACAO_60_2.ASM 373 : Found label after column 1. (GOTO)
Error[122]   C:\USERS\FELPE\DOCUMENTS\PROGRAMACAO\PIC\SENSOR-ROTACAO-PIC18F4550\SINAL_ROTACAO_60_2.ASM 373 : Illegal opcode (L__testButton29)
Warning[207] C:\USERS\FELPE\DOCUMENTS\PROGRAMACAO\PIC\SENSOR-ROTACAO-PIC18F4550\SINAL_ROTACAO_60_2.ASM 374 : Found label after column 1. (GOTO)
Error[122]   C:\USERS\FELPE\DOCUMENTS\PROGRAMACAO\PIC\SENSOR-ROTACAO-PIC18F4550\SINAL_ROTACAO_60_2.ASM 374 : Illegal opcode (L_testButton18)
Warning[207] C:\USERS\FELPE\DOCUMENTS\PROGRAMACAO\PIC\SENSOR-ROTACAO-PIC18F4550\SINAL_ROTACAO_60_2.ASM 376 : Found label after column 1. (MOVLW)
Error[108]   C:\USERS\FELPE\DOCUMENTS\PROGRAMACAO\PIC\SENSOR-ROTACAO-PIC18F4550\SINAL_ROTACAO_60_2.ASM 376 : Illegal character (2)
Warning[207] C:\USERS\FELPE\DOCUMENTS\PROGRAMACAO\PIC\SENSOR-ROTACAO-PIC18F4550\SINAL_ROTACAO_60_2.ASM 377 : Found label after column 1. (MOVWF)
Error[122]   C:\USERS\FELPE\DOCUMENTS\PROGRAMACAO\PIC\SENSOR-ROTACAO-PIC18F4550\SINAL_ROTACAO_60_2.ASM 377 : Illegal opcode (_contT)
Warning[207] C:\USERS\FELPE\DOCUMENTS\PROGRAMACAO\PIC\SENSOR-ROTACAO-PIC18F4550\SINAL_ROTACAO_60_2.ASM 378 : Found label after column 1. (MOVLW)
Error[108]   C:\USERS\FELPE\DOCUMENTS\PROGRAMACAO\PIC\SENSOR-ROTACAO-PIC18F4550\SINAL_ROTACAO_60_2.ASM 378 : Illegal character (2)
Warning[207] C:\USERS\FELPE\DOCUMENTS\PROGRAMACAO\PIC\SENSOR-ROTACAO-PIC18F4550\SINAL_ROTACAO_60_2.ASM 379 : Found label after column 1. (MOVWF)
Error[122]   C:\USERS\FELPE\DOCUMENTS\PROGRAMACAO\PIC\SENSOR-ROTACAO-PIC18F4550\SINAL_ROTACAO_60_2.ASM 379 : Illegal opcode (_contT)
Warning[207] C:\USERS\FELPE\DOCUMENTS\PROGRAMACAO\PIC\SENSOR-ROTACAO-PIC18F4550\SINAL_ROTACAO_60_2.ASM 380 : Found label after column 1. (GOTO)
Error[122]   C:\USERS\FELPE\DOCUMENTS\PROGRAMACAO\PIC\SENSOR-ROTACAO-PIC18F4550\SINAL_ROTACAO_60_2.ASM 380 : Illegal opcode (L_testButton19)
Warning[207] C:\USERS\FELPE\DOCUMENTS\PROGRAMACAO\PIC\SENSOR-ROTACAO-PIC18F4550\SINAL_ROTACAO_60_2.ASM 383 : Found label after column 1. (MOVLW)
Error[108]   C:\USERS\FELPE\DOCUMENTS\PROGRAMACAO\PIC\SENSOR-ROTACAO-PIC18F4550\SINAL_ROTACAO_60_2.ASM 383 : Illegal character (1)
Warning[207] C:\USERS\FELPE\DOCUMENTS\PROGRAMACAO\PIC\SENSOR-ROTACAO-PIC18F4550\SINAL_ROTACAO_60_2.ASM 384 : Found label after column 1. (ADDWF)
Error[122]   C:\USERS\FELPE\DOCUMENTS\PROGRAMACAO\PIC\SENSOR-ROTACAO-PIC18F4550\SINAL_ROTACAO_60_2.ASM 384 : Illegal opcode (_contT)
Warning[207] C:\USERS\FELPE\DOCUMENTS\PROGRAMACAO\PIC\SENSOR-ROTACAO-PIC18F4550\SINAL_ROTACAO_60_2.ASM 385 : Found label after column 1. (MOVLW)
Error[108]   C:\USERS\FELPE\DOCUMENTS\PROGRAMACAO\PIC\SENSOR-ROTACAO-PIC18F4550\SINAL_ROTACAO_60_2.ASM 385 : Illegal character (2)
Warning[207] C:\USERS\FELPE\DOCUMENTS\PROGRAMACAO\PIC\SENSOR-ROTACAO-PIC18F4550\SINAL_ROTACAO_60_2.ASM 386 : Found label after column 1. (ADDWFC)
Error[122]   C:\USERS\FELPE\DOCUMENTS\PROGRAMACAO\PIC\SENSOR-ROTACAO-PIC18F4550\SINAL_ROTACAO_60_2.ASM 386 : Illegal opcode (_contT)
Warning[207] C:\USERS\FELPE\DOCUMENTS\PROGRAMACAO\PIC\SENSOR-ROTACAO-PIC18F4550\SINAL_ROTACAO_60_2.ASM 389 : Found label after column 1. (BTG)
Error[122]   C:\USERS\FELPE\DOCUMENTS\PROGRAMACAO\PIC\SENSOR-ROTACAO-PIC18F4550\SINAL_ROTACAO_60_2.ASM 389 : Illegal opcode (RB0_bit)
Warning[207] C:\USERS\FELPE\DOCUMENTS\PROGRAMACAO\PIC\SENSOR-ROTACAO-PIC18F4550\SINAL_ROTACAO_60_2.ASM 393 : Found label after column 1. (BTFSC)
Error[122]   C:\USERS\FELPE\DOCUMENTS\PROGRAMACAO\PIC\SENSOR-ROTACAO-PIC18F4550\SINAL_ROTACAO_60_2.ASM 393 : Illegal opcode (RB6_bit)
Warning[207] C:\USERS\FELPE\DOCUMENTS\PROGRAMACAO\PIC\SENSOR-ROTACAO-PIC18F4550\SINAL_ROTACAO_60_2.ASM 394 : Found label after column 1. (GOTO)
Error[122]   C:\USERS\FELPE\DOCUMENTS\PROGRAMACAO\PIC\SENSOR-ROTACAO-PIC18F4550\SINAL_ROTACAO_60_2.ASM 394 : Illegal opcode (L_testButton22)
Warning[207] C:\USERS\FELPE\DOCUMENTS\PROGRAMACAO\PIC\SENSOR-ROTACAO-PIC18F4550\SINAL_ROTACAO_60_2.ASM 395 : Found label after column 1. (BTFSS)
Error[122]   C:\USERS\FELPE\DOCUMENTS\PROGRAMACAO\PIC\SENSOR-ROTACAO-PIC18F4550\SINAL_ROTACAO_60_2.ASM 395 : Illegal opcode (_flagb2)
Warning[207] C:\USERS\FELPE\DOCUMENTS\PROGRAMACAO\PIC\SENSOR-ROTACAO-PIC18F4550\SINAL_ROTACAO_60_2.ASM 396 : Found label after column 1. (GOTO)
Error[122]   C:\USERS\FELPE\DOCUMENTS\PROGRAMACAO\PIC\SENSOR-ROTACAO-PIC18F4550\SINAL_ROTACAO_60_2.ASM 396 : Illegal opcode (L_testButton22)
Warning[207] C:\USERS\FELPE\DOCUMENTS\PROGRAMACAO\PIC\SENSOR-ROTACAO-PIC18F4550\SINAL_ROTACAO_60_2.ASM 399 : Found label after column 1. (BCF)
Error[122]   C:\USERS\FELPE\DOCUMENTS\PROGRAMACAO\PIC\SENSOR-ROTACAO-PIC18F4550\SINAL_ROTACAO_60_2.ASM 399 : Illegal opcode (_flagb2)
Warning[207] C:\USERS\FELPE\DOCUMENTS\PROGRAMACAO\PIC\SENSOR-ROTACAO-PIC18F4550\SINAL_ROTACAO_60_2.ASM 401 : Found label after column 1. (MOVLW)
Error[108]   C:\USERS\FELPE\DOCUMENTS\PROGRAMACAO\PIC\SENSOR-ROTACAO-PIC18F4550\SINAL_ROTACAO_60_2.ASM 401 : Illegal character (0)
Warning[207] C:\USERS\FELPE\DOCUMENTS\PROGRAMACAO\PIC\SENSOR-ROTACAO-PIC18F4550\SINAL_ROTACAO_60_2.ASM 402 : Found label after column 1. (XORWF)
Error[122]   C:\USERS\FELPE\DOCUMENTS\PROGRAMACAO\PIC\SENSOR-ROTACAO-PIC18F4550\SINAL_ROTACAO_60_2.ASM 402 : Illegal opcode (_contT)
Warning[207] C:\USERS\FELPE\DOCUMENTS\PROGRAMACAO\PIC\SENSOR-ROTACAO-PIC18F4550\SINAL_ROTACAO_60_2.ASM 403 : Found label after column 1. (BTFSS)
Error[122]   C:\USERS\FELPE\DOCUMENTS\PROGRAMACAO\PIC\SENSOR-ROTACAO-PIC18F4550\SINAL_ROTACAO_60_2.ASM 403 : Illegal opcode (STATUS)
Warning[207] C:\USERS\FELPE\DOCUMENTS\PROGRAMACAO\PIC\SENSOR-ROTACAO-PIC18F4550\SINAL_ROTACAO_60_2.ASM 404 : Found label after column 1. (GOTO)
Error[122]   C:\USERS\FELPE\DOCUMENTS\PROGRAMACAO\PIC\SENSOR-ROTACAO-PIC18F4550\SINAL_ROTACAO_60_2.ASM 404 : Illegal opcode (L__testButton40)
Warning[207] C:\USERS\FELPE\DOCUMENTS\PROGRAMACAO\PIC\SENSOR-ROTACAO-PIC18F4550\SINAL_ROTACAO_60_2.ASM 405 : Found label after column 1. (MOVLW)
Error[108]   C:\USERS\FELPE\DOCUMENTS\PROGRAMACAO\PIC\SENSOR-ROTACAO-PIC18F4550\SINAL_ROTACAO_60_2.ASM 405 : Illegal character (0)
Warning[207] C:\USERS\FELPE\DOCUMENTS\PROGRAMACAO\PIC\SENSOR-ROTACAO-PIC18F4550\SINAL_ROTACAO_60_2.ASM 406 : Found label after column 1. (XORWF)
Error[122]   C:\USERS\FELPE\DOCUMENTS\PROGRAMACAO\PIC\SENSOR-ROTACAO-PIC18F4550\SINAL_ROTACAO_60_2.ASM 406 : Illegal opcode (_contT)
Warning[207] C:\USERS\FELPE\DOCUMENTS\PROGRAMACAO\PIC\SENSOR-ROTACAO-PIC18F4550\SINAL_ROTACAO_60_2.ASM 408 : Found label after column 1. (BTFSC)
Error[122]   C:\USERS\FELPE\DOCUMENTS\PROGRAMACAO\PIC\SENSOR-ROTACAO-PIC18F4550\SINAL_ROTACAO_60_2.ASM 408 : Illegal opcode (STATUS)
Warning[207] C:\USERS\FELPE\DOCUMENTS\PROGRAMACAO\PIC\SENSOR-ROTACAO-PIC18F4550\SINAL_ROTACAO_60_2.ASM 409 : Found label after column 1. (GOTO)
Error[122]   C:\USERS\FELPE\DOCUMENTS\PROGRAMACAO\PIC\SENSOR-ROTACAO-PIC18F4550\SINAL_ROTACAO_60_2.ASM 409 : Illegal opcode (L__testButton27)
Warning[207] C:\USERS\FELPE\DOCUMENTS\PROGRAMACAO\PIC\SENSOR-ROTACAO-PIC18F4550\SINAL_ROTACAO_60_2.ASM 410 : Found label after column 1. (MOVF)
Error[122]   C:\USERS\FELPE\DOCUMENTS\PROGRAMACAO\PIC\SENSOR-ROTACAO-PIC18F4550\SINAL_ROTACAO_60_2.ASM 410 : Illegal opcode (_contT)
Warning[207] C:\USERS\FELPE\DOCUMENTS\PROGRAMACAO\PIC\SENSOR-ROTACAO-PIC18F4550\SINAL_ROTACAO_60_2.ASM 411 : Found label after column 1. (SUBLW)
Error[108]   C:\USERS\FELPE\DOCUMENTS\PROGRAMACAO\PIC\SENSOR-ROTACAO-PIC18F4550\SINAL_ROTACAO_60_2.ASM 411 : Illegal character (2)
Warning[207] C:\USERS\FELPE\DOCUMENTS\PROGRAMACAO\PIC\SENSOR-ROTACAO-PIC18F4550\SINAL_ROTACAO_60_2.ASM 412 : Found label after column 1. (BTFSS)
Error[122]   C:\USERS\FELPE\DOCUMENTS\PROGRAMACAO\PIC\SENSOR-ROTACAO-PIC18F4550\SINAL_ROTACAO_60_2.ASM 412 : Illegal opcode (STATUS)
Warning[207] C:\USERS\FELPE\DOCUMENTS\PROGRAMACAO\PIC\SENSOR-ROTACAO-PIC18F4550\SINAL_ROTACAO_60_2.ASM 413 : Found label after column 1. (GOTO)
Error[122]   C:\USERS\FELPE\DOCUMENTS\PROGRAMACAO\PIC\SENSOR-ROTACAO-PIC18F4550\SINAL_ROTACAO_60_2.ASM 413 : Illegal opcode (L__testButton41)
Warning[207] C:\USERS\FELPE\DOCUMENTS\PROGRAMACAO\PIC\SENSOR-ROTACAO-PIC18F4550\SINAL_ROTACAO_60_2.ASM 414 : Found label after column 1. (MOVF)
Error[122]   C:\USERS\FELPE\DOCUMENTS\PROGRAMACAO\PIC\SENSOR-ROTACAO-PIC18F4550\SINAL_ROTACAO_60_2.ASM 414 : Illegal opcode (_contT)
Warning[207] C:\USERS\FELPE\DOCUMENTS\PROGRAMACAO\PIC\SENSOR-ROTACAO-PIC18F4550\SINAL_ROTACAO_60_2.ASM 415 : Found label after column 1. (SUBLW)
Error[108]   C:\USERS\FELPE\DOCUMENTS\PROGRAMACAO\PIC\SENSOR-ROTACAO-PIC18F4550\SINAL_ROTACAO_60_2.ASM 415 : Illegal character (1)
Warning[207] C:\USERS\FELPE\DOCUMENTS\PROGRAMACAO\PIC\SENSOR-ROTACAO-PIC18F4550\SINAL_ROTACAO_60_2.ASM 417 : Found label after column 1. (BTFSC)
Error[122]   C:\USERS\FELPE\DOCUMENTS\PROGRAMACAO\PIC\SENSOR-ROTACAO-PIC18F4550\SINAL_ROTACAO_60_2.ASM 417 : Illegal opcode (STATUS)
Warning[207] C:\USERS\FELPE\DOCUMENTS\PROGRAMACAO\PIC\SENSOR-ROTACAO-PIC18F4550\SINAL_ROTACAO_60_2.ASM 418 : Found label after column 1. (GOTO)
Error[122]   C:\USERS\FELPE\DOCUMENTS\PROGRAMACAO\PIC\SENSOR-ROTACAO-PIC18F4550\SINAL_ROTACAO_60_2.ASM 418 : Illegal opcode (L__testButton27)
Warning[207] C:\USERS\FELPE\DOCUMENTS\PROGRAMACAO\PIC\SENSOR-ROTACAO-PIC18F4550\SINAL_ROTACAO_60_2.ASM 419 : Found label after column 1. (GOTO)
Error[122]   C:\USERS\FELPE\DOCUMENTS\PROGRAMACAO\PIC\SENSOR-ROTACAO-PIC18F4550\SINAL_ROTACAO_60_2.ASM 419 : Illegal opcode (L_testButton25)
Warning[207] C:\USERS\FELPE\DOCUMENTS\PROGRAMACAO\PIC\SENSOR-ROTACAO-PIC18F4550\SINAL_ROTACAO_60_2.ASM 421 : Found label after column 1. (CLRF)
Error[122]   C:\USERS\FELPE\DOCUMENTS\PROGRAMACAO\PIC\SENSOR-ROTACAO-PIC18F4550\SINAL_ROTACAO_60_2.ASM 421 : Illegal opcode (_contT)
Warning[207] C:\USERS\FELPE\DOCUMENTS\PROGRAMACAO\PIC\SENSOR-ROTACAO-PIC18F4550\SINAL_ROTACAO_60_2.ASM 422 : Found label after column 1. (CLRF)
Error[122]   C:\USERS\FELPE\DOCUMENTS\PROGRAMACAO\PIC\SENSOR-ROTACAO-PIC18F4550\SINAL_ROTACAO_60_2.ASM 422 : Illegal opcode (_contT)
Warning[207] C:\USERS\FELPE\DOCUMENTS\PROGRAMACAO\PIC\SENSOR-ROTACAO-PIC18F4550\SINAL_ROTACAO_60_2.ASM 423 : Found label after column 1. (GOTO)
Error[122]   C:\USERS\FELPE\DOCUMENTS\PROGRAMACAO\PIC\SENSOR-ROTACAO-PIC18F4550\SINAL_ROTACAO_60_2.ASM 423 : Illegal opcode (L_testButton26)
Warning[207] C:\USERS\FELPE\DOCUMENTS\PROGRAMACAO\PIC\SENSOR-ROTACAO-PIC18F4550\SINAL_ROTACAO_60_2.ASM 426 : Found label after column 1. (MOVLW)
Error[108]   C:\USERS\FELPE\DOCUMENTS\PROGRAMACAO\PIC\SENSOR-ROTACAO-PIC18F4550\SINAL_ROTACAO_60_2.ASM 426 : Illegal character (1)
Warning[207] C:\USERS\FELPE\DOCUMENTS\PROGRAMACAO\PIC\SENSOR-ROTACAO-PIC18F4550\SINAL_ROTACAO_60_2.ASM 427 : Found label after column 1. (SUBWF)
Error[122]   C:\USERS\FELPE\DOCUMENTS\PROGRAMACAO\PIC\SENSOR-ROTACAO-PIC18F4550\SINAL_ROTACAO_60_2.ASM 427 : Illegal opcode (_contT)
Warning[207] C:\USERS\FELPE\DOCUMENTS\PROGRAMACAO\PIC\SENSOR-ROTACAO-PIC18F4550\SINAL_ROTACAO_60_2.ASM 428 : Found label after column 1. (MOVLW)
Error[108]   C:\USERS\FELPE\DOCUMENTS\PROGRAMACAO\PIC\SENSOR-ROTACAO-PIC18F4550\SINAL_ROTACAO_60_2.ASM 428 : Illegal character (2)
Warning[207] C:\USERS\FELPE\DOCUMENTS\PROGRAMACAO\PIC\SENSOR-ROTACAO-PIC18F4550\SINAL_ROTACAO_60_2.ASM 429 : Found label after column 1. (SUBWFB)
Error[122]   C:\USERS\FELPE\DOCUMENTS\PROGRAMACAO\PIC\SENSOR-ROTACAO-PIC18F4550\SINAL_ROTACAO_60_2.ASM 429 : Illegal opcode (_contT)
Warning[207] C:\USERS\FELPE\DOCUMENTS\PROGRAMACAO\PIC\SENSOR-ROTACAO-PIC18F4550\SINAL_ROTACAO_60_2.ASM 432 : Found label after column 1. (BTG)
Error[122]   C:\USERS\FELPE\DOCUMENTS\PROGRAMACAO\PIC\SENSOR-ROTACAO-PIC18F4550\SINAL_ROTACAO_60_2.ASM 432 : Illegal opcode (RB0_bit)
Warning[207] C:\USERS\FELPE\DOCUMENTS\PROGRAMACAO\PIC\SENSOR-ROTACAO-PIC18F4550\SINAL_ROTACAO_60_2.ASM 437 : Found label after column 1. (RETURN)
Error[108]   C:\USERS\FELPE\DOCUMENTS\PROGRAMACAO\PIC\SENSOR-ROTACAO-PIC18F4550\SINAL_ROTACAO_60_2.ASM 437 : Illegal character (0)
Error[129]   C:\USERS\FELPE\DOCUMENTS\PROGRAMACAO\PIC\SENSOR-ROTACAO-PIC18F4550\SINAL_ROTACAO_60_2.ASM 439 : Expected (END)
Error[131]   C:\USERS\FELPE\DOCUMENTS\PROGRAMACAO\PIC\SENSOR-ROTACAO-PIC18F4550\SINAL_ROTACAO_60_2.ASM 439 : Processor type is undefined
